WARNING - 2023-09-24 02:02:00 --> [DEPRECATED] Creation of dynamic property App\Controllers\Signin::$Bill_summary is deprecated in APPPATH\Controllers\App_Controller.php on line 109.
 1 APPPATH\Controllers\Signin.php(10): App\Controllers\App_Controller->__construct()
 2 SYSTEMPATH\CodeIgniter.php(904): App\Controllers\Signin->__construct()
 3 SYSTEMPATH\CodeIgniter.php(488): CodeIgniter\CodeIgniter->createController()
 4 SYSTEMPATH\CodeIgniter.php(366): CodeIgniter\CodeIgniter->handleRequest(null, Object(Config\Cache), false)
 5 FCPATH\index.php(80): CodeIgniter\CodeIgniter->run()
WARNING - 2023-09-24 02:25:24 --> [DEPRECATED] Creation of dynamic property App\Controllers\Signin::$Bill_summary is deprecated in APPPATH\Controllers\App_Controller.php on line 109.
 1 APPPATH\Controllers\Signin.php(10): App\Controllers\App_Controller->__construct()
 2 SYSTEMPATH\CodeIgniter.php(904): App\Controllers\Signin->__construct()
 3 SYSTEMPATH\CodeIgniter.php(488): CodeIgniter\CodeIgniter->createController()
 4 SYSTEMPATH\CodeIgniter.php(366): CodeIgniter\CodeIgniter->handleRequest(null, Object(Config\Cache), false)
 5 FCPATH\index.php(80): CodeIgniter\CodeIgniter->run()
WARNING - 2023-09-24 02:25:30 --> [DEPRECATED] Creation of dynamic property App\Controllers\Projects::$Bill_summary is deprecated in APPPATH\Controllers\App_Controller.php on line 109.
 1 APPPATH\Controllers\Security_Controller.php(17): App\Controllers\App_Controller->__construct()
 2 APPPATH\Controllers\Projects.php(15): App\Controllers\Security_Controller->__construct()
 3 SYSTEMPATH\CodeIgniter.php(904): App\Controllers\Projects->__construct()
 4 SYSTEMPATH\CodeIgniter.php(488): CodeIgniter\CodeIgniter->createController()
 5 SYSTEMPATH\CodeIgniter.php(366): CodeIgniter\CodeIgniter->handleRequest(null, Object(Config\Cache), false)
 6 FCPATH\index.php(80): CodeIgniter\CodeIgniter->run()
WARNING - 2023-09-24 02:25:33 --> [DEPRECATED] Creation of dynamic property App\Controllers\Security_Controller::$Bill_summary is deprecated in APPPATH\Controllers\App_Controller.php on line 109.
 1 APPPATH\Controllers\Security_Controller.php(17): App\Controllers\App_Controller->__construct()
 2 APPPATH\Libraries\Template.php(32): App\Controllers\Security_Controller->__construct(false)
 3 APPPATH\Controllers\Projects.php(1123): App\Libraries\Template->view('projects/overview_for_client', [...])
 4 APPPATH\Controllers\Projects.php(967): App\Controllers\Projects->overview_for_client('6')
 5 SYSTEMPATH\CodeIgniter.php(932): App\Controllers\Projects->view('6')
 6 SYSTEMPATH\CodeIgniter.php(497): CodeIgniter\CodeIgniter->runController(Object(App\Controllers\Projects))
 7 SYSTEMPATH\CodeIgniter.php(366): CodeIgniter\CodeIgniter->handleRequest(null, Object(Config\Cache), false)
 8 FCPATH\index.php(80): CodeIgniter\CodeIgniter->run()
WARNING - 2023-09-24 02:25:35 --> [DEPRECATED] Creation of dynamic property App\Controllers\Security_Controller::$Bill_summary is deprecated in APPPATH\Controllers\App_Controller.php on line 109.
 1 APPPATH\Controllers\Security_Controller.php(17): App\Controllers\App_Controller->__construct()
 2 APPPATH\Helpers\widget_helper.php(30): App\Controllers\Security_Controller->__construct(false)
 3 APPPATH\Views\projects\history\index.php(9): activity_logs_widget([...])
 4 SYSTEMPATH\View\View.php(224): include('C:\\xampp\\htdocs\\pajero\\app\\Views\\projects\\history\\index.php')
 5 SYSTEMPATH\View\View.php(227): CodeIgniter\View\View->CodeIgniter\View\{closure}()
 6 SYSTEMPATH\Common.php(1180): CodeIgniter\View\View->render('projects/history/index', [], true)
 7 APPPATH\Views\projects\overview_for_client.php(50): view('projects/history/index')
 8 SYSTEMPATH\View\View.php(224): include('C:\\xampp\\htdocs\\pajero\\app\\Views\\projects\\overview_for_client.php')
 9 SYSTEMPATH\View\View.php(227): CodeIgniter\View\View->CodeIgniter\View\{closure}()
10 SYSTEMPATH\Common.php(1180): CodeIgniter\View\View->render('projects/overview_for_client', [], true)
11 APPPATH\Libraries\Template.php(38): view('projects/overview_for_client', [...])
12 APPPATH\Controllers\Projects.php(1123): App\Libraries\Template->view('projects/overview_for_client', [...])
13 APPPATH\Controllers\Projects.php(967): App\Controllers\Projects->overview_for_client('6')
14 SYSTEMPATH\CodeIgniter.php(932): App\Controllers\Projects->view('6')
15 SYSTEMPATH\CodeIgniter.php(497): CodeIgniter\CodeIgniter->runController(Object(App\Controllers\Projects))
16 SYSTEMPATH\CodeIgniter.php(366): CodeIgniter\CodeIgniter->handleRequest(null, Object(Config\Cache), false)
17 FCPATH\index.php(80): CodeIgniter\CodeIgniter->run()
WARNING - 2023-09-24 02:25:36 --> [DEPRECATED] Creation of dynamic property App\Controllers\Security_Controller::$Bill_summary is deprecated in APPPATH\Controllers\App_Controller.php on line 109.
 1 APPPATH\Controllers\Security_Controller.php(17): App\Controllers\App_Controller->__construct()
 2 APPPATH\Libraries\Left_menu.php(12): App\Controllers\Security_Controller->__construct(false)
 3 APPPATH\Libraries\Template.php(16): App\Libraries\Left_menu->__construct()
 4 APPPATH\Controllers\Projects.php(969): App\Libraries\Template->rander('projects/details_view', [...])
 5 SYSTEMPATH\CodeIgniter.php(932): App\Controllers\Projects->view('6')
 6 SYSTEMPATH\CodeIgniter.php(497): CodeIgniter\CodeIgniter->runController(Object(App\Controllers\Projects))
 7 SYSTEMPATH\CodeIgniter.php(366): CodeIgniter\CodeIgniter->handleRequest(null, Object(Config\Cache), false)
 8 FCPATH\index.php(80): CodeIgniter\CodeIgniter->run()
WARNING - 2023-09-24 02:25:36 --> [DEPRECATED] Creation of dynamic property App\Controllers\Security_Controller::$Bill_summary is deprecated in APPPATH\Controllers\App_Controller.php on line 109.
 1 APPPATH\Controllers\Security_Controller.php(17): App\Controllers\App_Controller->__construct()
 2 APPPATH\Libraries\Template.php(32): App\Controllers\Security_Controller->__construct(false)
 3 APPPATH\Libraries\Template.php(22): App\Libraries\Template->view('layout/index', [...])
 4 APPPATH\Controllers\Projects.php(969): App\Libraries\Template->rander('projects/details_view', [...])
 5 SYSTEMPATH\CodeIgniter.php(932): App\Controllers\Projects->view('6')
 6 SYSTEMPATH\CodeIgniter.php(497): CodeIgniter\CodeIgniter->runController(Object(App\Controllers\Projects))
 7 SYSTEMPATH\CodeIgniter.php(366): CodeIgniter\CodeIgniter->handleRequest(null, Object(Config\Cache), false)
 8 FCPATH\index.php(80): CodeIgniter\CodeIgniter->run()
WARNING - 2023-09-24 02:25:39 --> [DEPRECATED] Creation of dynamic property App\Controllers\Security_Controller::$Bill_summary is deprecated in APPPATH\Controllers\App_Controller.php on line 109.
 1 APPPATH\Controllers\Security_Controller.php(17): App\Controllers\App_Controller->__construct()
 2 APPPATH\Helpers\widget_helper.php(288): App\Controllers\Security_Controller->__construct(false)
 3 APPPATH\Views\includes\topbar.php(34): has_my_open_timers()
 4 SYSTEMPATH\View\View.php(224): include('C:\\xampp\\htdocs\\pajero\\app\\Views\\includes\\topbar.php')
 5 SYSTEMPATH\View\View.php(227): CodeIgniter\View\View->CodeIgniter\View\{closure}()
 6 SYSTEMPATH\Common.php(1180): CodeIgniter\View\View->render('includes/topbar', [], true)
 7 APPPATH\Views\layout\index.php(17): view('includes/topbar')
 8 SYSTEMPATH\View\View.php(224): include('C:\\xampp\\htdocs\\pajero\\app\\Views\\layout\\index.php')
 9 SYSTEMPATH\View\View.php(227): CodeIgniter\View\View->CodeIgniter\View\{closure}()
10 SYSTEMPATH\Common.php(1180): CodeIgniter\View\View->render('layout/index', [], true)
11 APPPATH\Libraries\Template.php(38): view('layout/index', [...])
12 APPPATH\Libraries\Template.php(22): App\Libraries\Template->view('layout/index', [...])
13 APPPATH\Controllers\Projects.php(969): App\Libraries\Template->rander('projects/details_view', [...])
14 SYSTEMPATH\CodeIgniter.php(932): App\Controllers\Projects->view('6')
15 SYSTEMPATH\CodeIgniter.php(497): CodeIgniter\CodeIgniter->runController(Object(App\Controllers\Projects))
16 SYSTEMPATH\CodeIgniter.php(366): CodeIgniter\CodeIgniter->handleRequest(null, Object(Config\Cache), false)
17 FCPATH\index.php(80): CodeIgniter\CodeIgniter->run()
WARNING - 2023-09-24 02:25:39 --> [DEPRECATED] Creation of dynamic property App\Controllers\Security_Controller::$Bill_summary is deprecated in APPPATH\Controllers\App_Controller.php on line 109.
 1 APPPATH\Controllers\Security_Controller.php(17): App\Controllers\App_Controller->__construct()
 2 APPPATH\Helpers\general_helper.php(2456): App\Controllers\Security_Controller->__construct()
 3 APPPATH\Views\includes\topbar.php(95): can_access_reminders_module()
 4 SYSTEMPATH\View\View.php(224): include('C:\\xampp\\htdocs\\pajero\\app\\Views\\includes\\topbar.php')
 5 SYSTEMPATH\View\View.php(227): CodeIgniter\View\View->CodeIgniter\View\{closure}()
 6 SYSTEMPATH\Common.php(1180): CodeIgniter\View\View->render('includes/topbar', [], true)
 7 APPPATH\Views\layout\index.php(17): view('includes/topbar')
 8 SYSTEMPATH\View\View.php(224): include('C:\\xampp\\htdocs\\pajero\\app\\Views\\layout\\index.php')
 9 SYSTEMPATH\View\View.php(227): CodeIgniter\View\View->CodeIgniter\View\{closure}()
10 SYSTEMPATH\Common.php(1180): CodeIgniter\View\View->render('layout/index', [], true)
11 APPPATH\Libraries\Template.php(38): view('layout/index', [...])
12 APPPATH\Libraries\Template.php(22): App\Libraries\Template->view('layout/index', [...])
13 APPPATH\Controllers\Projects.php(969): App\Libraries\Template->rander('projects/details_view', [...])
14 SYSTEMPATH\CodeIgniter.php(932): App\Controllers\Projects->view('6')
15 SYSTEMPATH\CodeIgniter.php(497): CodeIgniter\CodeIgniter->runController(Object(App\Controllers\Projects))
16 SYSTEMPATH\CodeIgniter.php(366): CodeIgniter\CodeIgniter->handleRequest(null, Object(Config\Cache), false)
17 FCPATH\index.php(80): CodeIgniter\CodeIgniter->run()
WARNING - 2023-09-24 02:25:39 --> [DEPRECATED] Creation of dynamic property App\Controllers\Security_Controller::$Bill_summary is deprecated in APPPATH\Controllers\App_Controller.php on line 109.
 1 APPPATH\Controllers\Security_Controller.php(17): App\Controllers\App_Controller->__construct()
 2 APPPATH\Helpers\widget_helper.php(1474): App\Controllers\Security_Controller->__construct()
 3 APPPATH\Views\includes\topbar.php(99): reminders_widget()
 4 SYSTEMPATH\View\View.php(224): include('C:\\xampp\\htdocs\\pajero\\app\\Views\\includes\\topbar.php')
 5 SYSTEMPATH\View\View.php(227): CodeIgniter\View\View->CodeIgniter\View\{closure}()
 6 SYSTEMPATH\Common.php(1180): CodeIgniter\View\View->render('includes/topbar', [], true)
 7 APPPATH\Views\layout\index.php(17): view('includes/topbar')
 8 SYSTEMPATH\View\View.php(224): include('C:\\xampp\\htdocs\\pajero\\app\\Views\\layout\\index.php')
 9 SYSTEMPATH\View\View.php(227): CodeIgniter\View\View->CodeIgniter\View\{closure}()
10 SYSTEMPATH\Common.php(1180): CodeIgniter\View\View->render('layout/index', [], true)
11 APPPATH\Libraries\Template.php(38): view('layout/index', [...])
12 APPPATH\Libraries\Template.php(22): App\Libraries\Template->view('layout/index', [...])
13 APPPATH\Controllers\Projects.php(969): App\Libraries\Template->rander('projects/details_view', [...])
14 SYSTEMPATH\CodeIgniter.php(932): App\Controllers\Projects->view('6')
15 SYSTEMPATH\CodeIgniter.php(497): CodeIgniter\CodeIgniter->runController(Object(App\Controllers\Projects))
16 SYSTEMPATH\CodeIgniter.php(366): CodeIgniter\CodeIgniter->handleRequest(null, Object(Config\Cache), false)
17 FCPATH\index.php(80): CodeIgniter\CodeIgniter->run()
WARNING - 2023-09-24 02:25:40 --> [DEPRECATED] Creation of dynamic property App\Controllers\Security_Controller::$Bill_summary is deprecated in APPPATH\Controllers\App_Controller.php on line 109.
 1 APPPATH\Controllers\Security_Controller.php(17): App\Controllers\App_Controller->__construct()
 2 APPPATH\Helpers\general_helper.php(1739): App\Controllers\Security_Controller->__construct(false)
 3 APPPATH\Views\includes\topbar.php(116): can_access_messages_module()
 4 SYSTEMPATH\View\View.php(224): include('C:\\xampp\\htdocs\\pajero\\app\\Views\\includes\\topbar.php')
 5 SYSTEMPATH\View\View.php(227): CodeIgniter\View\View->CodeIgniter\View\{closure}()
 6 SYSTEMPATH\Common.php(1180): CodeIgniter\View\View->render('includes/topbar', [], true)
 7 APPPATH\Views\layout\index.php(17): view('includes/topbar')
 8 SYSTEMPATH\View\View.php(224): include('C:\\xampp\\htdocs\\pajero\\app\\Views\\layout\\index.php')
 9 SYSTEMPATH\View\View.php(227): CodeIgniter\View\View->CodeIgniter\View\{closure}()
10 SYSTEMPATH\Common.php(1180): CodeIgniter\View\View->render('layout/index', [], true)
11 APPPATH\Libraries\Template.php(38): view('layout/index', [...])
12 APPPATH\Libraries\Template.php(22): App\Libraries\Template->view('layout/index', [...])
13 APPPATH\Controllers\Projects.php(969): App\Libraries\Template->rander('projects/details_view', [...])
14 SYSTEMPATH\CodeIgniter.php(932): App\Controllers\Projects->view('6')
15 SYSTEMPATH\CodeIgniter.php(497): CodeIgniter\CodeIgniter->runController(Object(App\Controllers\Projects))
16 SYSTEMPATH\CodeIgniter.php(366): CodeIgniter\CodeIgniter->handleRequest(null, Object(Config\Cache), false)
17 FCPATH\index.php(80): CodeIgniter\CodeIgniter->run()
WARNING - 2023-09-24 02:25:41 --> [DEPRECATED] Creation of dynamic property App\Controllers\Security_Controller::$Bill_summary is deprecated in APPPATH\Controllers\App_Controller.php on line 109.
 1 APPPATH\Controllers\Security_Controller.php(17): App\Controllers\App_Controller->__construct()
 2 APPPATH\Helpers\general_helper.php(1739): App\Controllers\Security_Controller->__construct(false)
 3 APPPATH\Views\messages\chat\index.php(4): can_access_messages_module()
 4 SYSTEMPATH\View\View.php(224): include('C:\\xampp\\htdocs\\pajero\\app\\Views\\messages\\chat\\index.php')
 5 SYSTEMPATH\View\View.php(227): CodeIgniter\View\View->CodeIgniter\View\{closure}()
 6 SYSTEMPATH\Common.php(1180): CodeIgniter\View\View->render('messages/chat/index.php', [], true)
 7 APPPATH\Views\layout\index.php(25): view('messages/chat/index.php')
 8 SYSTEMPATH\View\View.php(224): include('C:\\xampp\\htdocs\\pajero\\app\\Views\\layout\\index.php')
 9 SYSTEMPATH\View\View.php(227): CodeIgniter\View\View->CodeIgniter\View\{closure}()
10 SYSTEMPATH\Common.php(1180): CodeIgniter\View\View->render('layout/index', [], true)
11 APPPATH\Libraries\Template.php(38): view('layout/index', [...])
12 APPPATH\Libraries\Template.php(22): App\Libraries\Template->view('layout/index', [...])
13 APPPATH\Controllers\Projects.php(969): App\Libraries\Template->rander('projects/details_view', [...])
14 SYSTEMPATH\CodeIgniter.php(932): App\Controllers\Projects->view('6')
15 SYSTEMPATH\CodeIgniter.php(497): CodeIgniter\CodeIgniter->runController(Object(App\Controllers\Projects))
16 SYSTEMPATH\CodeIgniter.php(366): CodeIgniter\CodeIgniter->handleRequest(null, Object(Config\Cache), false)
17 FCPATH\index.php(80): CodeIgniter\CodeIgniter->run()
WARNING - 2023-09-24 02:25:41 --> [DEPRECATED] Creation of dynamic property App\Controllers\Security_Controller::$Bill_summary is deprecated in APPPATH\Controllers\App_Controller.php on line 109.
 1 APPPATH\Controllers\Security_Controller.php(17): App\Controllers\App_Controller->__construct()
 2 APPPATH\Helpers\general_helper.php(2456): App\Controllers\Security_Controller->__construct()
 3 APPPATH\Views\projects\project_title_buttons.php(2): can_access_reminders_module()
 4 SYSTEMPATH\View\View.php(224): include('C:\\xampp\\htdocs\\pajero\\app\\Views\\projects\\project_title_buttons.php')
 5 SYSTEMPATH\View\View.php(227): CodeIgniter\View\View->CodeIgniter\View\{closure}()
 6 SYSTEMPATH\Common.php(1180): CodeIgniter\View\View->render('projects/project_title_buttons', [], true)
 7 APPPATH\Views\projects\details_view.php(64): view('projects/project_title_buttons')
 8 SYSTEMPATH\View\View.php(224): include('C:\\xampp\\htdocs\\pajero\\app\\Views\\projects\\details_view.php')
 9 SYSTEMPATH\View\View.php(227): CodeIgniter\View\View->CodeIgniter\View\{closure}()
10 SYSTEMPATH\Common.php(1180): CodeIgniter\View\View->render('projects/details_view', [], true)
11 APPPATH\Views\layout\index.php(59): view('projects/details_view')
12 SYSTEMPATH\View\View.php(224): include('C:\\xampp\\htdocs\\pajero\\app\\Views\\layout\\index.php')
13 SYSTEMPATH\View\View.php(227): CodeIgniter\View\View->CodeIgniter\View\{closure}()
14 SYSTEMPATH\Common.php(1180): CodeIgniter\View\View->render('layout/index', [], true)
15 APPPATH\Libraries\Template.php(38): view('layout/index', [...])
16 APPPATH\Libraries\Template.php(22): App\Libraries\Template->view('layout/index', [...])
17 APPPATH\Controllers\Projects.php(969): App\Libraries\Template->rander('projects/details_view', [...])
18 SYSTEMPATH\CodeIgniter.php(932): App\Controllers\Projects->view('6')
19 SYSTEMPATH\CodeIgniter.php(497): CodeIgniter\CodeIgniter->runController(Object(App\Controllers\Projects))
20 SYSTEMPATH\CodeIgniter.php(366): CodeIgniter\CodeIgniter->handleRequest(null, Object(Config\Cache), false)
21 FCPATH\index.php(80): CodeIgniter\CodeIgniter->run()
WARNING - 2023-09-24 02:25:41 --> [DEPRECATED] Creation of dynamic property App\Controllers\Security_Controller::$Bill_summary is deprecated in APPPATH\Controllers\App_Controller.php on line 109.
 1 APPPATH\Controllers\Security_Controller.php(17): App\Controllers\App_Controller->__construct()
 2 APPPATH\Helpers\widget_helper.php(30): App\Controllers\Security_Controller->__construct(false)
 3 APPPATH\Views\projects\history\index.php(9): activity_logs_widget([...])
 4 SYSTEMPATH\View\View.php(224): include('C:\\xampp\\htdocs\\pajero\\app\\Views\\projects\\history\\index.php')
 5 SYSTEMPATH\View\View.php(227): CodeIgniter\View\View->CodeIgniter\View\{closure}()
 6 SYSTEMPATH\Common.php(1180): CodeIgniter\View\View->render('projects/history/index', [], true)
 7 APPPATH\Views\projects\overview_for_client.php(50): view('projects/history/index')
 8 SYSTEMPATH\View\View.php(224): include('C:\\xampp\\htdocs\\pajero\\app\\Views\\projects\\overview_for_client.php')
 9 SYSTEMPATH\View\View.php(227): CodeIgniter\View\View->CodeIgniter\View\{closure}()
10 SYSTEMPATH\Common.php(1180): CodeIgniter\View\View->render('projects/overview_for_client', [], true)
11 APPPATH\Views\projects\details_view.php(91): view('projects/overview_for_client')
12 SYSTEMPATH\View\View.php(224): include('C:\\xampp\\htdocs\\pajero\\app\\Views\\projects\\details_view.php')
13 SYSTEMPATH\View\View.php(227): CodeIgniter\View\View->CodeIgniter\View\{closure}()
14 SYSTEMPATH\Common.php(1180): CodeIgniter\View\View->render('projects/details_view', [], true)
15 APPPATH\Views\layout\index.php(59): view('projects/details_view')
16 SYSTEMPATH\View\View.php(224): include('C:\\xampp\\htdocs\\pajero\\app\\Views\\layout\\index.php')
17 SYSTEMPATH\View\View.php(227): CodeIgniter\View\View->CodeIgniter\View\{closure}()
18 SYSTEMPATH\Common.php(1180): CodeIgniter\View\View->render('layout/index', [], true)
19 APPPATH\Libraries\Template.php(38): view('layout/index', [...])
20 APPPATH\Libraries\Template.php(22): App\Libraries\Template->view('layout/index', [...])
21 APPPATH\Controllers\Projects.php(969): App\Libraries\Template->rander('projects/details_view', [...])
22 SYSTEMPATH\CodeIgniter.php(932): App\Controllers\Projects->view('6')
23 SYSTEMPATH\CodeIgniter.php(497): CodeIgniter\CodeIgniter->runController(Object(App\Controllers\Projects))
24 SYSTEMPATH\CodeIgniter.php(366): CodeIgniter\CodeIgniter->handleRequest(null, Object(Config\Cache), false)
25 FCPATH\index.php(80): CodeIgniter\CodeIgniter->run()
WARNING - 2023-09-24 02:25:41 --> [DEPRECATED] Creation of dynamic property App\Controllers\Security_Controller::$Bill_summary is deprecated in APPPATH\Controllers\App_Controller.php on line 109.
 1 APPPATH\Controllers\Security_Controller.php(17): App\Controllers\App_Controller->__construct()
 2 APPPATH\Helpers\general_helper.php(2456): App\Controllers\Security_Controller->__construct()
 3 APPPATH\Views\projects\project_title_buttons.php(2): can_access_reminders_module()
 4 SYSTEMPATH\View\View.php(224): include('C:\\xampp\\htdocs\\pajero\\app\\Views\\projects\\project_title_buttons.php')
 5 SYSTEMPATH\View\View.php(227): CodeIgniter\View\View->CodeIgniter\View\{closure}()
 6 SYSTEMPATH\Common.php(1180): CodeIgniter\View\View->render('projects/project_title_buttons', [], true)
 7 APPPATH\Views\projects\details_view.php(189): view('projects/project_title_buttons')
 8 SYSTEMPATH\View\View.php(224): include('C:\\xampp\\htdocs\\pajero\\app\\Views\\projects\\details_view.php')
 9 SYSTEMPATH\View\View.php(227): CodeIgniter\View\View->CodeIgniter\View\{closure}()
10 SYSTEMPATH\Common.php(1180): CodeIgniter\View\View->render('projects/details_view', [], true)
11 APPPATH\Views\layout\index.php(59): view('projects/details_view')
12 SYSTEMPATH\View\View.php(224): include('C:\\xampp\\htdocs\\pajero\\app\\Views\\layout\\index.php')
13 SYSTEMPATH\View\View.php(227): CodeIgniter\View\View->CodeIgniter\View\{closure}()
14 SYSTEMPATH\Common.php(1180): CodeIgniter\View\View->render('layout/index', [], true)
15 APPPATH\Libraries\Template.php(38): view('layout/index', [...])
16 APPPATH\Libraries\Template.php(22): App\Libraries\Template->view('layout/index', [...])
17 APPPATH\Controllers\Projects.php(969): App\Libraries\Template->rander('projects/details_view', [...])
18 SYSTEMPATH\CodeIgniter.php(932): App\Controllers\Projects->view('6')
19 SYSTEMPATH\CodeIgniter.php(497): CodeIgniter\CodeIgniter->runController(Object(App\Controllers\Projects))
20 SYSTEMPATH\CodeIgniter.php(366): CodeIgniter\CodeIgniter->handleRequest(null, Object(Config\Cache), false)
21 FCPATH\index.php(80): CodeIgniter\CodeIgniter->run()
WARNING - 2023-09-24 02:25:45 --> [DEPRECATED] Creation of dynamic property App\Controllers\Events::$Bill_summary is deprecated in APPPATH\Controllers\App_Controller.php on line 109.
 1 APPPATH\Controllers\Security_Controller.php(17): App\Controllers\App_Controller->__construct()
 2 APPPATH\Controllers\Events.php(12): App\Controllers\Security_Controller->__construct()
 3 SYSTEMPATH\CodeIgniter.php(904): App\Controllers\Events->__construct()
 4 SYSTEMPATH\CodeIgniter.php(488): CodeIgniter\CodeIgniter->createController()
 5 SYSTEMPATH\CodeIgniter.php(366): CodeIgniter\CodeIgniter->handleRequest(null, Object(Config\Cache), false)
 6 FCPATH\index.php(80): CodeIgniter\CodeIgniter->run()
WARNING - 2023-09-24 02:25:46 --> [DEPRECATED] Creation of dynamic property App\Controllers\App_Controller::$Bill_summary is deprecated in APPPATH\Controllers\App_Controller.php on line 109.
 1 APPPATH\Libraries\Google_calendar_events.php(12): App\Controllers\App_Controller->__construct()
 2 APPPATH\Controllers\Events.php(13): App\Libraries\Google_calendar_events->__construct()
 3 SYSTEMPATH\CodeIgniter.php(904): App\Controllers\Events->__construct()
 4 SYSTEMPATH\CodeIgniter.php(488): CodeIgniter\CodeIgniter->createController()
 5 SYSTEMPATH\CodeIgniter.php(366): CodeIgniter\CodeIgniter->handleRequest(null, Object(Config\Cache), false)
 6 FCPATH\index.php(80): CodeIgniter\CodeIgniter->run()
WARNING - 2023-09-24 02:25:46 --> [DEPRECATED] Creation of dynamic property App\Controllers\Notifications::$Bill_summary is deprecated in APPPATH\Controllers\App_Controller.php on line 109.
 1 APPPATH\Controllers\Security_Controller.php(17): App\Controllers\App_Controller->__construct()
 2 APPPATH\Controllers\Notifications.php(8): App\Controllers\Security_Controller->__construct()
 3 SYSTEMPATH\CodeIgniter.php(904): App\Controllers\Notifications->__construct()
 4 SYSTEMPATH\CodeIgniter.php(488): CodeIgniter\CodeIgniter->createController()
 5 SYSTEMPATH\CodeIgniter.php(366): CodeIgniter\CodeIgniter->handleRequest(null, Object(Config\Cache), false)
 6 FCPATH\index.php(80): CodeIgniter\CodeIgniter->run()
WARNING - 2023-09-24 02:25:51 --> [DEPRECATED] Creation of dynamic property App\Controllers\Bills::$Bill_summary is deprecated in APPPATH\Controllers\App_Controller.php on line 109.
 1 APPPATH\Controllers\Security_Controller.php(17): App\Controllers\App_Controller->__construct()
 2 APPPATH\Controllers\Bills.php(8): App\Controllers\Security_Controller->__construct()
 3 SYSTEMPATH\CodeIgniter.php(904): App\Controllers\Bills->__construct()
 4 SYSTEMPATH\CodeIgniter.php(488): CodeIgniter\CodeIgniter->createController()
 5 SYSTEMPATH\CodeIgniter.php(366): CodeIgniter\CodeIgniter->handleRequest(null, Object(Config\Cache), false)
 6 FCPATH\index.php(80): CodeIgniter\CodeIgniter->run()
WARNING - 2023-09-24 02:25:51 --> [DEPRECATED] Creation of dynamic property App\Controllers\Messages::$Bill_summary is deprecated in APPPATH\Controllers\App_Controller.php on line 109.
 1 APPPATH\Controllers\Security_Controller.php(17): App\Controllers\App_Controller->__construct()
 2 APPPATH\Controllers\Messages.php(8): App\Controllers\Security_Controller->__construct()
 3 SYSTEMPATH\CodeIgniter.php(904): App\Controllers\Messages->__construct()
 4 SYSTEMPATH\CodeIgniter.php(488): CodeIgniter\CodeIgniter->createController()
 5 SYSTEMPATH\CodeIgniter.php(366): CodeIgniter\CodeIgniter->handleRequest(null, Object(Config\Cache), false)
 6 FCPATH\index.php(80): CodeIgniter\CodeIgniter->run()
WARNING - 2023-09-24 02:26:10 --> [DEPRECATED] Creation of dynamic property App\Controllers\Messages::$Bill_summary is deprecated in APPPATH\Controllers\App_Controller.php on line 109.
 1 APPPATH\Controllers\Security_Controller.php(17): App\Controllers\App_Controller->__construct()
 2 APPPATH\Controllers\Messages.php(8): App\Controllers\Security_Controller->__construct()
 3 SYSTEMPATH\CodeIgniter.php(904): App\Controllers\Messages->__construct()
 4 SYSTEMPATH\CodeIgniter.php(488): CodeIgniter\CodeIgniter->createController()
 5 SYSTEMPATH\CodeIgniter.php(366): CodeIgniter\CodeIgniter->handleRequest(null, Object(Config\Cache), false)
 6 FCPATH\index.php(80): CodeIgniter\CodeIgniter->run()
WARNING - 2023-09-24 02:26:11 --> [DEPRECATED] Creation of dynamic property App\Controllers\Measurements::$Bill_summary is deprecated in APPPATH\Controllers\App_Controller.php on line 109.
 1 APPPATH\Controllers\Security_Controller.php(17): App\Controllers\App_Controller->__construct()
 2 APPPATH\Controllers\Measurements.php(8): App\Controllers\Security_Controller->__construct()
 3 SYSTEMPATH\CodeIgniter.php(904): App\Controllers\Measurements->__construct()
 4 SYSTEMPATH\CodeIgniter.php(488): CodeIgniter\CodeIgniter->createController()
 5 SYSTEMPATH\CodeIgniter.php(366): CodeIgniter\CodeIgniter->handleRequest(null, Object(Config\Cache), false)
 6 FCPATH\index.php(80): CodeIgniter\CodeIgniter->run()
ERROR - 2023-09-24 02:26:12 --> mysqli_sql_exception: Table 'pajero.costmi_measurement_library' doesn't exist in C:\xampp\htdocs\pajero\system\Database\MySQLi\Connection.php:295
Stack trace:
#0 C:\xampp\htdocs\pajero\system\Database\MySQLi\Connection.php(295): mysqli->query('SELECT *\nFROM `...', 0)
#1 C:\xampp\htdocs\pajero\system\Database\BaseConnection.php(692): CodeIgniter\Database\MySQLi\Connection->execute('SELECT *\nFROM `...')
#2 C:\xampp\htdocs\pajero\system\Database\BaseConnection.php(606): CodeIgniter\Database\BaseConnection->simpleQuery('SELECT *\nFROM `...')
#3 C:\xampp\htdocs\pajero\system\Database\BaseBuilder.php(1616): CodeIgniter\Database\BaseConnection->query('SELECT *\nFROM `...', Array, false)
#4 C:\xampp\htdocs\pajero\app\Models\Measurements_model.php(28): CodeIgniter\Database\BaseBuilder->get()
#5 C:\xampp\htdocs\pajero\app\Controllers\Measurements.php(25): App\Models\Measurements_model->getExistingValues(NULL)
#6 C:\xampp\htdocs\pajero\system\CodeIgniter.php(932): App\Controllers\Measurements->modal_form()
#7 C:\xampp\htdocs\pajero\system\CodeIgniter.php(497): CodeIgniter\CodeIgniter->runController(Object(App\Controllers\Measurements))
#8 C:\xampp\htdocs\pajero\system\CodeIgniter.php(366): CodeIgniter\CodeIgniter->handleRequest(NULL, Object(Config\Cache), false)
#9 C:\xampp\htdocs\pajero\index.php(80): CodeIgniter\CodeIgniter->run()
#10 {main}
CRITICAL - 2023-09-24 02:26:12 --> Table 'pajero.costmi_measurement_library' doesn't exist
in SYSTEMPATH\Database\MySQLi\Connection.php on line 295.
 1 SYSTEMPATH\Database\MySQLi\Connection.php(295): mysqli->query('SELECT *
FROM `costmi_measurement_library`
WHERE `id` IS NULL', 0)
 2 SYSTEMPATH\Database\BaseConnection.php(692): CodeIgniter\Database\MySQLi\Connection->execute('SELECT *
FROM `costmi_measurement_library`
WHERE `id` IS NULL')
 3 SYSTEMPATH\Database\BaseConnection.php(606): CodeIgniter\Database\BaseConnection->simpleQuery('SELECT *
FROM `costmi_measurement_library`
WHERE `id` IS NULL')
 4 SYSTEMPATH\Database\BaseBuilder.php(1616): CodeIgniter\Database\BaseConnection->query('SELECT *
FROM `costmi_measurement_library`
WHERE `id` IS NULL', [], false)
 5 APPPATH\Models\Measurements_model.php(28): CodeIgniter\Database\BaseBuilder->get()
 6 APPPATH\Controllers\Measurements.php(25): App\Models\Measurements_model->getExistingValues(null)
 7 SYSTEMPATH\CodeIgniter.php(932): App\Controllers\Measurements->modal_form()
 8 SYSTEMPATH\CodeIgniter.php(497): CodeIgniter\CodeIgniter->runController(Object(App\Controllers\Measurements))
 9 SYSTEMPATH\CodeIgniter.php(366): CodeIgniter\CodeIgniter->handleRequest(null, Object(Config\Cache), false)
10 FCPATH\index.php(80): CodeIgniter\CodeIgniter->run()
WARNING - 2023-09-24 02:26:15 --> [DEPRECATED] Creation of dynamic property App\Controllers\Messages::$Bill_summary is deprecated in APPPATH\Controllers\App_Controller.php on line 109.
 1 APPPATH\Controllers\Security_Controller.php(17): App\Controllers\App_Controller->__construct()
 2 APPPATH\Controllers\Messages.php(8): App\Controllers\Security_Controller->__construct()
 3 SYSTEMPATH\CodeIgniter.php(904): App\Controllers\Messages->__construct()
 4 SYSTEMPATH\CodeIgniter.php(488): CodeIgniter\CodeIgniter->createController()
 5 SYSTEMPATH\CodeIgniter.php(366): CodeIgniter\CodeIgniter->handleRequest(null, Object(Config\Cache), false)
 6 FCPATH\index.php(80): CodeIgniter\CodeIgniter->run()
WARNING - 2023-09-24 16:45:50 --> [DEPRECATED] Creation of dynamic property App\Controllers\Measurements::$Bill_summary is deprecated in APPPATH\Controllers\App_Controller.php on line 109.
 1 APPPATH\Controllers\Security_Controller.php(17): App\Controllers\App_Controller->__construct()
 2 APPPATH\Controllers\Measurements.php(8): App\Controllers\Security_Controller->__construct()
 3 SYSTEMPATH\CodeIgniter.php(904): App\Controllers\Measurements->__construct()
 4 SYSTEMPATH\CodeIgniter.php(488): CodeIgniter\CodeIgniter->createController()
 5 SYSTEMPATH\CodeIgniter.php(366): CodeIgniter\CodeIgniter->handleRequest(null, Object(Config\Cache), false)
 6 FCPATH\index.php(80): CodeIgniter\CodeIgniter->run()
WARNING - 2023-09-24 16:46:06 --> [DEPRECATED] Creation of dynamic property App\Controllers\Signin::$Bill_summary is deprecated in APPPATH\Controllers\App_Controller.php on line 109.
 1 APPPATH\Controllers\Signin.php(10): App\Controllers\App_Controller->__construct()
 2 SYSTEMPATH\CodeIgniter.php(904): App\Controllers\Signin->__construct()
 3 SYSTEMPATH\CodeIgniter.php(488): CodeIgniter\CodeIgniter->createController()
 4 SYSTEMPATH\CodeIgniter.php(366): CodeIgniter\CodeIgniter->handleRequest(null, Object(Config\Cache), false)
 5 FCPATH\index.php(80): CodeIgniter\CodeIgniter->run()
