ERROR - 2023-08-31 06:16:38 --> mysqli_sql_exception: Table 'pajero_db.costmi_resource_library' doesn't exist in /var/www/vhosts/costmi.com/httpdocs/system/Database/MySQLi/Connection.php:295
Stack trace:
#0 /var/www/vhosts/costmi.com/httpdocs/system/Database/MySQLi/Connection.php(295): mysqli->query()
#1 /var/www/vhosts/costmi.com/httpdocs/system/Database/BaseConnection.php(692): CodeIgniter\Database\MySQLi\Connection->execute()
#2 /var/www/vhosts/costmi.com/httpdocs/system/Database/BaseConnection.php(606): CodeIgniter\Database\BaseConnection->simpleQuery()
#3 /var/www/vhosts/costmi.com/httpdocs/system/Database/BaseBuilder.php(1616): CodeIgniter\Database\BaseConnection->query()
#4 /var/www/vhosts/costmi.com/httpdocs/app/Models/Resources_model.php(17): CodeIgniter\Database\BaseBuilder->get()
#5 /var/www/vhosts/costmi.com/httpdocs/app/Controllers/Resources.php(14): App\Models\Resources_model->getAllResources()
#6 /var/www/vhosts/costmi.com/httpdocs/system/CodeIgniter.php(932): App\Controllers\Resources->index()
#7 /var/www/vhosts/costmi.com/httpdocs/system/CodeIgniter.php(497): CodeIgniter\CodeIgniter->runController()
#8 /var/www/vhosts/costmi.com/httpdocs/system/CodeIgniter.php(366): CodeIgniter\CodeIgniter->handleRequest()
#9 /var/www/vhosts/costmi.com/httpdocs/index.php(80): CodeIgniter\CodeIgniter->run()
#10 {main}
CRITICAL - 2023-08-31 06:16:38 --> Table 'pajero_db.costmi_resource_library' doesn't exist
in SYSTEMPATH/Database/MySQLi/Connection.php on line 295.
 1 SYSTEMPATH/Database/MySQLi/Connection.php(295): mysqli->query()
 2 SYSTEMPATH/Database/BaseConnection.php(692): CodeIgniter\Database\MySQLi\Connection->execute()
 3 SYSTEMPATH/Database/BaseConnection.php(606): CodeIgniter\Database\BaseConnection->simpleQuery()
 4 SYSTEMPATH/Database/BaseBuilder.php(1616): CodeIgniter\Database\BaseConnection->query()
 5 APPPATH/Models/Resources_model.php(17): CodeIgniter\Database\BaseBuilder->get()
 6 APPPATH/Controllers/Resources.php(14): App\Models\Resources_model->getAllResources()
 7 SYSTEMPATH/CodeIgniter.php(932): App\Controllers\Resources->index()
 8 SYSTEMPATH/CodeIgniter.php(497): CodeIgniter\CodeIgniter->runController()
 9 SYSTEMPATH/CodeIgniter.php(366): CodeIgniter\CodeIgniter->handleRequest()
10 FCPATH/index.php(80): CodeIgniter\CodeIgniter->run()
ERROR - 2023-08-31 06:17:47 --> mysqli_sql_exception: Table 'pajero_db.costmi_production_rates' doesn't exist in /var/www/vhosts/costmi.com/httpdocs/system/Database/MySQLi/Connection.php:295
Stack trace:
#0 /var/www/vhosts/costmi.com/httpdocs/system/Database/MySQLi/Connection.php(295): mysqli->query()
#1 /var/www/vhosts/costmi.com/httpdocs/system/Database/BaseConnection.php(692): CodeIgniter\Database\MySQLi\Connection->execute()
#2 /var/www/vhosts/costmi.com/httpdocs/system/Database/BaseConnection.php(606): CodeIgniter\Database\BaseConnection->simpleQuery()
#3 /var/www/vhosts/costmi.com/httpdocs/system/Database/BaseBuilder.php(1616): CodeIgniter\Database\BaseConnection->query()
#4 /var/www/vhosts/costmi.com/httpdocs/app/Models/Production_model.php(17): CodeIgniter\Database\BaseBuilder->get()
#5 /var/www/vhosts/costmi.com/httpdocs/app/Controllers/Production.php(20): App\Models\Production_model->getAllProdRates()
#6 /var/www/vhosts/costmi.com/httpdocs/system/CodeIgniter.php(932): App\Controllers\Production->index()
#7 /var/www/vhosts/costmi.com/httpdocs/system/CodeIgniter.php(497): CodeIgniter\CodeIgniter->runController()
#8 /var/www/vhosts/costmi.com/httpdocs/system/CodeIgniter.php(366): CodeIgniter\CodeIgniter->handleRequest()
#9 /var/www/vhosts/costmi.com/httpdocs/index.php(80): CodeIgniter\CodeIgniter->run()
#10 {main}
CRITICAL - 2023-08-31 06:17:47 --> Table 'pajero_db.costmi_production_rates' doesn't exist
in SYSTEMPATH/Database/MySQLi/Connection.php on line 295.
 1 SYSTEMPATH/Database/MySQLi/Connection.php(295): mysqli->query()
 2 SYSTEMPATH/Database/BaseConnection.php(692): CodeIgniter\Database\MySQLi\Connection->execute()
 3 SYSTEMPATH/Database/BaseConnection.php(606): CodeIgniter\Database\BaseConnection->simpleQuery()
 4 SYSTEMPATH/Database/BaseBuilder.php(1616): CodeIgniter\Database\BaseConnection->query()
 5 APPPATH/Models/Production_model.php(17): CodeIgniter\Database\BaseBuilder->get()
 6 APPPATH/Controllers/Production.php(20): App\Models\Production_model->getAllProdRates()
 7 SYSTEMPATH/CodeIgniter.php(932): App\Controllers\Production->index()
 8 SYSTEMPATH/CodeIgniter.php(497): CodeIgniter\CodeIgniter->runController()
 9 SYSTEMPATH/CodeIgniter.php(366): CodeIgniter\CodeIgniter->handleRequest()
10 FCPATH/index.php(80): CodeIgniter\CodeIgniter->run()
ERROR - 2023-08-31 06:17:49 --> mysqli_sql_exception: Table 'pajero_db.costmi_cost_library' doesn't exist in /var/www/vhosts/costmi.com/httpdocs/system/Database/MySQLi/Connection.php:295
Stack trace:
#0 /var/www/vhosts/costmi.com/httpdocs/system/Database/MySQLi/Connection.php(295): mysqli->query()
#1 /var/www/vhosts/costmi.com/httpdocs/system/Database/BaseConnection.php(692): CodeIgniter\Database\MySQLi\Connection->execute()
#2 /var/www/vhosts/costmi.com/httpdocs/system/Database/BaseConnection.php(606): CodeIgniter\Database\BaseConnection->simpleQuery()
#3 /var/www/vhosts/costmi.com/httpdocs/system/Database/BaseBuilder.php(1616): CodeIgniter\Database\BaseConnection->query()
#4 /var/www/vhosts/costmi.com/httpdocs/app/Models/Costs_model.php(17): CodeIgniter\Database\BaseBuilder->get()
#5 /var/www/vhosts/costmi.com/httpdocs/app/Controllers/Costs.php(16): App\Models\Costs_model->getAllCosts()
#6 /var/www/vhosts/costmi.com/httpdocs/system/CodeIgniter.php(932): App\Controllers\costs->index()
#7 /var/www/vhosts/costmi.com/httpdocs/system/CodeIgniter.php(497): CodeIgniter\CodeIgniter->runController()
#8 /var/www/vhosts/costmi.com/httpdocs/system/CodeIgniter.php(366): CodeIgniter\CodeIgniter->handleRequest()
#9 /var/www/vhosts/costmi.com/httpdocs/index.php(80): CodeIgniter\CodeIgniter->run()
#10 {main}
CRITICAL - 2023-08-31 06:17:49 --> Table 'pajero_db.costmi_cost_library' doesn't exist
in SYSTEMPATH/Database/MySQLi/Connection.php on line 295.
 1 SYSTEMPATH/Database/MySQLi/Connection.php(295): mysqli->query()
 2 SYSTEMPATH/Database/BaseConnection.php(692): CodeIgniter\Database\MySQLi\Connection->execute()
 3 SYSTEMPATH/Database/BaseConnection.php(606): CodeIgniter\Database\BaseConnection->simpleQuery()
 4 SYSTEMPATH/Database/BaseBuilder.php(1616): CodeIgniter\Database\BaseConnection->query()
 5 APPPATH/Models/Costs_model.php(17): CodeIgniter\Database\BaseBuilder->get()
 6 APPPATH/Controllers/Costs.php(16): App\Models\Costs_model->getAllCosts()
 7 SYSTEMPATH/CodeIgniter.php(932): App\Controllers\costs->index()
 8 SYSTEMPATH/CodeIgniter.php(497): CodeIgniter\CodeIgniter->runController()
 9 SYSTEMPATH/CodeIgniter.php(366): CodeIgniter\CodeIgniter->handleRequest()
10 FCPATH/index.php(80): CodeIgniter\CodeIgniter->run()
CRITICAL - 2023-08-31 07:50:15 --> Cannot declare class App\Models\Resources_model, because the name is already in use
in APPPATH/Models/Bills_model.php on line 5.
 1 [internal function]: CodeIgniter\Debug\Exceptions->shutdownHandler()
CRITICAL - 2023-08-31 07:50:38 --> Cannot declare class App\Models\Resources_model, because the name is already in use
in APPPATH/Models/Bills_model.php on line 0.
 1 [internal function]: CodeIgniter\Debug\Exceptions->shutdownHandler()
CRITICAL - 2023-08-31 07:51:18 --> Cannot declare class App\Models\Resources_model, because the name is already in use
in APPPATH/Models/Bills_model.php on line 0.
 1 [internal function]: CodeIgniter\Debug\Exceptions->shutdownHandler()
CRITICAL - 2023-08-31 08:00:01 --> Cannot declare class App\Models\Resources_model, because the name is already in use
in APPPATH/Models/Bills_model.php on line 0.
 1 [internal function]: CodeIgniter\Debug\Exceptions->shutdownHandler()
CRITICAL - 2023-08-31 08:00:10 --> Cannot declare class App\Models\Resources_model, because the name is already in use
in APPPATH/Models/Bills_model.php on line 0.
 1 [internal function]: CodeIgniter\Debug\Exceptions->shutdownHandler()
CRITICAL - 2023-08-31 08:09:37 --> Cannot declare class App\Models\Resources_model, because the name is already in use
in APPPATH/Models/Bills_model.php on line 0.
 1 [internal function]: CodeIgniter\Debug\Exceptions->shutdownHandler()
CRITICAL - 2023-08-31 08:10:01 --> Cannot declare class App\Models\Resources_model, because the name is already in use
in APPPATH/Models/Bills_model.php on line 0.
 1 [internal function]: CodeIgniter\Debug\Exceptions->shutdownHandler()
WARNING - 2023-08-31 15:14:54 --> [DEPRECATED] preg_replace(): Passing null to parameter #3 ($subject) of type array|string is deprecated in APPPATH/Helpers/currency_helper.php on line 95.
 1 APPPATH/Helpers/currency_helper.php(95): preg_replace('/[^\\d,-\\.]/', '', null)
 2 APPPATH/Controllers/Projects.php(316): unformat_currency(null)
 3 SYSTEMPATH/CodeIgniter.php(932): App\Controllers\Projects->save()
 4 SYSTEMPATH/CodeIgniter.php(497): CodeIgniter\CodeIgniter->runController(Object(App\Controllers\Projects))
 5 SYSTEMPATH/CodeIgniter.php(366): CodeIgniter\CodeIgniter->handleRequest(null, Object(Config\Cache), false)
 6 FCPATH/index.php(80): CodeIgniter\CodeIgniter->run()
CRITICAL - 2023-08-31 16:55:52 --> Call to undefined method App\Models\Resources_model::get_client_projects
in SYSTEMPATH/Model.php on line 838.
 1 APPPATH/Controllers/Bills.php(22): CodeIgniter\Model->__call()
 2 SYSTEMPATH/CodeIgniter.php(932): App\Controllers\Bills->modal_form()
 3 SYSTEMPATH/CodeIgniter.php(497): CodeIgniter\CodeIgniter->runController()
 4 SYSTEMPATH/CodeIgniter.php(366): CodeIgniter\CodeIgniter->handleRequest()
 5 FCPATH/index.php(80): CodeIgniter\CodeIgniter->run()
CRITICAL - 2023-08-31 16:56:18 --> Call to undefined method App\Models\Resources_model::get_client_projects
in SYSTEMPATH/Model.php on line 838.
 1 APPPATH/Controllers/Bills.php(22): CodeIgniter\Model->__call()
 2 SYSTEMPATH/CodeIgniter.php(932): App\Controllers\Bills->modal_form()
 3 SYSTEMPATH/CodeIgniter.php(497): CodeIgniter\CodeIgniter->runController()
 4 SYSTEMPATH/CodeIgniter.php(366): CodeIgniter\CodeIgniter->handleRequest()
 5 FCPATH/index.php(80): CodeIgniter\CodeIgniter->run()
CRITICAL - 2023-08-31 17:07:33 --> Undefined variable $project_names
in APPPATH/Views/bills/modal_form.php on line 44.
 1 APPPATH/Views/bills/modal_form.php(44): CodeIgniter\Debug\Exceptions->errorHandler()
 2 SYSTEMPATH/View/View.php(224): include('/var/www/vhosts/costmi.com/httpdocs/app/Views/bills/modal_form.php')
 3 SYSTEMPATH/View/View.php(227): CodeIgniter\View\View->CodeIgniter\View\{closure}()
 4 SYSTEMPATH/Common.php(1180): CodeIgniter\View\View->render()
 5 APPPATH/Controllers/Bills.php(23): view()
 6 SYSTEMPATH/CodeIgniter.php(932): App\Controllers\Bills->modal_form()
 7 SYSTEMPATH/CodeIgniter.php(497): CodeIgniter\CodeIgniter->runController()
 8 SYSTEMPATH/CodeIgniter.php(366): CodeIgniter\CodeIgniter->handleRequest()
 9 FCPATH/index.php(80): CodeIgniter\CodeIgniter->run()
CRITICAL - 2023-08-31 17:09:10 --> Undefined variable $project_names
in APPPATH/Views/bills/modal_form.php on line 44.
 1 APPPATH/Views/bills/modal_form.php(44): CodeIgniter\Debug\Exceptions->errorHandler()
 2 SYSTEMPATH/View/View.php(224): include('/var/www/vhosts/costmi.com/httpdocs/app/Views/bills/modal_form.php')
 3 SYSTEMPATH/View/View.php(227): CodeIgniter\View\View->CodeIgniter\View\{closure}()
 4 SYSTEMPATH/Common.php(1180): CodeIgniter\View\View->render()
 5 APPPATH/Controllers/Bills.php(23): view()
 6 SYSTEMPATH/CodeIgniter.php(932): App\Controllers\Bills->modal_form()
 7 SYSTEMPATH/CodeIgniter.php(497): CodeIgniter\CodeIgniter->runController()
 8 SYSTEMPATH/CodeIgniter.php(366): CodeIgniter\CodeIgniter->handleRequest()
 9 FCPATH/index.php(80): CodeIgniter\CodeIgniter->run()
CRITICAL - 2023-08-31 17:15:04 --> The action you requested is not allowed.
in SYSTEMPATH/Security/Security.php on line 306.
 1 SYSTEMPATH/Security/Security.php(306): CodeIgniter\Security\Exceptions\SecurityException::forDisallowedAction()
 2 SYSTEMPATH/Filters/CSRF.php(55): CodeIgniter\Security\Security->verify()
 3 SYSTEMPATH/Filters/Filters.php(173): CodeIgniter\Filters\CSRF->before()
 4 SYSTEMPATH/CodeIgniter.php(471): CodeIgniter\Filters\Filters->run()
 5 SYSTEMPATH/CodeIgniter.php(366): CodeIgniter\CodeIgniter->handleRequest()
 6 FCPATH/index.php(80): CodeIgniter\CodeIgniter->run()
WARNING - 2023-08-31 17:26:45 --> [DEPRECATED] preg_replace(): Passing null to parameter #3 ($subject) of type array|string is deprecated in APPPATH/Helpers/currency_helper.php on line 95.
 1 APPPATH/Helpers/currency_helper.php(95): preg_replace('/[^\\d,-\\.]/', '', null)
 2 APPPATH/Controllers/Projects.php(316): unformat_currency(null)
 3 SYSTEMPATH/CodeIgniter.php(932): App\Controllers\Projects->save()
 4 SYSTEMPATH/CodeIgniter.php(497): CodeIgniter\CodeIgniter->runController(Object(App\Controllers\Projects))
 5 SYSTEMPATH/CodeIgniter.php(366): CodeIgniter\CodeIgniter->handleRequest(null, Object(Config\Cache), false)
 6 FCPATH/index.php(80): CodeIgniter\CodeIgniter->run()
CRITICAL - 2023-08-31 19:03:13 --> Call to undefined method CodeIgniter\Database\MySQLi\Connection::distinct()
in APPPATH/Models/Projects_model.php on line 24.
 1 APPPATH/Controllers/Bills.php(25): App\Models\Projects_model->get_client_projects()
 2 SYSTEMPATH/CodeIgniter.php(932): App\Controllers\Bills->modal_form()
 3 SYSTEMPATH/CodeIgniter.php(497): CodeIgniter\CodeIgniter->runController()
 4 SYSTEMPATH/CodeIgniter.php(366): CodeIgniter\CodeIgniter->handleRequest()
 5 FCPATH/index.php(80): CodeIgniter\CodeIgniter->run()
CRITICAL - 2023-08-31 19:03:18 --> Call to undefined method CodeIgniter\Database\MySQLi\Connection::distinct()
in APPPATH/Models/Projects_model.php on line 24.
 1 APPPATH/Controllers/Bills.php(25): App\Models\Projects_model->get_client_projects()
 2 SYSTEMPATH/CodeIgniter.php(932): App\Controllers\Bills->modal_form()
 3 SYSTEMPATH/CodeIgniter.php(497): CodeIgniter\CodeIgniter->runController()
 4 SYSTEMPATH/CodeIgniter.php(366): CodeIgniter\CodeIgniter->handleRequest()
 5 FCPATH/index.php(80): CodeIgniter\CodeIgniter->run()
CRITICAL - 2023-08-31 19:04:13 --> Call to undefined method CodeIgniter\Database\MySQLi\Connection::select()
in APPPATH/Models/Projects_model.php on line 19.
 1 APPPATH/Controllers/Bills.php(25): App\Models\Projects_model->get_client_projects()
 2 SYSTEMPATH/CodeIgniter.php(932): App\Controllers\Bills->modal_form()
 3 SYSTEMPATH/CodeIgniter.php(497): CodeIgniter\CodeIgniter->runController()
 4 SYSTEMPATH/CodeIgniter.php(366): CodeIgniter\CodeIgniter->handleRequest()
 5 FCPATH/index.php(80): CodeIgniter\CodeIgniter->run()
CRITICAL - 2023-08-31 19:43:31 --> Undefined array key "bill_type"
in APPPATH/Views/bills/index.php on line 30.
 1 APPPATH/Views/bills/index.php(30): CodeIgniter\Debug\Exceptions->errorHandler()
 2 SYSTEMPATH/View/View.php(224): include('/var/www/vhosts/costmi.com/httpdocs/app/Views/bills/index.php')
 3 SYSTEMPATH/View/View.php(227): CodeIgniter\View\View->CodeIgniter\View\{closure}()
 4 SYSTEMPATH/Common.php(1180): CodeIgniter\View\View->render()
 5 APPPATH/Controllers/Bills.php(17): view()
 6 SYSTEMPATH/CodeIgniter.php(932): App\Controllers\Bills->index()
 7 SYSTEMPATH/CodeIgniter.php(497): CodeIgniter\CodeIgniter->runController()
 8 SYSTEMPATH/CodeIgniter.php(366): CodeIgniter\CodeIgniter->handleRequest()
 9 FCPATH/index.php(80): CodeIgniter\CodeIgniter->run()
CRITICAL - 2023-08-31 19:43:42 --> Undefined array key "bill_type"
in APPPATH/Views/bills/index.php on line 30.
 1 APPPATH/Views/bills/index.php(30): CodeIgniter\Debug\Exceptions->errorHandler()
 2 SYSTEMPATH/View/View.php(224): include('/var/www/vhosts/costmi.com/httpdocs/app/Views/bills/index.php')
 3 SYSTEMPATH/View/View.php(227): CodeIgniter\View\View->CodeIgniter\View\{closure}()
 4 SYSTEMPATH/Common.php(1180): CodeIgniter\View\View->render()
 5 APPPATH/Controllers/Bills.php(17): view()
 6 SYSTEMPATH/CodeIgniter.php(932): App\Controllers\Bills->index()
 7 SYSTEMPATH/CodeIgniter.php(497): CodeIgniter\CodeIgniter->runController()
 8 SYSTEMPATH/CodeIgniter.php(366): CodeIgniter\CodeIgniter->handleRequest()
 9 FCPATH/index.php(80): CodeIgniter\CodeIgniter->run()
CRITICAL - 2023-08-31 19:43:50 --> Undefined array key "bill_type"
in APPPATH/Views/bills/index.php on line 30.
 1 APPPATH/Views/bills/index.php(30): CodeIgniter\Debug\Exceptions->errorHandler()
 2 SYSTEMPATH/View/View.php(224): include('/var/www/vhosts/costmi.com/httpdocs/app/Views/bills/index.php')
 3 SYSTEMPATH/View/View.php(227): CodeIgniter\View\View->CodeIgniter\View\{closure}()
 4 SYSTEMPATH/Common.php(1180): CodeIgniter\View\View->render()
 5 APPPATH/Controllers/Bills.php(17): view()
 6 SYSTEMPATH/CodeIgniter.php(932): App\Controllers\Bills->index()
 7 SYSTEMPATH/CodeIgniter.php(497): CodeIgniter\CodeIgniter->runController()
 8 SYSTEMPATH/CodeIgniter.php(366): CodeIgniter\CodeIgniter->handleRequest()
 9 FCPATH/index.php(80): CodeIgniter\CodeIgniter->run()
CRITICAL - 2023-08-31 19:43:52 --> Undefined array key "bill_type"
in APPPATH/Views/bills/index.php on line 30.
 1 APPPATH/Views/bills/index.php(30): CodeIgniter\Debug\Exceptions->errorHandler()
 2 SYSTEMPATH/View/View.php(224): include('/var/www/vhosts/costmi.com/httpdocs/app/Views/bills/index.php')
 3 SYSTEMPATH/View/View.php(227): CodeIgniter\View\View->CodeIgniter\View\{closure}()
 4 SYSTEMPATH/Common.php(1180): CodeIgniter\View\View->render()
 5 APPPATH/Controllers/Bills.php(17): view()
 6 SYSTEMPATH/CodeIgniter.php(932): App\Controllers\Bills->index()
 7 SYSTEMPATH/CodeIgniter.php(497): CodeIgniter\CodeIgniter->runController()
 8 SYSTEMPATH/CodeIgniter.php(366): CodeIgniter\CodeIgniter->handleRequest()
 9 FCPATH/index.php(80): CodeIgniter\CodeIgniter->run()
CRITICAL - 2023-08-31 19:43:58 --> Undefined array key "bill_type"
in APPPATH/Views/bills/index.php on line 30.
 1 APPPATH/Views/bills/index.php(30): CodeIgniter\Debug\Exceptions->errorHandler()
 2 SYSTEMPATH/View/View.php(224): include('/var/www/vhosts/costmi.com/httpdocs/app/Views/bills/index.php')
 3 SYSTEMPATH/View/View.php(227): CodeIgniter\View\View->CodeIgniter\View\{closure}()
 4 SYSTEMPATH/Common.php(1180): CodeIgniter\View\View->render()
 5 APPPATH/Controllers/Bills.php(17): view()
 6 SYSTEMPATH/CodeIgniter.php(932): App\Controllers\Bills->index()
 7 SYSTEMPATH/CodeIgniter.php(497): CodeIgniter\CodeIgniter->runController()
 8 SYSTEMPATH/CodeIgniter.php(366): CodeIgniter\CodeIgniter->handleRequest()
 9 FCPATH/index.php(80): CodeIgniter\CodeIgniter->run()
CRITICAL - 2023-08-31 19:45:05 --> Undefined array key "bill_type"
in APPPATH/Views/bills/index.php on line 30.
 1 APPPATH/Views/bills/index.php(30): CodeIgniter\Debug\Exceptions->errorHandler()
 2 SYSTEMPATH/View/View.php(224): include('/var/www/vhosts/costmi.com/httpdocs/app/Views/bills/index.php')
 3 SYSTEMPATH/View/View.php(227): CodeIgniter\View\View->CodeIgniter\View\{closure}()
 4 SYSTEMPATH/Common.php(1180): CodeIgniter\View\View->render()
 5 APPPATH/Controllers/Bills.php(17): view()
 6 SYSTEMPATH/CodeIgniter.php(932): App\Controllers\Bills->index()
 7 SYSTEMPATH/CodeIgniter.php(497): CodeIgniter\CodeIgniter->runController()
 8 SYSTEMPATH/CodeIgniter.php(366): CodeIgniter\CodeIgniter->handleRequest()
 9 FCPATH/index.php(80): CodeIgniter\CodeIgniter->run()
CRITICAL - 2023-08-31 19:45:12 --> Undefined array key "bill_type"
in APPPATH/Views/bills/index.php on line 30.
 1 APPPATH/Views/bills/index.php(30): CodeIgniter\Debug\Exceptions->errorHandler()
 2 SYSTEMPATH/View/View.php(224): include('/var/www/vhosts/costmi.com/httpdocs/app/Views/bills/index.php')
 3 SYSTEMPATH/View/View.php(227): CodeIgniter\View\View->CodeIgniter\View\{closure}()
 4 SYSTEMPATH/Common.php(1180): CodeIgniter\View\View->render()
 5 APPPATH/Controllers/Bills.php(17): view()
 6 SYSTEMPATH/CodeIgniter.php(932): App\Controllers\Bills->index()
 7 SYSTEMPATH/CodeIgniter.php(497): CodeIgniter\CodeIgniter->runController()
 8 SYSTEMPATH/CodeIgniter.php(366): CodeIgniter\CodeIgniter->handleRequest()
 9 FCPATH/index.php(80): CodeIgniter\CodeIgniter->run()
CRITICAL - 2023-08-31 19:46:52 --> Undefined array key "bill_type"
in APPPATH/Views/bills/index.php on line 30.
 1 APPPATH/Views/bills/index.php(30): CodeIgniter\Debug\Exceptions->errorHandler()
 2 SYSTEMPATH/View/View.php(224): include('/var/www/vhosts/costmi.com/httpdocs/app/Views/bills/index.php')
 3 SYSTEMPATH/View/View.php(227): CodeIgniter\View\View->CodeIgniter\View\{closure}()
 4 SYSTEMPATH/Common.php(1180): CodeIgniter\View\View->render()
 5 APPPATH/Controllers/Bills.php(17): view()
 6 SYSTEMPATH/CodeIgniter.php(932): App\Controllers\Bills->index()
 7 SYSTEMPATH/CodeIgniter.php(497): CodeIgniter\CodeIgniter->runController()
 8 SYSTEMPATH/CodeIgniter.php(366): CodeIgniter\CodeIgniter->handleRequest()
 9 FCPATH/index.php(80): CodeIgniter\CodeIgniter->run()
CRITICAL - 2023-08-31 19:47:39 --> Undefined array key "bill_type"
in APPPATH/Views/bills/index.php on line 30.
 1 APPPATH/Views/bills/index.php(30): CodeIgniter\Debug\Exceptions->errorHandler()
 2 SYSTEMPATH/View/View.php(224): include('/var/www/vhosts/costmi.com/httpdocs/app/Views/bills/index.php')
 3 SYSTEMPATH/View/View.php(227): CodeIgniter\View\View->CodeIgniter\View\{closure}()
 4 SYSTEMPATH/Common.php(1180): CodeIgniter\View\View->render()
 5 APPPATH/Controllers/Bills.php(17): view()
 6 SYSTEMPATH/CodeIgniter.php(932): App\Controllers\Bills->index()
 7 SYSTEMPATH/CodeIgniter.php(497): CodeIgniter\CodeIgniter->runController()
 8 SYSTEMPATH/CodeIgniter.php(366): CodeIgniter\CodeIgniter->handleRequest()
 9 FCPATH/index.php(80): CodeIgniter\CodeIgniter->run()
CRITICAL - 2023-08-31 23:44:00 --> The action you requested is not allowed.
in SYSTEMPATH/Security/Security.php on line 306.
 1 SYSTEMPATH/Security/Security.php(306): CodeIgniter\Security\Exceptions\SecurityException::forDisallowedAction()
 2 SYSTEMPATH/Filters/CSRF.php(55): CodeIgniter\Security\Security->verify()
 3 SYSTEMPATH/Filters/Filters.php(173): CodeIgniter\Filters\CSRF->before()
 4 SYSTEMPATH/CodeIgniter.php(471): CodeIgniter\Filters\Filters->run()
 5 SYSTEMPATH/CodeIgniter.php(366): CodeIgniter\CodeIgniter->handleRequest()
 6 FCPATH/index.php(80): CodeIgniter\CodeIgniter->run()
