CRITICAL - 2023-09-06 02:45:58 --> syntax error, unexpected single-quoted string "additional_cost", expecting "]"
in APPPATH/Models/Detailed_Estimates_model.php on line 9.
 1 SYSTEMPATH/Autoloader/Autoloader.php(289): CodeIgniter\Autoloader\Autoloader->includeFile()
 2 SYSTEMPATH/Autoloader/Autoloader.php(267): CodeIgniter\Autoloader\Autoloader->loadInNamespace()
 3 [internal function]: CodeIgniter\Autoloader\Autoloader->loadClass()
 4 SYSTEMPATH/Config/Factories.php(139): class_exists()
 5 SYSTEMPATH/Config/Factories.php(109): CodeIgniter\Config\Factories::locateClass()
 6 SYSTEMPATH/Common.php(825): CodeIgniter\Config\Factories::__callStatic()
 7 APPPATH/Controllers/App_Controller.php(108): model()
 8 APPPATH/Controllers/Security_Controller.php(17): App\Controllers\App_Controller->__construct()
 9 APPPATH/Controllers/Notifications.php(8): App\Controllers\Security_Controller->__construct()
10 SYSTEMPATH/CodeIgniter.php(904): App\Controllers\Notifications->__construct()
11 SYSTEMPATH/CodeIgniter.php(488): CodeIgniter\CodeIgniter->createController()
12 SYSTEMPATH/CodeIgniter.php(366): CodeIgniter\CodeIgniter->handleRequest()
13 FCPATH/index.php(80): CodeIgniter\CodeIgniter->run()
CRITICAL - 2023-09-06 02:46:00 --> syntax error, unexpected single-quoted string "additional_cost", expecting "]"
in APPPATH/Models/Detailed_Estimates_model.php on line 9.
 1 SYSTEMPATH/Autoloader/Autoloader.php(289): CodeIgniter\Autoloader\Autoloader->includeFile()
 2 SYSTEMPATH/Autoloader/Autoloader.php(267): CodeIgniter\Autoloader\Autoloader->loadInNamespace()
 3 [internal function]: CodeIgniter\Autoloader\Autoloader->loadClass()
 4 SYSTEMPATH/Config/Factories.php(139): class_exists()
 5 SYSTEMPATH/Config/Factories.php(109): CodeIgniter\Config\Factories::locateClass()
 6 SYSTEMPATH/Common.php(825): CodeIgniter\Config\Factories::__callStatic()
 7 APPPATH/Controllers/App_Controller.php(108): model()
 8 APPPATH/Controllers/Security_Controller.php(17): App\Controllers\App_Controller->__construct()
 9 APPPATH/Controllers/Messages.php(8): App\Controllers\Security_Controller->__construct()
10 SYSTEMPATH/CodeIgniter.php(904): App\Controllers\Messages->__construct()
11 SYSTEMPATH/CodeIgniter.php(488): CodeIgniter\CodeIgniter->createController()
12 SYSTEMPATH/CodeIgniter.php(366): CodeIgniter\CodeIgniter->handleRequest()
13 FCPATH/index.php(80): CodeIgniter\CodeIgniter->run()
CRITICAL - 2023-09-06 02:50:01 --> syntax error, unexpected single-quoted string "additional_cost", expecting "]"
in APPPATH/Models/Detailed_Estimates_model.php on line 9.
 1 SYSTEMPATH/Autoloader/Autoloader.php(289): CodeIgniter\Autoloader\Autoloader->includeFile()
 2 SYSTEMPATH/Autoloader/Autoloader.php(267): CodeIgniter\Autoloader\Autoloader->loadInNamespace()
 3 [internal function]: CodeIgniter\Autoloader\Autoloader->loadClass()
 4 SYSTEMPATH/Config/Factories.php(139): class_exists()
 5 SYSTEMPATH/Config/Factories.php(109): CodeIgniter\Config\Factories::locateClass()
 6 SYSTEMPATH/Common.php(825): CodeIgniter\Config\Factories::__callStatic()
 7 APPPATH/Controllers/App_Controller.php(108): model()
 8 APPPATH/Controllers/Cron.php(12): App\Controllers\App_Controller->__construct()
 9 SYSTEMPATH/CodeIgniter.php(904): App\Controllers\Cron->__construct()
10 SYSTEMPATH/CodeIgniter.php(488): CodeIgniter\CodeIgniter->createController()
11 SYSTEMPATH/CodeIgniter.php(366): CodeIgniter\CodeIgniter->handleRequest()
12 FCPATH/index.php(80): CodeIgniter\CodeIgniter->run()
CRITICAL - 2023-09-06 03:00:01 --> syntax error, unexpected single-quoted string "additional_cost", expecting "]"
in APPPATH/Models/Detailed_Estimates_model.php on line 9.
 1 SYSTEMPATH/Autoloader/Autoloader.php(289): CodeIgniter\Autoloader\Autoloader->includeFile()
 2 SYSTEMPATH/Autoloader/Autoloader.php(267): CodeIgniter\Autoloader\Autoloader->loadInNamespace()
 3 [internal function]: CodeIgniter\Autoloader\Autoloader->loadClass()
 4 SYSTEMPATH/Config/Factories.php(139): class_exists()
 5 SYSTEMPATH/Config/Factories.php(109): CodeIgniter\Config\Factories::locateClass()
 6 SYSTEMPATH/Common.php(825): CodeIgniter\Config\Factories::__callStatic()
 7 APPPATH/Controllers/App_Controller.php(108): model()
 8 APPPATH/Controllers/Cron.php(12): App\Controllers\App_Controller->__construct()
 9 SYSTEMPATH/CodeIgniter.php(904): App\Controllers\Cron->__construct()
10 SYSTEMPATH/CodeIgniter.php(488): CodeIgniter\CodeIgniter->createController()
11 SYSTEMPATH/CodeIgniter.php(366): CodeIgniter\CodeIgniter->handleRequest()
12 FCPATH/index.php(80): CodeIgniter\CodeIgniter->run()
CRITICAL - 2023-09-06 03:10:02 --> syntax error, unexpected single-quoted string "additional_cost", expecting "]"
in APPPATH/Models/Detailed_Estimates_model.php on line 9.
 1 SYSTEMPATH/Autoloader/Autoloader.php(289): CodeIgniter\Autoloader\Autoloader->includeFile()
 2 SYSTEMPATH/Autoloader/Autoloader.php(267): CodeIgniter\Autoloader\Autoloader->loadInNamespace()
 3 [internal function]: CodeIgniter\Autoloader\Autoloader->loadClass()
 4 SYSTEMPATH/Config/Factories.php(139): class_exists()
 5 SYSTEMPATH/Config/Factories.php(109): CodeIgniter\Config\Factories::locateClass()
 6 SYSTEMPATH/Common.php(825): CodeIgniter\Config\Factories::__callStatic()
 7 APPPATH/Controllers/App_Controller.php(108): model()
 8 APPPATH/Controllers/Cron.php(12): App\Controllers\App_Controller->__construct()
 9 SYSTEMPATH/CodeIgniter.php(904): App\Controllers\Cron->__construct()
10 SYSTEMPATH/CodeIgniter.php(488): CodeIgniter\CodeIgniter->createController()
11 SYSTEMPATH/CodeIgniter.php(366): CodeIgniter\CodeIgniter->handleRequest()
12 FCPATH/index.php(80): CodeIgniter\CodeIgniter->run()
CRITICAL - 2023-09-06 03:20:01 --> syntax error, unexpected single-quoted string "additional_cost", expecting "]"
in APPPATH/Models/Detailed_Estimates_model.php on line 9.
 1 SYSTEMPATH/Autoloader/Autoloader.php(289): CodeIgniter\Autoloader\Autoloader->includeFile()
 2 SYSTEMPATH/Autoloader/Autoloader.php(267): CodeIgniter\Autoloader\Autoloader->loadInNamespace()
 3 [internal function]: CodeIgniter\Autoloader\Autoloader->loadClass()
 4 SYSTEMPATH/Config/Factories.php(139): class_exists()
 5 SYSTEMPATH/Config/Factories.php(109): CodeIgniter\Config\Factories::locateClass()
 6 SYSTEMPATH/Common.php(825): CodeIgniter\Config\Factories::__callStatic()
 7 APPPATH/Controllers/App_Controller.php(108): model()
 8 APPPATH/Controllers/Cron.php(12): App\Controllers\App_Controller->__construct()
 9 SYSTEMPATH/CodeIgniter.php(904): App\Controllers\Cron->__construct()
10 SYSTEMPATH/CodeIgniter.php(488): CodeIgniter\CodeIgniter->createController()
11 SYSTEMPATH/CodeIgniter.php(366): CodeIgniter\CodeIgniter->handleRequest()
12 FCPATH/index.php(80): CodeIgniter\CodeIgniter->run()
CRITICAL - 2023-09-06 03:30:01 --> syntax error, unexpected single-quoted string "additional_cost", expecting "]"
in APPPATH/Models/Detailed_Estimates_model.php on line 9.
 1 SYSTEMPATH/Autoloader/Autoloader.php(289): CodeIgniter\Autoloader\Autoloader->includeFile()
 2 SYSTEMPATH/Autoloader/Autoloader.php(267): CodeIgniter\Autoloader\Autoloader->loadInNamespace()
 3 [internal function]: CodeIgniter\Autoloader\Autoloader->loadClass()
 4 SYSTEMPATH/Config/Factories.php(139): class_exists()
 5 SYSTEMPATH/Config/Factories.php(109): CodeIgniter\Config\Factories::locateClass()
 6 SYSTEMPATH/Common.php(825): CodeIgniter\Config\Factories::__callStatic()
 7 APPPATH/Controllers/App_Controller.php(108): model()
 8 APPPATH/Controllers/Cron.php(12): App\Controllers\App_Controller->__construct()
 9 SYSTEMPATH/CodeIgniter.php(904): App\Controllers\Cron->__construct()
10 SYSTEMPATH/CodeIgniter.php(488): CodeIgniter\CodeIgniter->createController()
11 SYSTEMPATH/CodeIgniter.php(366): CodeIgniter\CodeIgniter->handleRequest()
12 FCPATH/index.php(80): CodeIgniter\CodeIgniter->run()
CRITICAL - 2023-09-06 03:40:01 --> syntax error, unexpected single-quoted string "additional_cost", expecting "]"
in APPPATH/Models/Detailed_Estimates_model.php on line 9.
 1 SYSTEMPATH/Autoloader/Autoloader.php(289): CodeIgniter\Autoloader\Autoloader->includeFile()
 2 SYSTEMPATH/Autoloader/Autoloader.php(267): CodeIgniter\Autoloader\Autoloader->loadInNamespace()
 3 [internal function]: CodeIgniter\Autoloader\Autoloader->loadClass()
 4 SYSTEMPATH/Config/Factories.php(139): class_exists()
 5 SYSTEMPATH/Config/Factories.php(109): CodeIgniter\Config\Factories::locateClass()
 6 SYSTEMPATH/Common.php(825): CodeIgniter\Config\Factories::__callStatic()
 7 APPPATH/Controllers/App_Controller.php(108): model()
 8 APPPATH/Controllers/Cron.php(12): App\Controllers\App_Controller->__construct()
 9 SYSTEMPATH/CodeIgniter.php(904): App\Controllers\Cron->__construct()
10 SYSTEMPATH/CodeIgniter.php(488): CodeIgniter\CodeIgniter->createController()
11 SYSTEMPATH/CodeIgniter.php(366): CodeIgniter\CodeIgniter->handleRequest()
12 FCPATH/index.php(80): CodeIgniter\CodeIgniter->run()
CRITICAL - 2023-09-06 03:50:01 --> syntax error, unexpected single-quoted string "additional_cost", expecting "]"
in APPPATH/Models/Detailed_Estimates_model.php on line 9.
 1 SYSTEMPATH/Autoloader/Autoloader.php(289): CodeIgniter\Autoloader\Autoloader->includeFile()
 2 SYSTEMPATH/Autoloader/Autoloader.php(267): CodeIgniter\Autoloader\Autoloader->loadInNamespace()
 3 [internal function]: CodeIgniter\Autoloader\Autoloader->loadClass()
 4 SYSTEMPATH/Config/Factories.php(139): class_exists()
 5 SYSTEMPATH/Config/Factories.php(109): CodeIgniter\Config\Factories::locateClass()
 6 SYSTEMPATH/Common.php(825): CodeIgniter\Config\Factories::__callStatic()
 7 APPPATH/Controllers/App_Controller.php(108): model()
 8 APPPATH/Controllers/Cron.php(12): App\Controllers\App_Controller->__construct()
 9 SYSTEMPATH/CodeIgniter.php(904): App\Controllers\Cron->__construct()
10 SYSTEMPATH/CodeIgniter.php(488): CodeIgniter\CodeIgniter->createController()
11 SYSTEMPATH/CodeIgniter.php(366): CodeIgniter\CodeIgniter->handleRequest()
12 FCPATH/index.php(80): CodeIgniter\CodeIgniter->run()
CRITICAL - 2023-09-06 04:00:01 --> syntax error, unexpected single-quoted string "additional_cost", expecting "]"
in APPPATH/Models/Detailed_Estimates_model.php on line 9.
 1 SYSTEMPATH/Autoloader/Autoloader.php(289): CodeIgniter\Autoloader\Autoloader->includeFile()
 2 SYSTEMPATH/Autoloader/Autoloader.php(267): CodeIgniter\Autoloader\Autoloader->loadInNamespace()
 3 [internal function]: CodeIgniter\Autoloader\Autoloader->loadClass()
 4 SYSTEMPATH/Config/Factories.php(139): class_exists()
 5 SYSTEMPATH/Config/Factories.php(109): CodeIgniter\Config\Factories::locateClass()
 6 SYSTEMPATH/Common.php(825): CodeIgniter\Config\Factories::__callStatic()
 7 APPPATH/Controllers/App_Controller.php(108): model()
 8 APPPATH/Controllers/Cron.php(12): App\Controllers\App_Controller->__construct()
 9 SYSTEMPATH/CodeIgniter.php(904): App\Controllers\Cron->__construct()
10 SYSTEMPATH/CodeIgniter.php(488): CodeIgniter\CodeIgniter->createController()
11 SYSTEMPATH/CodeIgniter.php(366): CodeIgniter\CodeIgniter->handleRequest()
12 FCPATH/index.php(80): CodeIgniter\CodeIgniter->run()
CRITICAL - 2023-09-06 04:10:01 --> syntax error, unexpected single-quoted string "additional_cost", expecting "]"
in APPPATH/Models/Detailed_Estimates_model.php on line 9.
 1 SYSTEMPATH/Autoloader/Autoloader.php(289): CodeIgniter\Autoloader\Autoloader->includeFile()
 2 SYSTEMPATH/Autoloader/Autoloader.php(267): CodeIgniter\Autoloader\Autoloader->loadInNamespace()
 3 [internal function]: CodeIgniter\Autoloader\Autoloader->loadClass()
 4 SYSTEMPATH/Config/Factories.php(139): class_exists()
 5 SYSTEMPATH/Config/Factories.php(109): CodeIgniter\Config\Factories::locateClass()
 6 SYSTEMPATH/Common.php(825): CodeIgniter\Config\Factories::__callStatic()
 7 APPPATH/Controllers/App_Controller.php(108): model()
 8 APPPATH/Controllers/Cron.php(12): App\Controllers\App_Controller->__construct()
 9 SYSTEMPATH/CodeIgniter.php(904): App\Controllers\Cron->__construct()
10 SYSTEMPATH/CodeIgniter.php(488): CodeIgniter\CodeIgniter->createController()
11 SYSTEMPATH/CodeIgniter.php(366): CodeIgniter\CodeIgniter->handleRequest()
12 FCPATH/index.php(80): CodeIgniter\CodeIgniter->run()
CRITICAL - 2023-09-06 04:20:01 --> syntax error, unexpected single-quoted string "additional_cost", expecting "]"
in APPPATH/Models/Detailed_Estimates_model.php on line 9.
 1 SYSTEMPATH/Autoloader/Autoloader.php(289): CodeIgniter\Autoloader\Autoloader->includeFile()
 2 SYSTEMPATH/Autoloader/Autoloader.php(267): CodeIgniter\Autoloader\Autoloader->loadInNamespace()
 3 [internal function]: CodeIgniter\Autoloader\Autoloader->loadClass()
 4 SYSTEMPATH/Config/Factories.php(139): class_exists()
 5 SYSTEMPATH/Config/Factories.php(109): CodeIgniter\Config\Factories::locateClass()
 6 SYSTEMPATH/Common.php(825): CodeIgniter\Config\Factories::__callStatic()
 7 APPPATH/Controllers/App_Controller.php(108): model()
 8 APPPATH/Controllers/Cron.php(12): App\Controllers\App_Controller->__construct()
 9 SYSTEMPATH/CodeIgniter.php(904): App\Controllers\Cron->__construct()
10 SYSTEMPATH/CodeIgniter.php(488): CodeIgniter\CodeIgniter->createController()
11 SYSTEMPATH/CodeIgniter.php(366): CodeIgniter\CodeIgniter->handleRequest()
12 FCPATH/index.php(80): CodeIgniter\CodeIgniter->run()
CRITICAL - 2023-09-06 04:30:01 --> syntax error, unexpected single-quoted string "additional_cost", expecting "]"
in APPPATH/Models/Detailed_Estimates_model.php on line 9.
 1 SYSTEMPATH/Autoloader/Autoloader.php(289): CodeIgniter\Autoloader\Autoloader->includeFile()
 2 SYSTEMPATH/Autoloader/Autoloader.php(267): CodeIgniter\Autoloader\Autoloader->loadInNamespace()
 3 [internal function]: CodeIgniter\Autoloader\Autoloader->loadClass()
 4 SYSTEMPATH/Config/Factories.php(139): class_exists()
 5 SYSTEMPATH/Config/Factories.php(109): CodeIgniter\Config\Factories::locateClass()
 6 SYSTEMPATH/Common.php(825): CodeIgniter\Config\Factories::__callStatic()
 7 APPPATH/Controllers/App_Controller.php(108): model()
 8 APPPATH/Controllers/Cron.php(12): App\Controllers\App_Controller->__construct()
 9 SYSTEMPATH/CodeIgniter.php(904): App\Controllers\Cron->__construct()
10 SYSTEMPATH/CodeIgniter.php(488): CodeIgniter\CodeIgniter->createController()
11 SYSTEMPATH/CodeIgniter.php(366): CodeIgniter\CodeIgniter->handleRequest()
12 FCPATH/index.php(80): CodeIgniter\CodeIgniter->run()
CRITICAL - 2023-09-06 04:40:01 --> syntax error, unexpected single-quoted string "additional_cost", expecting "]"
in APPPATH/Models/Detailed_Estimates_model.php on line 9.
 1 SYSTEMPATH/Autoloader/Autoloader.php(289): CodeIgniter\Autoloader\Autoloader->includeFile()
 2 SYSTEMPATH/Autoloader/Autoloader.php(267): CodeIgniter\Autoloader\Autoloader->loadInNamespace()
 3 [internal function]: CodeIgniter\Autoloader\Autoloader->loadClass()
 4 SYSTEMPATH/Config/Factories.php(139): class_exists()
 5 SYSTEMPATH/Config/Factories.php(109): CodeIgniter\Config\Factories::locateClass()
 6 SYSTEMPATH/Common.php(825): CodeIgniter\Config\Factories::__callStatic()
 7 APPPATH/Controllers/App_Controller.php(108): model()
 8 APPPATH/Controllers/Cron.php(12): App\Controllers\App_Controller->__construct()
 9 SYSTEMPATH/CodeIgniter.php(904): App\Controllers\Cron->__construct()
10 SYSTEMPATH/CodeIgniter.php(488): CodeIgniter\CodeIgniter->createController()
11 SYSTEMPATH/CodeIgniter.php(366): CodeIgniter\CodeIgniter->handleRequest()
12 FCPATH/index.php(80): CodeIgniter\CodeIgniter->run()
CRITICAL - 2023-09-06 04:50:01 --> syntax error, unexpected single-quoted string "additional_cost", expecting "]"
in APPPATH/Models/Detailed_Estimates_model.php on line 9.
 1 SYSTEMPATH/Autoloader/Autoloader.php(289): CodeIgniter\Autoloader\Autoloader->includeFile()
 2 SYSTEMPATH/Autoloader/Autoloader.php(267): CodeIgniter\Autoloader\Autoloader->loadInNamespace()
 3 [internal function]: CodeIgniter\Autoloader\Autoloader->loadClass()
 4 SYSTEMPATH/Config/Factories.php(139): class_exists()
 5 SYSTEMPATH/Config/Factories.php(109): CodeIgniter\Config\Factories::locateClass()
 6 SYSTEMPATH/Common.php(825): CodeIgniter\Config\Factories::__callStatic()
 7 APPPATH/Controllers/App_Controller.php(108): model()
 8 APPPATH/Controllers/Cron.php(12): App\Controllers\App_Controller->__construct()
 9 SYSTEMPATH/CodeIgniter.php(904): App\Controllers\Cron->__construct()
10 SYSTEMPATH/CodeIgniter.php(488): CodeIgniter\CodeIgniter->createController()
11 SYSTEMPATH/CodeIgniter.php(366): CodeIgniter\CodeIgniter->handleRequest()
12 FCPATH/index.php(80): CodeIgniter\CodeIgniter->run()
CRITICAL - 2023-09-06 04:57:41 --> syntax error, unexpected single-quoted string "additional_cost", expecting "]"
in APPPATH/Models/Detailed_Estimates_model.php on line 9.
 1 SYSTEMPATH/Autoloader/Autoloader.php(289): CodeIgniter\Autoloader\Autoloader->includeFile()
 2 SYSTEMPATH/Autoloader/Autoloader.php(267): CodeIgniter\Autoloader\Autoloader->loadInNamespace()
 3 [internal function]: CodeIgniter\Autoloader\Autoloader->loadClass()
 4 SYSTEMPATH/Config/Factories.php(139): class_exists()
 5 SYSTEMPATH/Config/Factories.php(109): CodeIgniter\Config\Factories::locateClass()
 6 SYSTEMPATH/Common.php(825): CodeIgniter\Config\Factories::__callStatic()
 7 APPPATH/Controllers/App_Controller.php(108): model()
 8 APPPATH/Controllers/Security_Controller.php(17): App\Controllers\App_Controller->__construct()
 9 APPPATH/Controllers/Dashboard.php(11): App\Controllers\Security_Controller->__construct()
10 SYSTEMPATH/CodeIgniter.php(904): App\Controllers\Dashboard->__construct()
11 SYSTEMPATH/CodeIgniter.php(488): CodeIgniter\CodeIgniter->createController()
12 SYSTEMPATH/CodeIgniter.php(366): CodeIgniter\CodeIgniter->handleRequest()
13 FCPATH/index.php(80): CodeIgniter\CodeIgniter->run()
CRITICAL - 2023-09-06 05:00:02 --> syntax error, unexpected single-quoted string "additional_cost", expecting "]"
in APPPATH/Models/Detailed_Estimates_model.php on line 9.
 1 SYSTEMPATH/Autoloader/Autoloader.php(289): CodeIgniter\Autoloader\Autoloader->includeFile()
 2 SYSTEMPATH/Autoloader/Autoloader.php(267): CodeIgniter\Autoloader\Autoloader->loadInNamespace()
 3 [internal function]: CodeIgniter\Autoloader\Autoloader->loadClass()
 4 SYSTEMPATH/Config/Factories.php(139): class_exists()
 5 SYSTEMPATH/Config/Factories.php(109): CodeIgniter\Config\Factories::locateClass()
 6 SYSTEMPATH/Common.php(825): CodeIgniter\Config\Factories::__callStatic()
 7 APPPATH/Controllers/App_Controller.php(108): model()
 8 APPPATH/Controllers/Cron.php(12): App\Controllers\App_Controller->__construct()
 9 SYSTEMPATH/CodeIgniter.php(904): App\Controllers\Cron->__construct()
10 SYSTEMPATH/CodeIgniter.php(488): CodeIgniter\CodeIgniter->createController()
11 SYSTEMPATH/CodeIgniter.php(366): CodeIgniter\CodeIgniter->handleRequest()
12 FCPATH/index.php(80): CodeIgniter\CodeIgniter->run()
CRITICAL - 2023-09-06 05:10:02 --> syntax error, unexpected single-quoted string "additional_cost", expecting "]"
in APPPATH/Models/Detailed_Estimates_model.php on line 9.
 1 SYSTEMPATH/Autoloader/Autoloader.php(289): CodeIgniter\Autoloader\Autoloader->includeFile()
 2 SYSTEMPATH/Autoloader/Autoloader.php(267): CodeIgniter\Autoloader\Autoloader->loadInNamespace()
 3 [internal function]: CodeIgniter\Autoloader\Autoloader->loadClass()
 4 SYSTEMPATH/Config/Factories.php(139): class_exists()
 5 SYSTEMPATH/Config/Factories.php(109): CodeIgniter\Config\Factories::locateClass()
 6 SYSTEMPATH/Common.php(825): CodeIgniter\Config\Factories::__callStatic()
 7 APPPATH/Controllers/App_Controller.php(108): model()
 8 APPPATH/Controllers/Cron.php(12): App\Controllers\App_Controller->__construct()
 9 SYSTEMPATH/CodeIgniter.php(904): App\Controllers\Cron->__construct()
10 SYSTEMPATH/CodeIgniter.php(488): CodeIgniter\CodeIgniter->createController()
11 SYSTEMPATH/CodeIgniter.php(366): CodeIgniter\CodeIgniter->handleRequest()
12 FCPATH/index.php(80): CodeIgniter\CodeIgniter->run()
CRITICAL - 2023-09-06 05:20:01 --> syntax error, unexpected single-quoted string "additional_cost", expecting "]"
in APPPATH/Models/Detailed_Estimates_model.php on line 9.
 1 SYSTEMPATH/Autoloader/Autoloader.php(289): CodeIgniter\Autoloader\Autoloader->includeFile()
 2 SYSTEMPATH/Autoloader/Autoloader.php(267): CodeIgniter\Autoloader\Autoloader->loadInNamespace()
 3 [internal function]: CodeIgniter\Autoloader\Autoloader->loadClass()
 4 SYSTEMPATH/Config/Factories.php(139): class_exists()
 5 SYSTEMPATH/Config/Factories.php(109): CodeIgniter\Config\Factories::locateClass()
 6 SYSTEMPATH/Common.php(825): CodeIgniter\Config\Factories::__callStatic()
 7 APPPATH/Controllers/App_Controller.php(108): model()
 8 APPPATH/Controllers/Cron.php(12): App\Controllers\App_Controller->__construct()
 9 SYSTEMPATH/CodeIgniter.php(904): App\Controllers\Cron->__construct()
10 SYSTEMPATH/CodeIgniter.php(488): CodeIgniter\CodeIgniter->createController()
11 SYSTEMPATH/CodeIgniter.php(366): CodeIgniter\CodeIgniter->handleRequest()
12 FCPATH/index.php(80): CodeIgniter\CodeIgniter->run()
CRITICAL - 2023-09-06 05:30:01 --> syntax error, unexpected single-quoted string "additional_cost", expecting "]"
in APPPATH/Models/Detailed_Estimates_model.php on line 9.
 1 SYSTEMPATH/Autoloader/Autoloader.php(289): CodeIgniter\Autoloader\Autoloader->includeFile()
 2 SYSTEMPATH/Autoloader/Autoloader.php(267): CodeIgniter\Autoloader\Autoloader->loadInNamespace()
 3 [internal function]: CodeIgniter\Autoloader\Autoloader->loadClass()
 4 SYSTEMPATH/Config/Factories.php(139): class_exists()
 5 SYSTEMPATH/Config/Factories.php(109): CodeIgniter\Config\Factories::locateClass()
 6 SYSTEMPATH/Common.php(825): CodeIgniter\Config\Factories::__callStatic()
 7 APPPATH/Controllers/App_Controller.php(108): model()
 8 APPPATH/Controllers/Cron.php(12): App\Controllers\App_Controller->__construct()
 9 SYSTEMPATH/CodeIgniter.php(904): App\Controllers\Cron->__construct()
10 SYSTEMPATH/CodeIgniter.php(488): CodeIgniter\CodeIgniter->createController()
11 SYSTEMPATH/CodeIgniter.php(366): CodeIgniter\CodeIgniter->handleRequest()
12 FCPATH/index.php(80): CodeIgniter\CodeIgniter->run()
CRITICAL - 2023-09-06 05:40:01 --> syntax error, unexpected single-quoted string "additional_cost", expecting "]"
in APPPATH/Models/Detailed_Estimates_model.php on line 9.
 1 SYSTEMPATH/Autoloader/Autoloader.php(289): CodeIgniter\Autoloader\Autoloader->includeFile()
 2 SYSTEMPATH/Autoloader/Autoloader.php(267): CodeIgniter\Autoloader\Autoloader->loadInNamespace()
 3 [internal function]: CodeIgniter\Autoloader\Autoloader->loadClass()
 4 SYSTEMPATH/Config/Factories.php(139): class_exists()
 5 SYSTEMPATH/Config/Factories.php(109): CodeIgniter\Config\Factories::locateClass()
 6 SYSTEMPATH/Common.php(825): CodeIgniter\Config\Factories::__callStatic()
 7 APPPATH/Controllers/App_Controller.php(108): model()
 8 APPPATH/Controllers/Cron.php(12): App\Controllers\App_Controller->__construct()
 9 SYSTEMPATH/CodeIgniter.php(904): App\Controllers\Cron->__construct()
10 SYSTEMPATH/CodeIgniter.php(488): CodeIgniter\CodeIgniter->createController()
11 SYSTEMPATH/CodeIgniter.php(366): CodeIgniter\CodeIgniter->handleRequest()
12 FCPATH/index.php(80): CodeIgniter\CodeIgniter->run()
CRITICAL - 2023-09-06 05:50:01 --> syntax error, unexpected single-quoted string "additional_cost", expecting "]"
in APPPATH/Models/Detailed_Estimates_model.php on line 9.
 1 SYSTEMPATH/Autoloader/Autoloader.php(289): CodeIgniter\Autoloader\Autoloader->includeFile()
 2 SYSTEMPATH/Autoloader/Autoloader.php(267): CodeIgniter\Autoloader\Autoloader->loadInNamespace()
 3 [internal function]: CodeIgniter\Autoloader\Autoloader->loadClass()
 4 SYSTEMPATH/Config/Factories.php(139): class_exists()
 5 SYSTEMPATH/Config/Factories.php(109): CodeIgniter\Config\Factories::locateClass()
 6 SYSTEMPATH/Common.php(825): CodeIgniter\Config\Factories::__callStatic()
 7 APPPATH/Controllers/App_Controller.php(108): model()
 8 APPPATH/Controllers/Cron.php(12): App\Controllers\App_Controller->__construct()
 9 SYSTEMPATH/CodeIgniter.php(904): App\Controllers\Cron->__construct()
10 SYSTEMPATH/CodeIgniter.php(488): CodeIgniter\CodeIgniter->createController()
11 SYSTEMPATH/CodeIgniter.php(366): CodeIgniter\CodeIgniter->handleRequest()
12 FCPATH/index.php(80): CodeIgniter\CodeIgniter->run()
CRITICAL - 2023-09-06 06:00:02 --> syntax error, unexpected single-quoted string "additional_cost", expecting "]"
in APPPATH/Models/Detailed_Estimates_model.php on line 9.
 1 SYSTEMPATH/Autoloader/Autoloader.php(289): CodeIgniter\Autoloader\Autoloader->includeFile()
 2 SYSTEMPATH/Autoloader/Autoloader.php(267): CodeIgniter\Autoloader\Autoloader->loadInNamespace()
 3 [internal function]: CodeIgniter\Autoloader\Autoloader->loadClass()
 4 SYSTEMPATH/Config/Factories.php(139): class_exists()
 5 SYSTEMPATH/Config/Factories.php(109): CodeIgniter\Config\Factories::locateClass()
 6 SYSTEMPATH/Common.php(825): CodeIgniter\Config\Factories::__callStatic()
 7 APPPATH/Controllers/App_Controller.php(108): model()
 8 APPPATH/Controllers/Cron.php(12): App\Controllers\App_Controller->__construct()
 9 SYSTEMPATH/CodeIgniter.php(904): App\Controllers\Cron->__construct()
10 SYSTEMPATH/CodeIgniter.php(488): CodeIgniter\CodeIgniter->createController()
11 SYSTEMPATH/CodeIgniter.php(366): CodeIgniter\CodeIgniter->handleRequest()
12 FCPATH/index.php(80): CodeIgniter\CodeIgniter->run()
CRITICAL - 2023-09-06 06:10:01 --> syntax error, unexpected single-quoted string "additional_cost", expecting "]"
in APPPATH/Models/Detailed_Estimates_model.php on line 9.
 1 SYSTEMPATH/Autoloader/Autoloader.php(289): CodeIgniter\Autoloader\Autoloader->includeFile()
 2 SYSTEMPATH/Autoloader/Autoloader.php(267): CodeIgniter\Autoloader\Autoloader->loadInNamespace()
 3 [internal function]: CodeIgniter\Autoloader\Autoloader->loadClass()
 4 SYSTEMPATH/Config/Factories.php(139): class_exists()
 5 SYSTEMPATH/Config/Factories.php(109): CodeIgniter\Config\Factories::locateClass()
 6 SYSTEMPATH/Common.php(825): CodeIgniter\Config\Factories::__callStatic()
 7 APPPATH/Controllers/App_Controller.php(108): model()
 8 APPPATH/Controllers/Cron.php(12): App\Controllers\App_Controller->__construct()
 9 SYSTEMPATH/CodeIgniter.php(904): App\Controllers\Cron->__construct()
10 SYSTEMPATH/CodeIgniter.php(488): CodeIgniter\CodeIgniter->createController()
11 SYSTEMPATH/CodeIgniter.php(366): CodeIgniter\CodeIgniter->handleRequest()
12 FCPATH/index.php(80): CodeIgniter\CodeIgniter->run()
CRITICAL - 2023-09-06 06:20:01 --> syntax error, unexpected single-quoted string "additional_cost", expecting "]"
in APPPATH/Models/Detailed_Estimates_model.php on line 9.
 1 SYSTEMPATH/Autoloader/Autoloader.php(289): CodeIgniter\Autoloader\Autoloader->includeFile()
 2 SYSTEMPATH/Autoloader/Autoloader.php(267): CodeIgniter\Autoloader\Autoloader->loadInNamespace()
 3 [internal function]: CodeIgniter\Autoloader\Autoloader->loadClass()
 4 SYSTEMPATH/Config/Factories.php(139): class_exists()
 5 SYSTEMPATH/Config/Factories.php(109): CodeIgniter\Config\Factories::locateClass()
 6 SYSTEMPATH/Common.php(825): CodeIgniter\Config\Factories::__callStatic()
 7 APPPATH/Controllers/App_Controller.php(108): model()
 8 APPPATH/Controllers/Cron.php(12): App\Controllers\App_Controller->__construct()
 9 SYSTEMPATH/CodeIgniter.php(904): App\Controllers\Cron->__construct()
10 SYSTEMPATH/CodeIgniter.php(488): CodeIgniter\CodeIgniter->createController()
11 SYSTEMPATH/CodeIgniter.php(366): CodeIgniter\CodeIgniter->handleRequest()
12 FCPATH/index.php(80): CodeIgniter\CodeIgniter->run()
CRITICAL - 2023-09-06 06:24:53 --> syntax error, unexpected single-quoted string "additional_cost", expecting "]"
in APPPATH/Models/Detailed_Estimates_model.php on line 9.
 1 SYSTEMPATH/Autoloader/Autoloader.php(289): CodeIgniter\Autoloader\Autoloader->includeFile()
 2 SYSTEMPATH/Autoloader/Autoloader.php(267): CodeIgniter\Autoloader\Autoloader->loadInNamespace()
 3 [internal function]: CodeIgniter\Autoloader\Autoloader->loadClass()
 4 SYSTEMPATH/Config/Factories.php(139): class_exists()
 5 SYSTEMPATH/Config/Factories.php(109): CodeIgniter\Config\Factories::locateClass()
 6 SYSTEMPATH/Common.php(825): CodeIgniter\Config\Factories::__callStatic()
 7 APPPATH/Controllers/App_Controller.php(108): model()
 8 APPPATH/Controllers/Security_Controller.php(17): App\Controllers\App_Controller->__construct()
 9 APPPATH/Controllers/Dashboard.php(11): App\Controllers\Security_Controller->__construct()
10 SYSTEMPATH/CodeIgniter.php(904): App\Controllers\Dashboard->__construct()
11 SYSTEMPATH/CodeIgniter.php(488): CodeIgniter\CodeIgniter->createController()
12 SYSTEMPATH/CodeIgniter.php(366): CodeIgniter\CodeIgniter->handleRequest()
13 FCPATH/index.php(80): CodeIgniter\CodeIgniter->run()
CRITICAL - 2023-09-06 06:24:54 --> syntax error, unexpected single-quoted string "additional_cost", expecting "]"
in APPPATH/Models/Detailed_Estimates_model.php on line 9.
 1 SYSTEMPATH/Autoloader/Autoloader.php(289): CodeIgniter\Autoloader\Autoloader->includeFile()
 2 SYSTEMPATH/Autoloader/Autoloader.php(267): CodeIgniter\Autoloader\Autoloader->loadInNamespace()
 3 [internal function]: CodeIgniter\Autoloader\Autoloader->loadClass()
 4 SYSTEMPATH/Config/Factories.php(139): class_exists()
 5 SYSTEMPATH/Config/Factories.php(109): CodeIgniter\Config\Factories::locateClass()
 6 SYSTEMPATH/Common.php(825): CodeIgniter\Config\Factories::__callStatic()
 7 APPPATH/Controllers/App_Controller.php(108): model()
 8 APPPATH/Controllers/Security_Controller.php(17): App\Controllers\App_Controller->__construct()
 9 APPPATH/Controllers/Dashboard.php(11): App\Controllers\Security_Controller->__construct()
10 SYSTEMPATH/CodeIgniter.php(904): App\Controllers\Dashboard->__construct()
11 SYSTEMPATH/CodeIgniter.php(488): CodeIgniter\CodeIgniter->createController()
12 SYSTEMPATH/CodeIgniter.php(366): CodeIgniter\CodeIgniter->handleRequest()
13 FCPATH/index.php(80): CodeIgniter\CodeIgniter->run()
CRITICAL - 2023-09-06 06:24:54 --> syntax error, unexpected single-quoted string "additional_cost", expecting "]"
in APPPATH/Models/Detailed_Estimates_model.php on line 9.
 1 SYSTEMPATH/Autoloader/Autoloader.php(289): CodeIgniter\Autoloader\Autoloader->includeFile()
 2 SYSTEMPATH/Autoloader/Autoloader.php(267): CodeIgniter\Autoloader\Autoloader->loadInNamespace()
 3 [internal function]: CodeIgniter\Autoloader\Autoloader->loadClass()
 4 SYSTEMPATH/Config/Factories.php(139): class_exists()
 5 SYSTEMPATH/Config/Factories.php(109): CodeIgniter\Config\Factories::locateClass()
 6 SYSTEMPATH/Common.php(825): CodeIgniter\Config\Factories::__callStatic()
 7 APPPATH/Controllers/App_Controller.php(108): model()
 8 APPPATH/Controllers/Security_Controller.php(17): App\Controllers\App_Controller->__construct()
 9 APPPATH/Controllers/Dashboard.php(11): App\Controllers\Security_Controller->__construct()
10 SYSTEMPATH/CodeIgniter.php(904): App\Controllers\Dashboard->__construct()
11 SYSTEMPATH/CodeIgniter.php(488): CodeIgniter\CodeIgniter->createController()
12 SYSTEMPATH/CodeIgniter.php(366): CodeIgniter\CodeIgniter->handleRequest()
13 FCPATH/index.php(80): CodeIgniter\CodeIgniter->run()
CRITICAL - 2023-09-06 06:24:54 --> syntax error, unexpected single-quoted string "additional_cost", expecting "]"
in APPPATH/Models/Detailed_Estimates_model.php on line 9.
 1 SYSTEMPATH/Autoloader/Autoloader.php(289): CodeIgniter\Autoloader\Autoloader->includeFile()
 2 SYSTEMPATH/Autoloader/Autoloader.php(267): CodeIgniter\Autoloader\Autoloader->loadInNamespace()
 3 [internal function]: CodeIgniter\Autoloader\Autoloader->loadClass()
 4 SYSTEMPATH/Config/Factories.php(139): class_exists()
 5 SYSTEMPATH/Config/Factories.php(109): CodeIgniter\Config\Factories::locateClass()
 6 SYSTEMPATH/Common.php(825): CodeIgniter\Config\Factories::__callStatic()
 7 APPPATH/Controllers/App_Controller.php(108): model()
 8 APPPATH/Controllers/Security_Controller.php(17): App\Controllers\App_Controller->__construct()
 9 APPPATH/Controllers/Dashboard.php(11): App\Controllers\Security_Controller->__construct()
10 SYSTEMPATH/CodeIgniter.php(904): App\Controllers\Dashboard->__construct()
11 SYSTEMPATH/CodeIgniter.php(488): CodeIgniter\CodeIgniter->createController()
12 SYSTEMPATH/CodeIgniter.php(366): CodeIgniter\CodeIgniter->handleRequest()
13 FCPATH/index.php(80): CodeIgniter\CodeIgniter->run()
CRITICAL - 2023-09-06 06:27:00 --> syntax error, unexpected single-quoted string "additional_cost", expecting "]"
in APPPATH/Models/Detailed_Estimates_model.php on line 9.
 1 SYSTEMPATH/Autoloader/Autoloader.php(289): CodeIgniter\Autoloader\Autoloader->includeFile()
 2 SYSTEMPATH/Autoloader/Autoloader.php(267): CodeIgniter\Autoloader\Autoloader->loadInNamespace()
 3 [internal function]: CodeIgniter\Autoloader\Autoloader->loadClass()
 4 SYSTEMPATH/Config/Factories.php(139): class_exists()
 5 SYSTEMPATH/Config/Factories.php(109): CodeIgniter\Config\Factories::locateClass()
 6 SYSTEMPATH/Common.php(825): CodeIgniter\Config\Factories::__callStatic()
 7 APPPATH/Controllers/App_Controller.php(108): model()
 8 APPPATH/Controllers/Security_Controller.php(17): App\Controllers\App_Controller->__construct()
 9 APPPATH/Controllers/Dashboard.php(11): App\Controllers\Security_Controller->__construct()
10 SYSTEMPATH/CodeIgniter.php(904): App\Controllers\Dashboard->__construct()
11 SYSTEMPATH/CodeIgniter.php(488): CodeIgniter\CodeIgniter->createController()
12 SYSTEMPATH/CodeIgniter.php(366): CodeIgniter\CodeIgniter->handleRequest()
13 FCPATH/index.php(80): CodeIgniter\CodeIgniter->run()
CRITICAL - 2023-09-06 06:28:19 --> syntax error, unexpected single-quoted string "additional_cost", expecting "]"
in APPPATH/Models/Detailed_Estimates_model.php on line 9.
 1 SYSTEMPATH/Autoloader/Autoloader.php(289): CodeIgniter\Autoloader\Autoloader->includeFile()
 2 SYSTEMPATH/Autoloader/Autoloader.php(267): CodeIgniter\Autoloader\Autoloader->loadInNamespace()
 3 [internal function]: CodeIgniter\Autoloader\Autoloader->loadClass()
 4 SYSTEMPATH/Config/Factories.php(139): class_exists()
 5 SYSTEMPATH/Config/Factories.php(109): CodeIgniter\Config\Factories::locateClass()
 6 SYSTEMPATH/Common.php(825): CodeIgniter\Config\Factories::__callStatic()
 7 APPPATH/Controllers/App_Controller.php(108): model()
 8 APPPATH/Controllers/Security_Controller.php(17): App\Controllers\App_Controller->__construct()
 9 APPPATH/Controllers/Dashboard.php(11): App\Controllers\Security_Controller->__construct()
10 SYSTEMPATH/CodeIgniter.php(904): App\Controllers\Dashboard->__construct()
11 SYSTEMPATH/CodeIgniter.php(488): CodeIgniter\CodeIgniter->createController()
12 SYSTEMPATH/CodeIgniter.php(366): CodeIgniter\CodeIgniter->handleRequest()
13 FCPATH/index.php(80): CodeIgniter\CodeIgniter->run()
CRITICAL - 2023-09-06 06:29:31 --> syntax error, unexpected single-quoted string "additional_cost", expecting "]"
in APPPATH/Models/Detailed_Estimates_model.php on line 9.
 1 SYSTEMPATH/Autoloader/Autoloader.php(289): CodeIgniter\Autoloader\Autoloader->includeFile()
 2 SYSTEMPATH/Autoloader/Autoloader.php(267): CodeIgniter\Autoloader\Autoloader->loadInNamespace()
 3 [internal function]: CodeIgniter\Autoloader\Autoloader->loadClass()
 4 SYSTEMPATH/Config/Factories.php(139): class_exists()
 5 SYSTEMPATH/Config/Factories.php(109): CodeIgniter\Config\Factories::locateClass()
 6 SYSTEMPATH/Common.php(825): CodeIgniter\Config\Factories::__callStatic()
 7 APPPATH/Controllers/App_Controller.php(108): model()
 8 APPPATH/Controllers/Security_Controller.php(17): App\Controllers\App_Controller->__construct()
 9 APPPATH/Controllers/Dashboard.php(11): App\Controllers\Security_Controller->__construct()
10 SYSTEMPATH/CodeIgniter.php(904): App\Controllers\Dashboard->__construct()
11 SYSTEMPATH/CodeIgniter.php(488): CodeIgniter\CodeIgniter->createController()
12 SYSTEMPATH/CodeIgniter.php(366): CodeIgniter\CodeIgniter->handleRequest()
13 FCPATH/index.php(80): CodeIgniter\CodeIgniter->run()
CRITICAL - 2023-09-06 06:30:01 --> syntax error, unexpected single-quoted string "additional_cost", expecting "]"
in APPPATH/Models/Detailed_Estimates_model.php on line 9.
 1 SYSTEMPATH/Autoloader/Autoloader.php(289): CodeIgniter\Autoloader\Autoloader->includeFile()
 2 SYSTEMPATH/Autoloader/Autoloader.php(267): CodeIgniter\Autoloader\Autoloader->loadInNamespace()
 3 [internal function]: CodeIgniter\Autoloader\Autoloader->loadClass()
 4 SYSTEMPATH/Config/Factories.php(139): class_exists()
 5 SYSTEMPATH/Config/Factories.php(109): CodeIgniter\Config\Factories::locateClass()
 6 SYSTEMPATH/Common.php(825): CodeIgniter\Config\Factories::__callStatic()
 7 APPPATH/Controllers/App_Controller.php(108): model()
 8 APPPATH/Controllers/Cron.php(12): App\Controllers\App_Controller->__construct()
 9 SYSTEMPATH/CodeIgniter.php(904): App\Controllers\Cron->__construct()
10 SYSTEMPATH/CodeIgniter.php(488): CodeIgniter\CodeIgniter->createController()
11 SYSTEMPATH/CodeIgniter.php(366): CodeIgniter\CodeIgniter->handleRequest()
12 FCPATH/index.php(80): CodeIgniter\CodeIgniter->run()
CRITICAL - 2023-09-06 06:40:01 --> syntax error, unexpected single-quoted string "additional_cost", expecting "]"
in APPPATH/Models/Detailed_Estimates_model.php on line 9.
 1 SYSTEMPATH/Autoloader/Autoloader.php(289): CodeIgniter\Autoloader\Autoloader->includeFile()
 2 SYSTEMPATH/Autoloader/Autoloader.php(267): CodeIgniter\Autoloader\Autoloader->loadInNamespace()
 3 [internal function]: CodeIgniter\Autoloader\Autoloader->loadClass()
 4 SYSTEMPATH/Config/Factories.php(139): class_exists()
 5 SYSTEMPATH/Config/Factories.php(109): CodeIgniter\Config\Factories::locateClass()
 6 SYSTEMPATH/Common.php(825): CodeIgniter\Config\Factories::__callStatic()
 7 APPPATH/Controllers/App_Controller.php(108): model()
 8 APPPATH/Controllers/Cron.php(12): App\Controllers\App_Controller->__construct()
 9 SYSTEMPATH/CodeIgniter.php(904): App\Controllers\Cron->__construct()
10 SYSTEMPATH/CodeIgniter.php(488): CodeIgniter\CodeIgniter->createController()
11 SYSTEMPATH/CodeIgniter.php(366): CodeIgniter\CodeIgniter->handleRequest()
12 FCPATH/index.php(80): CodeIgniter\CodeIgniter->run()
CRITICAL - 2023-09-06 06:50:01 --> syntax error, unexpected single-quoted string "additional_cost", expecting "]"
in APPPATH/Models/Detailed_Estimates_model.php on line 9.
 1 SYSTEMPATH/Autoloader/Autoloader.php(289): CodeIgniter\Autoloader\Autoloader->includeFile()
 2 SYSTEMPATH/Autoloader/Autoloader.php(267): CodeIgniter\Autoloader\Autoloader->loadInNamespace()
 3 [internal function]: CodeIgniter\Autoloader\Autoloader->loadClass()
 4 SYSTEMPATH/Config/Factories.php(139): class_exists()
 5 SYSTEMPATH/Config/Factories.php(109): CodeIgniter\Config\Factories::locateClass()
 6 SYSTEMPATH/Common.php(825): CodeIgniter\Config\Factories::__callStatic()
 7 APPPATH/Controllers/App_Controller.php(108): model()
 8 APPPATH/Controllers/Cron.php(12): App\Controllers\App_Controller->__construct()
 9 SYSTEMPATH/CodeIgniter.php(904): App\Controllers\Cron->__construct()
10 SYSTEMPATH/CodeIgniter.php(488): CodeIgniter\CodeIgniter->createController()
11 SYSTEMPATH/CodeIgniter.php(366): CodeIgniter\CodeIgniter->handleRequest()
12 FCPATH/index.php(80): CodeIgniter\CodeIgniter->run()
CRITICAL - 2023-09-06 07:00:01 --> syntax error, unexpected single-quoted string "additional_cost", expecting "]"
in APPPATH/Models/Direct_costs_model.php on line 9.
 1 SYSTEMPATH/Autoloader/Autoloader.php(289): CodeIgniter\Autoloader\Autoloader->includeFile()
 2 SYSTEMPATH/Autoloader/Autoloader.php(267): CodeIgniter\Autoloader\Autoloader->loadInNamespace()
 3 [internal function]: CodeIgniter\Autoloader\Autoloader->loadClass()
 4 SYSTEMPATH/Config/Factories.php(139): class_exists()
 5 SYSTEMPATH/Config/Factories.php(109): CodeIgniter\Config\Factories::locateClass()
 6 SYSTEMPATH/Common.php(825): CodeIgniter\Config\Factories::__callStatic()
 7 APPPATH/Controllers/App_Controller.php(109): model()
 8 APPPATH/Controllers/Cron.php(12): App\Controllers\App_Controller->__construct()
 9 SYSTEMPATH/CodeIgniter.php(904): App\Controllers\Cron->__construct()
10 SYSTEMPATH/CodeIgniter.php(488): CodeIgniter\CodeIgniter->createController()
11 SYSTEMPATH/CodeIgniter.php(366): CodeIgniter\CodeIgniter->handleRequest()
12 FCPATH/index.php(80): CodeIgniter\CodeIgniter->run()
CRITICAL - 2023-09-06 07:01:00 --> syntax error, unexpected single-quoted string "additional_cost", expecting "]"
in APPPATH/Models/Direct_costs_model.php on line 9.
 1 SYSTEMPATH/Autoloader/Autoloader.php(289): CodeIgniter\Autoloader\Autoloader->includeFile()
 2 SYSTEMPATH/Autoloader/Autoloader.php(267): CodeIgniter\Autoloader\Autoloader->loadInNamespace()
 3 [internal function]: CodeIgniter\Autoloader\Autoloader->loadClass()
 4 SYSTEMPATH/Config/Factories.php(139): class_exists()
 5 SYSTEMPATH/Config/Factories.php(109): CodeIgniter\Config\Factories::locateClass()
 6 SYSTEMPATH/Common.php(825): CodeIgniter\Config\Factories::__callStatic()
 7 APPPATH/Controllers/App_Controller.php(109): model()
 8 APPPATH/Controllers/Signin.php(10): App\Controllers\App_Controller->__construct()
 9 SYSTEMPATH/CodeIgniter.php(904): App\Controllers\Signin->__construct()
10 SYSTEMPATH/CodeIgniter.php(488): CodeIgniter\CodeIgniter->createController()
11 SYSTEMPATH/CodeIgniter.php(366): CodeIgniter\CodeIgniter->handleRequest()
12 FCPATH/index.php(80): CodeIgniter\CodeIgniter->run()
CRITICAL - 2023-09-06 07:06:21 --> syntax error, unexpected single-quoted string "additional_cost", expecting "]"
in APPPATH/Models/Direct_costs_model.php on line 9.
 1 SYSTEMPATH/Autoloader/Autoloader.php(289): CodeIgniter\Autoloader\Autoloader->includeFile()
 2 SYSTEMPATH/Autoloader/Autoloader.php(267): CodeIgniter\Autoloader\Autoloader->loadInNamespace()
 3 [internal function]: CodeIgniter\Autoloader\Autoloader->loadClass()
 4 SYSTEMPATH/Config/Factories.php(139): class_exists()
 5 SYSTEMPATH/Config/Factories.php(109): CodeIgniter\Config\Factories::locateClass()
 6 SYSTEMPATH/Common.php(825): CodeIgniter\Config\Factories::__callStatic()
 7 APPPATH/Controllers/App_Controller.php(109): model()
 8 APPPATH/Controllers/Security_Controller.php(17): App\Controllers\App_Controller->__construct()
 9 APPPATH/Controllers/Detailed_Estimates.php(8): App\Controllers\Security_Controller->__construct()
10 SYSTEMPATH/CodeIgniter.php(904): App\Controllers\Detailed_Estimates->__construct()
11 SYSTEMPATH/CodeIgniter.php(488): CodeIgniter\CodeIgniter->createController()
12 SYSTEMPATH/CodeIgniter.php(366): CodeIgniter\CodeIgniter->handleRequest()
13 FCPATH/index.php(80): CodeIgniter\CodeIgniter->run()
CRITICAL - 2023-09-06 08:09:04 --> Invalid file: "detailed_estimates/direct_costs_table.php"
in SYSTEMPATH/Exceptions/FrameworkException.php on line 33.
 1 SYSTEMPATH/View/View.php(212): CodeIgniter\Exceptions\FrameworkException::forInvalidFile()
 2 SYSTEMPATH/Common.php(1180): CodeIgniter\View\View->render()
 3 APPPATH/Views/detailed_estimates/index.php(14): view()
 4 SYSTEMPATH/View/View.php(224): include('/var/www/vhosts/costmi.com/httpdocs/app/Views/detailed_estimates/index.php')
 5 SYSTEMPATH/View/View.php(227): CodeIgniter\View\View->CodeIgniter\View\{closure}()
 6 SYSTEMPATH/Common.php(1180): CodeIgniter\View\View->render()
 7 APPPATH/Controllers/Detailed_Estimates.php(17): view()
 8 SYSTEMPATH/CodeIgniter.php(932): App\Controllers\Detailed_Estimates->index()
 9 SYSTEMPATH/CodeIgniter.php(497): CodeIgniter\CodeIgniter->runController()
10 SYSTEMPATH/CodeIgniter.php(366): CodeIgniter\CodeIgniter->handleRequest()
11 FCPATH/index.php(80): CodeIgniter\CodeIgniter->run()
CRITICAL - 2023-09-06 10:26:04 --> Undefined variable $resource_type
in APPPATH/Views/detailed_estimates/direct_costs_form.php on line 16.
 1 APPPATH/Views/detailed_estimates/direct_costs_form.php(16): CodeIgniter\Debug\Exceptions->errorHandler()
 2 SYSTEMPATH/View/View.php(224): include('/var/www/vhosts/costmi.com/httpdocs/app/Views/detailed_estimates/direct_costs_form.php')
 3 SYSTEMPATH/View/View.php(227): CodeIgniter\View\View->CodeIgniter\View\{closure}()
 4 SYSTEMPATH/Common.php(1180): CodeIgniter\View\View->render()
 5 APPPATH/Controllers/Detailed_Estimates.php(21): view()
 6 SYSTEMPATH/CodeIgniter.php(932): App\Controllers\Detailed_Estimates->direct_costs_form()
 7 SYSTEMPATH/CodeIgniter.php(497): CodeIgniter\CodeIgniter->runController()
 8 SYSTEMPATH/CodeIgniter.php(366): CodeIgniter\CodeIgniter->handleRequest()
 9 FCPATH/index.php(80): CodeIgniter\CodeIgniter->run()
CRITICAL - 2023-09-06 10:26:42 --> Undefined variable $resource_type
in APPPATH/Views/detailed_estimates/direct_costs_form.php on line 16.
 1 APPPATH/Views/detailed_estimates/direct_costs_form.php(16): CodeIgniter\Debug\Exceptions->errorHandler()
 2 SYSTEMPATH/View/View.php(224): include('/var/www/vhosts/costmi.com/httpdocs/app/Views/detailed_estimates/direct_costs_form.php')
 3 SYSTEMPATH/View/View.php(227): CodeIgniter\View\View->CodeIgniter\View\{closure}()
 4 SYSTEMPATH/Common.php(1180): CodeIgniter\View\View->render()
 5 APPPATH/Controllers/Detailed_Estimates.php(21): view()
 6 SYSTEMPATH/CodeIgniter.php(932): App\Controllers\Detailed_Estimates->direct_costs_form()
 7 SYSTEMPATH/CodeIgniter.php(497): CodeIgniter\CodeIgniter->runController()
 8 SYSTEMPATH/CodeIgniter.php(366): CodeIgniter\CodeIgniter->handleRequest()
 9 FCPATH/index.php(80): CodeIgniter\CodeIgniter->run()
CRITICAL - 2023-09-06 10:38:16 --> Call to undefined method App\Models\Direct_costs_model::getPreviousValues
in SYSTEMPATH/Model.php on line 838.
 1 APPPATH/Controllers/Detailed_Estimates.php(26): CodeIgniter\Model->__call()
 2 SYSTEMPATH/CodeIgniter.php(932): App\Controllers\Detailed_Estimates->direct_costs_form()
 3 SYSTEMPATH/CodeIgniter.php(497): CodeIgniter\CodeIgniter->runController()
 4 SYSTEMPATH/CodeIgniter.php(366): CodeIgniter\CodeIgniter->handleRequest()
 5 FCPATH/index.php(80): CodeIgniter\CodeIgniter->run()
CRITICAL - 2023-09-06 10:44:32 --> Array to string conversion
in APPPATH/Views/detailed_estimates/direct_costs_form.php on line 47.
 1 APPPATH/Views/detailed_estimates/direct_costs_form.php(47): CodeIgniter\Debug\Exceptions->errorHandler()
 2 SYSTEMPATH/View/View.php(224): include('/var/www/vhosts/costmi.com/httpdocs/app/Views/detailed_estimates/direct_costs_form.php')
 3 SYSTEMPATH/View/View.php(227): CodeIgniter\View\View->CodeIgniter\View\{closure}()
 4 SYSTEMPATH/Common.php(1180): CodeIgniter\View\View->render()
 5 APPPATH/Controllers/Detailed_Estimates.php(67): view()
 6 SYSTEMPATH/CodeIgniter.php(932): App\Controllers\Detailed_Estimates->direct_costs_form()
 7 SYSTEMPATH/CodeIgniter.php(497): CodeIgniter\CodeIgniter->runController()
 8 SYSTEMPATH/CodeIgniter.php(366): CodeIgniter\CodeIgniter->handleRequest()
 9 FCPATH/index.php(80): CodeIgniter\CodeIgniter->run()
CRITICAL - 2023-09-06 10:44:36 --> Array to string conversion
in APPPATH/Views/detailed_estimates/direct_costs_form.php on line 47.
 1 APPPATH/Views/detailed_estimates/direct_costs_form.php(47): CodeIgniter\Debug\Exceptions->errorHandler()
 2 SYSTEMPATH/View/View.php(224): include('/var/www/vhosts/costmi.com/httpdocs/app/Views/detailed_estimates/direct_costs_form.php')
 3 SYSTEMPATH/View/View.php(227): CodeIgniter\View\View->CodeIgniter\View\{closure}()
 4 SYSTEMPATH/Common.php(1180): CodeIgniter\View\View->render()
 5 APPPATH/Controllers/Detailed_Estimates.php(67): view()
 6 SYSTEMPATH/CodeIgniter.php(932): App\Controllers\Detailed_Estimates->direct_costs_form()
 7 SYSTEMPATH/CodeIgniter.php(497): CodeIgniter\CodeIgniter->runController()
 8 SYSTEMPATH/CodeIgniter.php(366): CodeIgniter\CodeIgniter->handleRequest()
 9 FCPATH/index.php(80): CodeIgniter\CodeIgniter->run()
CRITICAL - 2023-09-06 18:04:01 --> Undefined variable $resources
in APPPATH/Views/detailed_estimates/direct_costs_table.php on line 20.
 1 APPPATH/Views/detailed_estimates/direct_costs_table.php(20): CodeIgniter\Debug\Exceptions->errorHandler()
 2 SYSTEMPATH/View/View.php(224): include('/var/www/vhosts/costmi.com/httpdocs/app/Views/detailed_estimates/direct_costs_table.php')
 3 SYSTEMPATH/View/View.php(227): CodeIgniter\View\View->CodeIgniter\View\{closure}()
 4 SYSTEMPATH/Common.php(1180): CodeIgniter\View\View->render()
 5 APPPATH/Views/detailed_estimates/index.php(14): view()
 6 SYSTEMPATH/View/View.php(224): include('/var/www/vhosts/costmi.com/httpdocs/app/Views/detailed_estimates/index.php')
 7 SYSTEMPATH/View/View.php(227): CodeIgniter\View\View->CodeIgniter\View\{closure}()
 8 SYSTEMPATH/Common.php(1180): CodeIgniter\View\View->render()
 9 APPPATH/Views/projects/details_view.php(162): view()
10 SYSTEMPATH/View/View.php(224): include('/var/www/vhosts/costmi.com/httpdocs/app/Views/projects/details_view.php')
11 SYSTEMPATH/View/View.php(227): CodeIgniter\View\View->CodeIgniter\View\{closure}()
12 SYSTEMPATH/Common.php(1180): CodeIgniter\View\View->render()
13 APPPATH/Views/layout/index.php(59): view()
14 SYSTEMPATH/View/View.php(224): include('/var/www/vhosts/costmi.com/httpdocs/app/Views/layout/index.php')
15 SYSTEMPATH/View/View.php(227): CodeIgniter\View\View->CodeIgniter\View\{closure}()
16 SYSTEMPATH/Common.php(1180): CodeIgniter\View\View->render()
17 APPPATH/Libraries/Template.php(38): view()
18 APPPATH/Libraries/Template.php(22): App\Libraries\Template->view()
19 APPPATH/Controllers/Projects.php(969): App\Libraries\Template->rander()
20 SYSTEMPATH/CodeIgniter.php(932): App\Controllers\Projects->view()
21 SYSTEMPATH/CodeIgniter.php(497): CodeIgniter\CodeIgniter->runController()
22 SYSTEMPATH/CodeIgniter.php(366): CodeIgniter\CodeIgniter->handleRequest()
23 FCPATH/index.php(80): CodeIgniter\CodeIgniter->run()
CRITICAL - 2023-09-06 18:06:53 --> Undefined variable $resources
in APPPATH/Views/detailed_estimates/direct_costs_table.php on line 20.
 1 APPPATH/Views/detailed_estimates/direct_costs_table.php(20): CodeIgniter\Debug\Exceptions->errorHandler()
 2 SYSTEMPATH/View/View.php(224): include('/var/www/vhosts/costmi.com/httpdocs/app/Views/detailed_estimates/direct_costs_table.php')
 3 SYSTEMPATH/View/View.php(227): CodeIgniter\View\View->CodeIgniter\View\{closure}()
 4 SYSTEMPATH/Common.php(1180): CodeIgniter\View\View->render()
 5 APPPATH/Views/detailed_estimates/index.php(14): view()
 6 SYSTEMPATH/View/View.php(224): include('/var/www/vhosts/costmi.com/httpdocs/app/Views/detailed_estimates/index.php')
 7 SYSTEMPATH/View/View.php(227): CodeIgniter\View\View->CodeIgniter\View\{closure}()
 8 SYSTEMPATH/Common.php(1180): CodeIgniter\View\View->render()
 9 APPPATH/Views/projects/details_view.php(162): view()
10 SYSTEMPATH/View/View.php(224): include('/var/www/vhosts/costmi.com/httpdocs/app/Views/projects/details_view.php')
11 SYSTEMPATH/View/View.php(227): CodeIgniter\View\View->CodeIgniter\View\{closure}()
12 SYSTEMPATH/Common.php(1180): CodeIgniter\View\View->render()
13 APPPATH/Views/layout/index.php(59): view()
14 SYSTEMPATH/View/View.php(224): include('/var/www/vhosts/costmi.com/httpdocs/app/Views/layout/index.php')
15 SYSTEMPATH/View/View.php(227): CodeIgniter\View\View->CodeIgniter\View\{closure}()
16 SYSTEMPATH/Common.php(1180): CodeIgniter\View\View->render()
17 APPPATH/Libraries/Template.php(38): view()
18 APPPATH/Libraries/Template.php(22): App\Libraries\Template->view()
19 APPPATH/Controllers/Projects.php(969): App\Libraries\Template->rander()
20 SYSTEMPATH/CodeIgniter.php(932): App\Controllers\Projects->view()
21 SYSTEMPATH/CodeIgniter.php(497): CodeIgniter\CodeIgniter->runController()
22 SYSTEMPATH/CodeIgniter.php(366): CodeIgniter\CodeIgniter->handleRequest()
23 FCPATH/index.php(80): CodeIgniter\CodeIgniter->run()
CRITICAL - 2023-09-06 18:15:56 --> Undefined variable $resources
in APPPATH/Views/detailed_estimates/direct_costs_table.php on line 20.
 1 APPPATH/Views/detailed_estimates/direct_costs_table.php(20): CodeIgniter\Debug\Exceptions->errorHandler()
 2 SYSTEMPATH/View/View.php(224): include('/var/www/vhosts/costmi.com/httpdocs/app/Views/detailed_estimates/direct_costs_table.php')
 3 SYSTEMPATH/View/View.php(227): CodeIgniter\View\View->CodeIgniter\View\{closure}()
 4 SYSTEMPATH/Common.php(1180): CodeIgniter\View\View->render()
 5 APPPATH/Views/detailed_estimates/index.php(14): view()
 6 SYSTEMPATH/View/View.php(224): include('/var/www/vhosts/costmi.com/httpdocs/app/Views/detailed_estimates/index.php')
 7 SYSTEMPATH/View/View.php(227): CodeIgniter\View\View->CodeIgniter\View\{closure}()
 8 SYSTEMPATH/Common.php(1180): CodeIgniter\View\View->render()
 9 APPPATH/Views/projects/details_view.php(162): view()
10 SYSTEMPATH/View/View.php(224): include('/var/www/vhosts/costmi.com/httpdocs/app/Views/projects/details_view.php')
11 SYSTEMPATH/View/View.php(227): CodeIgniter\View\View->CodeIgniter\View\{closure}()
12 SYSTEMPATH/Common.php(1180): CodeIgniter\View\View->render()
13 APPPATH/Views/layout/index.php(59): view()
14 SYSTEMPATH/View/View.php(224): include('/var/www/vhosts/costmi.com/httpdocs/app/Views/layout/index.php')
15 SYSTEMPATH/View/View.php(227): CodeIgniter\View\View->CodeIgniter\View\{closure}()
16 SYSTEMPATH/Common.php(1180): CodeIgniter\View\View->render()
17 APPPATH/Libraries/Template.php(38): view()
18 APPPATH/Libraries/Template.php(22): App\Libraries\Template->view()
19 APPPATH/Controllers/Projects.php(969): App\Libraries\Template->rander()
20 SYSTEMPATH/CodeIgniter.php(932): App\Controllers\Projects->view()
21 SYSTEMPATH/CodeIgniter.php(497): CodeIgniter\CodeIgniter->runController()
22 SYSTEMPATH/CodeIgniter.php(366): CodeIgniter\CodeIgniter->handleRequest()
23 FCPATH/index.php(80): CodeIgniter\CodeIgniter->run()
CRITICAL - 2023-09-06 18:16:08 --> Undefined variable $resources
in APPPATH/Views/detailed_estimates/direct_costs_table.php on line 20.
 1 APPPATH/Views/detailed_estimates/direct_costs_table.php(20): CodeIgniter\Debug\Exceptions->errorHandler()
 2 SYSTEMPATH/View/View.php(224): include('/var/www/vhosts/costmi.com/httpdocs/app/Views/detailed_estimates/direct_costs_table.php')
 3 SYSTEMPATH/View/View.php(227): CodeIgniter\View\View->CodeIgniter\View\{closure}()
 4 SYSTEMPATH/Common.php(1180): CodeIgniter\View\View->render()
 5 APPPATH/Views/detailed_estimates/index.php(14): view()
 6 SYSTEMPATH/View/View.php(224): include('/var/www/vhosts/costmi.com/httpdocs/app/Views/detailed_estimates/index.php')
 7 SYSTEMPATH/View/View.php(227): CodeIgniter\View\View->CodeIgniter\View\{closure}()
 8 SYSTEMPATH/Common.php(1180): CodeIgniter\View\View->render()
 9 APPPATH/Views/projects/details_view.php(162): view()
10 SYSTEMPATH/View/View.php(224): include('/var/www/vhosts/costmi.com/httpdocs/app/Views/projects/details_view.php')
11 SYSTEMPATH/View/View.php(227): CodeIgniter\View\View->CodeIgniter\View\{closure}()
12 SYSTEMPATH/Common.php(1180): CodeIgniter\View\View->render()
13 APPPATH/Views/layout/index.php(59): view()
14 SYSTEMPATH/View/View.php(224): include('/var/www/vhosts/costmi.com/httpdocs/app/Views/layout/index.php')
15 SYSTEMPATH/View/View.php(227): CodeIgniter\View\View->CodeIgniter\View\{closure}()
16 SYSTEMPATH/Common.php(1180): CodeIgniter\View\View->render()
17 APPPATH/Libraries/Template.php(38): view()
18 APPPATH/Libraries/Template.php(22): App\Libraries\Template->view()
19 APPPATH/Controllers/Projects.php(969): App\Libraries\Template->rander()
20 SYSTEMPATH/CodeIgniter.php(932): App\Controllers\Projects->view()
21 SYSTEMPATH/CodeIgniter.php(497): CodeIgniter\CodeIgniter->runController()
22 SYSTEMPATH/CodeIgniter.php(366): CodeIgniter\CodeIgniter->handleRequest()
23 FCPATH/index.php(80): CodeIgniter\CodeIgniter->run()
CRITICAL - 2023-09-06 18:31:01 --> Array to string conversion
in APPPATH/Views/detailed_estimates/direct_costs_form.php on line 47.
 1 APPPATH/Views/detailed_estimates/direct_costs_form.php(47): CodeIgniter\Debug\Exceptions->errorHandler()
 2 SYSTEMPATH/View/View.php(224): include('/var/www/vhosts/costmi.com/httpdocs/app/Views/detailed_estimates/direct_costs_form.php')
 3 SYSTEMPATH/View/View.php(227): CodeIgniter\View\View->CodeIgniter\View\{closure}()
 4 SYSTEMPATH/Common.php(1180): CodeIgniter\View\View->render()
 5 APPPATH/Controllers/Detailed_Estimates.php(67): view()
 6 SYSTEMPATH/CodeIgniter.php(932): App\Controllers\Detailed_Estimates->direct_costs_form()
 7 SYSTEMPATH/CodeIgniter.php(497): CodeIgniter\CodeIgniter->runController()
 8 SYSTEMPATH/CodeIgniter.php(366): CodeIgniter\CodeIgniter->handleRequest()
 9 FCPATH/index.php(80): CodeIgniter\CodeIgniter->run()
CRITICAL - 2023-09-06 18:48:50 --> Undefined variable $detailed_estimate_type
in APPPATH/Views/detailed_estimates/direct_costs_form.php on line 16.
 1 APPPATH/Views/detailed_estimates/direct_costs_form.php(16): CodeIgniter\Debug\Exceptions->errorHandler()
 2 SYSTEMPATH/View/View.php(224): include('/var/www/vhosts/costmi.com/httpdocs/app/Views/detailed_estimates/direct_costs_form.php')
 3 SYSTEMPATH/View/View.php(227): CodeIgniter\View\View->CodeIgniter\View\{closure}()
 4 SYSTEMPATH/Common.php(1180): CodeIgniter\View\View->render()
 5 APPPATH/Views/projects/details_view.php(162): view()
 6 SYSTEMPATH/View/View.php(224): include('/var/www/vhosts/costmi.com/httpdocs/app/Views/projects/details_view.php')
 7 SYSTEMPATH/View/View.php(227): CodeIgniter\View\View->CodeIgniter\View\{closure}()
 8 SYSTEMPATH/Common.php(1180): CodeIgniter\View\View->render()
 9 APPPATH/Views/layout/index.php(59): view()
10 SYSTEMPATH/View/View.php(224): include('/var/www/vhosts/costmi.com/httpdocs/app/Views/layout/index.php')
11 SYSTEMPATH/View/View.php(227): CodeIgniter\View\View->CodeIgniter\View\{closure}()
12 SYSTEMPATH/Common.php(1180): CodeIgniter\View\View->render()
13 APPPATH/Libraries/Template.php(38): view()
14 APPPATH/Libraries/Template.php(22): App\Libraries\Template->view()
15 APPPATH/Controllers/Projects.php(969): App\Libraries\Template->rander()
16 SYSTEMPATH/CodeIgniter.php(932): App\Controllers\Projects->view()
17 SYSTEMPATH/CodeIgniter.php(497): CodeIgniter\CodeIgniter->runController()
18 SYSTEMPATH/CodeIgniter.php(366): CodeIgniter\CodeIgniter->handleRequest()
19 FCPATH/index.php(80): CodeIgniter\CodeIgniter->run()
CRITICAL - 2023-09-06 20:04:17 --> Undefined variable $detailed_estimate_type
in APPPATH/Views/detailed_estimates/direct_costs_form.php on line 16.
 1 APPPATH/Views/detailed_estimates/direct_costs_form.php(16): CodeIgniter\Debug\Exceptions->errorHandler()
 2 SYSTEMPATH/View/View.php(224): include('/var/www/vhosts/costmi.com/httpdocs/app/Views/detailed_estimates/direct_costs_form.php')
 3 SYSTEMPATH/View/View.php(227): CodeIgniter\View\View->CodeIgniter\View\{closure}()
 4 SYSTEMPATH/Common.php(1180): CodeIgniter\View\View->render()
 5 APPPATH/Views/projects/details_view.php(162): view()
 6 SYSTEMPATH/View/View.php(224): include('/var/www/vhosts/costmi.com/httpdocs/app/Views/projects/details_view.php')
 7 SYSTEMPATH/View/View.php(227): CodeIgniter\View\View->CodeIgniter\View\{closure}()
 8 SYSTEMPATH/Common.php(1180): CodeIgniter\View\View->render()
 9 APPPATH/Views/layout/index.php(59): view()
10 SYSTEMPATH/View/View.php(224): include('/var/www/vhosts/costmi.com/httpdocs/app/Views/layout/index.php')
11 SYSTEMPATH/View/View.php(227): CodeIgniter\View\View->CodeIgniter\View\{closure}()
12 SYSTEMPATH/Common.php(1180): CodeIgniter\View\View->render()
13 APPPATH/Libraries/Template.php(38): view()
14 APPPATH/Libraries/Template.php(22): App\Libraries\Template->view()
15 APPPATH/Controllers/Projects.php(969): App\Libraries\Template->rander()
16 SYSTEMPATH/CodeIgniter.php(932): App\Controllers\Projects->view()
17 SYSTEMPATH/CodeIgniter.php(497): CodeIgniter\CodeIgniter->runController()
18 SYSTEMPATH/CodeIgniter.php(366): CodeIgniter\CodeIgniter->handleRequest()
19 FCPATH/index.php(80): CodeIgniter\CodeIgniter->run()
CRITICAL - 2023-09-06 20:04:26 --> The action you requested is not allowed.
in SYSTEMPATH/Security/Security.php on line 306.
 1 SYSTEMPATH/Security/Security.php(306): CodeIgniter\Security\Exceptions\SecurityException::forDisallowedAction()
 2 SYSTEMPATH/Filters/CSRF.php(55): CodeIgniter\Security\Security->verify()
 3 SYSTEMPATH/Filters/Filters.php(173): CodeIgniter\Filters\CSRF->before()
 4 SYSTEMPATH/CodeIgniter.php(471): CodeIgniter\Filters\Filters->run()
 5 SYSTEMPATH/CodeIgniter.php(366): CodeIgniter\CodeIgniter->handleRequest()
 6 FCPATH/index.php(80): CodeIgniter\CodeIgniter->run()
CRITICAL - 2023-09-06 20:04:27 --> Undefined variable $detailed_estimate_type
in APPPATH/Views/detailed_estimates/direct_costs_form.php on line 16.
 1 APPPATH/Views/detailed_estimates/direct_costs_form.php(16): CodeIgniter\Debug\Exceptions->errorHandler()
 2 SYSTEMPATH/View/View.php(224): include('/var/www/vhosts/costmi.com/httpdocs/app/Views/detailed_estimates/direct_costs_form.php')
 3 SYSTEMPATH/View/View.php(227): CodeIgniter\View\View->CodeIgniter\View\{closure}()
 4 SYSTEMPATH/Common.php(1180): CodeIgniter\View\View->render()
 5 APPPATH/Views/projects/details_view.php(162): view()
 6 SYSTEMPATH/View/View.php(224): include('/var/www/vhosts/costmi.com/httpdocs/app/Views/projects/details_view.php')
 7 SYSTEMPATH/View/View.php(227): CodeIgniter\View\View->CodeIgniter\View\{closure}()
 8 SYSTEMPATH/Common.php(1180): CodeIgniter\View\View->render()
 9 APPPATH/Views/layout/index.php(59): view()
10 SYSTEMPATH/View/View.php(224): include('/var/www/vhosts/costmi.com/httpdocs/app/Views/layout/index.php')
11 SYSTEMPATH/View/View.php(227): CodeIgniter\View\View->CodeIgniter\View\{closure}()
12 SYSTEMPATH/Common.php(1180): CodeIgniter\View\View->render()
13 APPPATH/Libraries/Template.php(38): view()
14 APPPATH/Libraries/Template.php(22): App\Libraries\Template->view()
15 APPPATH/Controllers/Projects.php(969): App\Libraries\Template->rander()
16 SYSTEMPATH/CodeIgniter.php(932): App\Controllers\Projects->view()
17 SYSTEMPATH/CodeIgniter.php(497): CodeIgniter\CodeIgniter->runController()
18 SYSTEMPATH/CodeIgniter.php(366): CodeIgniter\CodeIgniter->handleRequest()
19 FCPATH/index.php(80): CodeIgniter\CodeIgniter->run()
CRITICAL - 2023-09-06 20:28:58 --> Undefined variable $detailed_estimate_type
in APPPATH/Views/detailed_estimates/direct_costs_form.php on line 16.
 1 APPPATH/Views/detailed_estimates/direct_costs_form.php(16): CodeIgniter\Debug\Exceptions->errorHandler()
 2 SYSTEMPATH/View/View.php(224): include('/var/www/vhosts/costmi.com/httpdocs/app/Views/detailed_estimates/direct_costs_form.php')
 3 SYSTEMPATH/View/View.php(227): CodeIgniter\View\View->CodeIgniter\View\{closure}()
 4 SYSTEMPATH/Common.php(1180): CodeIgniter\View\View->render()
 5 APPPATH/Views/projects/details_view.php(162): view()
 6 SYSTEMPATH/View/View.php(224): include('/var/www/vhosts/costmi.com/httpdocs/app/Views/projects/details_view.php')
 7 SYSTEMPATH/View/View.php(227): CodeIgniter\View\View->CodeIgniter\View\{closure}()
 8 SYSTEMPATH/Common.php(1180): CodeIgniter\View\View->render()
 9 APPPATH/Views/layout/index.php(59): view()
10 SYSTEMPATH/View/View.php(224): include('/var/www/vhosts/costmi.com/httpdocs/app/Views/layout/index.php')
11 SYSTEMPATH/View/View.php(227): CodeIgniter\View\View->CodeIgniter\View\{closure}()
12 SYSTEMPATH/Common.php(1180): CodeIgniter\View\View->render()
13 APPPATH/Libraries/Template.php(38): view()
14 APPPATH/Libraries/Template.php(22): App\Libraries\Template->view()
15 APPPATH/Controllers/Projects.php(969): App\Libraries\Template->rander()
16 SYSTEMPATH/CodeIgniter.php(932): App\Controllers\Projects->view()
17 SYSTEMPATH/CodeIgniter.php(497): CodeIgniter\CodeIgniter->runController()
18 SYSTEMPATH/CodeIgniter.php(366): CodeIgniter\CodeIgniter->handleRequest()
19 FCPATH/index.php(80): CodeIgniter\CodeIgniter->run()
CRITICAL - 2023-09-06 21:05:30 --> Undefined variable $detailed_estimate_type
in APPPATH/Views/detailed_estimates/direct_costs_form.php on line 16.
 1 APPPATH/Views/detailed_estimates/direct_costs_form.php(16): CodeIgniter\Debug\Exceptions->errorHandler()
 2 SYSTEMPATH/View/View.php(224): include('/var/www/vhosts/costmi.com/httpdocs/app/Views/detailed_estimates/direct_costs_form.php')
 3 SYSTEMPATH/View/View.php(227): CodeIgniter\View\View->CodeIgniter\View\{closure}()
 4 SYSTEMPATH/Common.php(1180): CodeIgniter\View\View->render()
 5 APPPATH/Views/projects/details_view.php(162): view()
 6 SYSTEMPATH/View/View.php(224): include('/var/www/vhosts/costmi.com/httpdocs/app/Views/projects/details_view.php')
 7 SYSTEMPATH/View/View.php(227): CodeIgniter\View\View->CodeIgniter\View\{closure}()
 8 SYSTEMPATH/Common.php(1180): CodeIgniter\View\View->render()
 9 APPPATH/Views/layout/index.php(59): view()
10 SYSTEMPATH/View/View.php(224): include('/var/www/vhosts/costmi.com/httpdocs/app/Views/layout/index.php')
11 SYSTEMPATH/View/View.php(227): CodeIgniter\View\View->CodeIgniter\View\{closure}()
12 SYSTEMPATH/Common.php(1180): CodeIgniter\View\View->render()
13 APPPATH/Libraries/Template.php(38): view()
14 APPPATH/Libraries/Template.php(22): App\Libraries\Template->view()
15 APPPATH/Controllers/Projects.php(969): App\Libraries\Template->rander()
16 SYSTEMPATH/CodeIgniter.php(932): App\Controllers\Projects->view()
17 SYSTEMPATH/CodeIgniter.php(497): CodeIgniter\CodeIgniter->runController()
18 SYSTEMPATH/CodeIgniter.php(366): CodeIgniter\CodeIgniter->handleRequest()
19 FCPATH/index.php(80): CodeIgniter\CodeIgniter->run()
