CRITICAL - 2023-09-14 20:11:52 --> Undefined variable $measurements
in APPPATH/Views/measurements/area_table.php on line 20.
 1 APPPATH/Views/measurements/area_table.php(20): CodeIgniter\Debug\Exceptions->errorHandler()
 2 SYSTEMPATH/View/View.php(224): include('/var/www/vhosts/costmi.com/httpdocs/app/Views/measurements/area_table.php')
 3 SYSTEMPATH/View/View.php(227): CodeIgniter\View\View->CodeIgniter\View\{closure}()
 4 SYSTEMPATH/Common.php(1180): CodeIgniter\View\View->render()
 5 APPPATH/Views/measurements/index.php(15): view()
 6 SYSTEMPATH/View/View.php(224): include('/var/www/vhosts/costmi.com/httpdocs/app/Views/measurements/index.php')
 7 SYSTEMPATH/View/View.php(227): CodeIgniter\View\View->CodeIgniter\View\{closure}()
 8 SYSTEMPATH/Common.php(1180): CodeIgniter\View\View->render()
 9 APPPATH/Views/projects/details_view.php(159): view()
10 SYSTEMPATH/View/View.php(224): include('/var/www/vhosts/costmi.com/httpdocs/app/Views/projects/details_view.php')
11 SYSTEMPATH/View/View.php(227): CodeIgniter\View\View->CodeIgniter\View\{closure}()
12 SYSTEMPATH/Common.php(1180): CodeIgniter\View\View->render()
13 APPPATH/Views/layout/index.php(59): view()
14 SYSTEMPATH/View/View.php(224): include('/var/www/vhosts/costmi.com/httpdocs/app/Views/layout/index.php')
15 SYSTEMPATH/View/View.php(227): CodeIgniter\View\View->CodeIgniter\View\{closure}()
16 SYSTEMPATH/Common.php(1180): CodeIgniter\View\View->render()
17 APPPATH/Libraries/Template.php(38): view()
18 APPPATH/Libraries/Template.php(22): App\Libraries\Template->view()
19 APPPATH/Controllers/Projects.php(969): App\Libraries\Template->rander()
20 SYSTEMPATH/CodeIgniter.php(932): App\Controllers\Projects->view()
21 SYSTEMPATH/CodeIgniter.php(497): CodeIgniter\CodeIgniter->runController()
22 SYSTEMPATH/CodeIgniter.php(366): CodeIgniter\CodeIgniter->handleRequest()
23 FCPATH/index.php(80): CodeIgniter\CodeIgniter->run()
