CRITICAL - 2023-09-07 07:20:50 --> Undefined variable $task_name
in APPPATH/Views/detailed_estimates/direct_costs_form.php on line 31.
 1 APPPATH/Views/detailed_estimates/direct_costs_form.php(31): CodeIgniter\Debug\Exceptions->errorHandler()
 2 SYSTEMPATH/View/View.php(224): include('/var/www/vhosts/costmi.com/httpdocs/app/Views/detailed_estimates/direct_costs_form.php')
 3 SYSTEMPATH/View/View.php(227): CodeIgniter\View\View->CodeIgniter\View\{closure}()
 4 SYSTEMPATH/Common.php(1180): CodeIgniter\View\View->render()
 5 APPPATH/Views/projects/details_view.php(162): view()
 6 SYSTEMPATH/View/View.php(224): include('/var/www/vhosts/costmi.com/httpdocs/app/Views/projects/details_view.php')
 7 SYSTEMPATH/View/View.php(227): CodeIgniter\View\View->CodeIgniter\View\{closure}()
 8 SYSTEMPATH/Common.php(1180): CodeIgniter\View\View->render()
 9 APPPATH/Views/layout/index.php(59): view()
10 SYSTEMPATH/View/View.php(224): include('/var/www/vhosts/costmi.com/httpdocs/app/Views/layout/index.php')
11 SYSTEMPATH/View/View.php(227): CodeIgniter\View\View->CodeIgniter\View\{closure}()
12 SYSTEMPATH/Common.php(1180): CodeIgniter\View\View->render()
13 APPPATH/Libraries/Template.php(38): view()
14 APPPATH/Libraries/Template.php(22): App\Libraries\Template->view()
15 APPPATH/Controllers/Projects.php(969): App\Libraries\Template->rander()
16 SYSTEMPATH/CodeIgniter.php(932): App\Controllers\Projects->view()
17 SYSTEMPATH/CodeIgniter.php(497): CodeIgniter\CodeIgniter->runController()
18 SYSTEMPATH/CodeIgniter.php(366): CodeIgniter\CodeIgniter->handleRequest()
19 FCPATH/index.php(80): CodeIgniter\CodeIgniter->run()
CRITICAL - 2023-09-07 07:21:26 --> Undefined variable $task_name
in APPPATH/Views/detailed_estimates/direct_costs_form.php on line 31.
 1 APPPATH/Views/detailed_estimates/direct_costs_form.php(31): CodeIgniter\Debug\Exceptions->errorHandler()
 2 SYSTEMPATH/View/View.php(224): include('/var/www/vhosts/costmi.com/httpdocs/app/Views/detailed_estimates/direct_costs_form.php')
 3 SYSTEMPATH/View/View.php(227): CodeIgniter\View\View->CodeIgniter\View\{closure}()
 4 SYSTEMPATH/Common.php(1180): CodeIgniter\View\View->render()
 5 APPPATH/Views/projects/details_view.php(162): view()
 6 SYSTEMPATH/View/View.php(224): include('/var/www/vhosts/costmi.com/httpdocs/app/Views/projects/details_view.php')
 7 SYSTEMPATH/View/View.php(227): CodeIgniter\View\View->CodeIgniter\View\{closure}()
 8 SYSTEMPATH/Common.php(1180): CodeIgniter\View\View->render()
 9 APPPATH/Views/layout/index.php(59): view()
10 SYSTEMPATH/View/View.php(224): include('/var/www/vhosts/costmi.com/httpdocs/app/Views/layout/index.php')
11 SYSTEMPATH/View/View.php(227): CodeIgniter\View\View->CodeIgniter\View\{closure}()
12 SYSTEMPATH/Common.php(1180): CodeIgniter\View\View->render()
13 APPPATH/Libraries/Template.php(38): view()
14 APPPATH/Libraries/Template.php(22): App\Libraries\Template->view()
15 APPPATH/Controllers/Projects.php(969): App\Libraries\Template->rander()
16 SYSTEMPATH/CodeIgniter.php(932): App\Controllers\Projects->view()
17 SYSTEMPATH/CodeIgniter.php(497): CodeIgniter\CodeIgniter->runController()
18 SYSTEMPATH/CodeIgniter.php(366): CodeIgniter\CodeIgniter->handleRequest()
19 FCPATH/index.php(80): CodeIgniter\CodeIgniter->run()
CRITICAL - 2023-09-07 07:31:36 --> Undefined variable $resources
in APPPATH/Views/detailed_estimates/direct_costs_table.php on line 20.
 1 APPPATH/Views/detailed_estimates/direct_costs_table.php(20): CodeIgniter\Debug\Exceptions->errorHandler()
 2 SYSTEMPATH/View/View.php(224): include('/var/www/vhosts/costmi.com/httpdocs/app/Views/detailed_estimates/direct_costs_table.php')
 3 SYSTEMPATH/View/View.php(227): CodeIgniter\View\View->CodeIgniter\View\{closure}()
 4 SYSTEMPATH/Common.php(1180): CodeIgniter\View\View->render()
 5 APPPATH/Views/detailed_estimates/index.php(14): view()
 6 SYSTEMPATH/View/View.php(224): include('/var/www/vhosts/costmi.com/httpdocs/app/Views/detailed_estimates/index.php')
 7 SYSTEMPATH/View/View.php(227): CodeIgniter\View\View->CodeIgniter\View\{closure}()
 8 SYSTEMPATH/Common.php(1180): CodeIgniter\View\View->render()
 9 APPPATH/Views/projects/details_view.php(162): view()
10 SYSTEMPATH/View/View.php(224): include('/var/www/vhosts/costmi.com/httpdocs/app/Views/projects/details_view.php')
11 SYSTEMPATH/View/View.php(227): CodeIgniter\View\View->CodeIgniter\View\{closure}()
12 SYSTEMPATH/Common.php(1180): CodeIgniter\View\View->render()
13 APPPATH/Views/layout/index.php(59): view()
14 SYSTEMPATH/View/View.php(224): include('/var/www/vhosts/costmi.com/httpdocs/app/Views/layout/index.php')
15 SYSTEMPATH/View/View.php(227): CodeIgniter\View\View->CodeIgniter\View\{closure}()
16 SYSTEMPATH/Common.php(1180): CodeIgniter\View\View->render()
17 APPPATH/Libraries/Template.php(38): view()
18 APPPATH/Libraries/Template.php(22): App\Libraries\Template->view()
19 APPPATH/Controllers/Projects.php(969): App\Libraries\Template->rander()
20 SYSTEMPATH/CodeIgniter.php(932): App\Controllers\Projects->view()
21 SYSTEMPATH/CodeIgniter.php(497): CodeIgniter\CodeIgniter->runController()
22 SYSTEMPATH/CodeIgniter.php(366): CodeIgniter\CodeIgniter->handleRequest()
23 FCPATH/index.php(80): CodeIgniter\CodeIgniter->run()
CRITICAL - 2023-09-07 07:32:47 --> Undefined variable $resources
in APPPATH/Views/detailed_estimates/direct_costs_table.php on line 20.
 1 APPPATH/Views/detailed_estimates/direct_costs_table.php(20): CodeIgniter\Debug\Exceptions->errorHandler()
 2 SYSTEMPATH/View/View.php(224): include('/var/www/vhosts/costmi.com/httpdocs/app/Views/detailed_estimates/direct_costs_table.php')
 3 SYSTEMPATH/View/View.php(227): CodeIgniter\View\View->CodeIgniter\View\{closure}()
 4 SYSTEMPATH/Common.php(1180): CodeIgniter\View\View->render()
 5 APPPATH/Views/detailed_estimates/index.php(14): view()
 6 SYSTEMPATH/View/View.php(224): include('/var/www/vhosts/costmi.com/httpdocs/app/Views/detailed_estimates/index.php')
 7 SYSTEMPATH/View/View.php(227): CodeIgniter\View\View->CodeIgniter\View\{closure}()
 8 SYSTEMPATH/Common.php(1180): CodeIgniter\View\View->render()
 9 APPPATH/Views/projects/details_view.php(162): view()
10 SYSTEMPATH/View/View.php(224): include('/var/www/vhosts/costmi.com/httpdocs/app/Views/projects/details_view.php')
11 SYSTEMPATH/View/View.php(227): CodeIgniter\View\View->CodeIgniter\View\{closure}()
12 SYSTEMPATH/Common.php(1180): CodeIgniter\View\View->render()
13 APPPATH/Views/layout/index.php(59): view()
14 SYSTEMPATH/View/View.php(224): include('/var/www/vhosts/costmi.com/httpdocs/app/Views/layout/index.php')
15 SYSTEMPATH/View/View.php(227): CodeIgniter\View\View->CodeIgniter\View\{closure}()
16 SYSTEMPATH/Common.php(1180): CodeIgniter\View\View->render()
17 APPPATH/Libraries/Template.php(38): view()
18 APPPATH/Libraries/Template.php(22): App\Libraries\Template->view()
19 APPPATH/Controllers/Projects.php(969): App\Libraries\Template->rander()
20 SYSTEMPATH/CodeIgniter.php(932): App\Controllers\Projects->view()
21 SYSTEMPATH/CodeIgniter.php(497): CodeIgniter\CodeIgniter->runController()
22 SYSTEMPATH/CodeIgniter.php(366): CodeIgniter\CodeIgniter->handleRequest()
23 FCPATH/index.php(80): CodeIgniter\CodeIgniter->run()
CRITICAL - 2023-09-07 07:36:00 --> Undefined variable $resources
in APPPATH/Views/detailed_estimates/direct_costs_table.php on line 20.
 1 APPPATH/Views/detailed_estimates/direct_costs_table.php(20): CodeIgniter\Debug\Exceptions->errorHandler()
 2 SYSTEMPATH/View/View.php(224): include('/var/www/vhosts/costmi.com/httpdocs/app/Views/detailed_estimates/direct_costs_table.php')
 3 SYSTEMPATH/View/View.php(227): CodeIgniter\View\View->CodeIgniter\View\{closure}()
 4 SYSTEMPATH/Common.php(1180): CodeIgniter\View\View->render()
 5 APPPATH/Views/detailed_estimates/index.php(14): view()
 6 SYSTEMPATH/View/View.php(224): include('/var/www/vhosts/costmi.com/httpdocs/app/Views/detailed_estimates/index.php')
 7 SYSTEMPATH/View/View.php(227): CodeIgniter\View\View->CodeIgniter\View\{closure}()
 8 SYSTEMPATH/Common.php(1180): CodeIgniter\View\View->render()
 9 APPPATH/Views/projects/details_view.php(162): view()
10 SYSTEMPATH/View/View.php(224): include('/var/www/vhosts/costmi.com/httpdocs/app/Views/projects/details_view.php')
11 SYSTEMPATH/View/View.php(227): CodeIgniter\View\View->CodeIgniter\View\{closure}()
12 SYSTEMPATH/Common.php(1180): CodeIgniter\View\View->render()
13 APPPATH/Views/layout/index.php(59): view()
14 SYSTEMPATH/View/View.php(224): include('/var/www/vhosts/costmi.com/httpdocs/app/Views/layout/index.php')
15 SYSTEMPATH/View/View.php(227): CodeIgniter\View\View->CodeIgniter\View\{closure}()
16 SYSTEMPATH/Common.php(1180): CodeIgniter\View\View->render()
17 APPPATH/Libraries/Template.php(38): view()
18 APPPATH/Libraries/Template.php(22): App\Libraries\Template->view()
19 APPPATH/Controllers/Projects.php(969): App\Libraries\Template->rander()
20 SYSTEMPATH/CodeIgniter.php(932): App\Controllers\Projects->view()
21 SYSTEMPATH/CodeIgniter.php(497): CodeIgniter\CodeIgniter->runController()
22 SYSTEMPATH/CodeIgniter.php(366): CodeIgniter\CodeIgniter->handleRequest()
23 FCPATH/index.php(80): CodeIgniter\CodeIgniter->run()
CRITICAL - 2023-09-07 11:13:34 --> The action you requested is not allowed.
in SYSTEMPATH/Security/Security.php on line 306.
 1 SYSTEMPATH/Security/Security.php(306): CodeIgniter\Security\Exceptions\SecurityException::forDisallowedAction()
 2 SYSTEMPATH/Filters/CSRF.php(55): CodeIgniter\Security\Security->verify()
 3 SYSTEMPATH/Filters/Filters.php(173): CodeIgniter\Filters\CSRF->before()
 4 SYSTEMPATH/CodeIgniter.php(471): CodeIgniter\Filters\Filters->run()
 5 SYSTEMPATH/CodeIgniter.php(366): CodeIgniter\CodeIgniter->handleRequest()
 6 FCPATH/index.php(80): CodeIgniter\CodeIgniter->run()
