ERROR - 2023-09-11 01:28:05 --> mysqli_sql_exception: Unknown column 'resource_type' in 'field list' in /var/www/vhosts/costmi.com/httpdocs/system/Database/MySQLi/Connection.php:295
Stack trace:
#0 /var/www/vhosts/costmi.com/httpdocs/system/Database/MySQLi/Connection.php(295): mysqli->query()
#1 /var/www/vhosts/costmi.com/httpdocs/system/Database/BaseConnection.php(692): CodeIgniter\Database\MySQLi\Connection->execute()
#2 /var/www/vhosts/costmi.com/httpdocs/system/Database/BaseConnection.php(606): CodeIgniter\Database\BaseConnection->simpleQuery()
#3 /var/www/vhosts/costmi.com/httpdocs/system/Database/BaseBuilder.php(2309): CodeIgniter\Database\BaseConnection->query()
#4 /var/www/vhosts/costmi.com/httpdocs/system/Model.php(330): CodeIgniter\Database\BaseBuilder->insert()
#5 /var/www/vhosts/costmi.com/httpdocs/system/BaseModel.php(782): CodeIgniter\Model->doInsert()
#6 /var/www/vhosts/costmi.com/httpdocs/system/Model.php(730): CodeIgniter\BaseModel->insert()
#7 /var/www/vhosts/costmi.com/httpdocs/app/Controllers/Costs.php(150): CodeIgniter\Model->insert()
#8 /var/www/vhosts/costmi.com/httpdocs/system/CodeIgniter.php(932): App\Controllers\costs->save_cost()
#9 /var/www/vhosts/costmi.com/httpdocs/system/CodeIgniter.php(497): CodeIgniter\CodeIgniter->runController()
#10 /var/www/vhosts/costmi.com/httpdocs/system/CodeIgniter.php(366): CodeIgniter\CodeIgniter->handleRequest()
#11 /var/www/vhosts/costmi.com/httpdocs/index.php(80): CodeIgniter\CodeIgniter->run()
#12 {main}
CRITICAL - 2023-09-11 01:28:05 --> Unknown column 'resource_type' in 'field list'
in SYSTEMPATH/Database/MySQLi/Connection.php on line 295.
 1 SYSTEMPATH/Database/MySQLi/Connection.php(295): mysqli->query()
 2 SYSTEMPATH/Database/BaseConnection.php(692): CodeIgniter\Database\MySQLi\Connection->execute()
 3 SYSTEMPATH/Database/BaseConnection.php(606): CodeIgniter\Database\BaseConnection->simpleQuery()
 4 SYSTEMPATH/Database/BaseBuilder.php(2309): CodeIgniter\Database\BaseConnection->query()
 5 SYSTEMPATH/Model.php(330): CodeIgniter\Database\BaseBuilder->insert()
 6 SYSTEMPATH/BaseModel.php(782): CodeIgniter\Model->doInsert()
 7 SYSTEMPATH/Model.php(730): CodeIgniter\BaseModel->insert()
 8 APPPATH/Controllers/Costs.php(150): CodeIgniter\Model->insert()
 9 SYSTEMPATH/CodeIgniter.php(932): App\Controllers\costs->save_cost()
10 SYSTEMPATH/CodeIgniter.php(497): CodeIgniter\CodeIgniter->runController()
11 SYSTEMPATH/CodeIgniter.php(366): CodeIgniter\CodeIgniter->handleRequest()
12 FCPATH/index.php(80): CodeIgniter\CodeIgniter->run()
ERROR - 2023-09-11 01:28:26 --> mysqli_sql_exception: Unknown column 'resource_type' in 'field list' in /var/www/vhosts/costmi.com/httpdocs/system/Database/MySQLi/Connection.php:295
Stack trace:
#0 /var/www/vhosts/costmi.com/httpdocs/system/Database/MySQLi/Connection.php(295): mysqli->query()
#1 /var/www/vhosts/costmi.com/httpdocs/system/Database/BaseConnection.php(692): CodeIgniter\Database\MySQLi\Connection->execute()
#2 /var/www/vhosts/costmi.com/httpdocs/system/Database/BaseConnection.php(606): CodeIgniter\Database\BaseConnection->simpleQuery()
#3 /var/www/vhosts/costmi.com/httpdocs/system/Database/BaseBuilder.php(2309): CodeIgniter\Database\BaseConnection->query()
#4 /var/www/vhosts/costmi.com/httpdocs/system/Model.php(330): CodeIgniter\Database\BaseBuilder->insert()
#5 /var/www/vhosts/costmi.com/httpdocs/system/BaseModel.php(782): CodeIgniter\Model->doInsert()
#6 /var/www/vhosts/costmi.com/httpdocs/system/Model.php(730): CodeIgniter\BaseModel->insert()
#7 /var/www/vhosts/costmi.com/httpdocs/app/Controllers/Costs.php(150): CodeIgniter\Model->insert()
#8 /var/www/vhosts/costmi.com/httpdocs/system/CodeIgniter.php(932): App\Controllers\costs->save_cost()
#9 /var/www/vhosts/costmi.com/httpdocs/system/CodeIgniter.php(497): CodeIgniter\CodeIgniter->runController()
#10 /var/www/vhosts/costmi.com/httpdocs/system/CodeIgniter.php(366): CodeIgniter\CodeIgniter->handleRequest()
#11 /var/www/vhosts/costmi.com/httpdocs/index.php(80): CodeIgniter\CodeIgniter->run()
#12 {main}
CRITICAL - 2023-09-11 01:28:26 --> Unknown column 'resource_type' in 'field list'
in SYSTEMPATH/Database/MySQLi/Connection.php on line 295.
 1 SYSTEMPATH/Database/MySQLi/Connection.php(295): mysqli->query()
 2 SYSTEMPATH/Database/BaseConnection.php(692): CodeIgniter\Database\MySQLi\Connection->execute()
 3 SYSTEMPATH/Database/BaseConnection.php(606): CodeIgniter\Database\BaseConnection->simpleQuery()
 4 SYSTEMPATH/Database/BaseBuilder.php(2309): CodeIgniter\Database\BaseConnection->query()
 5 SYSTEMPATH/Model.php(330): CodeIgniter\Database\BaseBuilder->insert()
 6 SYSTEMPATH/BaseModel.php(782): CodeIgniter\Model->doInsert()
 7 SYSTEMPATH/Model.php(730): CodeIgniter\BaseModel->insert()
 8 APPPATH/Controllers/Costs.php(150): CodeIgniter\Model->insert()
 9 SYSTEMPATH/CodeIgniter.php(932): App\Controllers\costs->save_cost()
10 SYSTEMPATH/CodeIgniter.php(497): CodeIgniter\CodeIgniter->runController()
11 SYSTEMPATH/CodeIgniter.php(366): CodeIgniter\CodeIgniter->handleRequest()
12 FCPATH/index.php(80): CodeIgniter\CodeIgniter->run()
ERROR - 2023-09-11 01:28:27 --> mysqli_sql_exception: Unknown column 'resource_type' in 'field list' in /var/www/vhosts/costmi.com/httpdocs/system/Database/MySQLi/Connection.php:295
Stack trace:
#0 /var/www/vhosts/costmi.com/httpdocs/system/Database/MySQLi/Connection.php(295): mysqli->query()
#1 /var/www/vhosts/costmi.com/httpdocs/system/Database/BaseConnection.php(692): CodeIgniter\Database\MySQLi\Connection->execute()
#2 /var/www/vhosts/costmi.com/httpdocs/system/Database/BaseConnection.php(606): CodeIgniter\Database\BaseConnection->simpleQuery()
#3 /var/www/vhosts/costmi.com/httpdocs/system/Database/BaseBuilder.php(2309): CodeIgniter\Database\BaseConnection->query()
#4 /var/www/vhosts/costmi.com/httpdocs/system/Model.php(330): CodeIgniter\Database\BaseBuilder->insert()
#5 /var/www/vhosts/costmi.com/httpdocs/system/BaseModel.php(782): CodeIgniter\Model->doInsert()
#6 /var/www/vhosts/costmi.com/httpdocs/system/Model.php(730): CodeIgniter\BaseModel->insert()
#7 /var/www/vhosts/costmi.com/httpdocs/app/Controllers/Costs.php(150): CodeIgniter\Model->insert()
#8 /var/www/vhosts/costmi.com/httpdocs/system/CodeIgniter.php(932): App\Controllers\costs->save_cost()
#9 /var/www/vhosts/costmi.com/httpdocs/system/CodeIgniter.php(497): CodeIgniter\CodeIgniter->runController()
#10 /var/www/vhosts/costmi.com/httpdocs/system/CodeIgniter.php(366): CodeIgniter\CodeIgniter->handleRequest()
#11 /var/www/vhosts/costmi.com/httpdocs/index.php(80): CodeIgniter\CodeIgniter->run()
#12 {main}
CRITICAL - 2023-09-11 01:28:27 --> Unknown column 'resource_type' in 'field list'
in SYSTEMPATH/Database/MySQLi/Connection.php on line 295.
 1 SYSTEMPATH/Database/MySQLi/Connection.php(295): mysqli->query()
 2 SYSTEMPATH/Database/BaseConnection.php(692): CodeIgniter\Database\MySQLi\Connection->execute()
 3 SYSTEMPATH/Database/BaseConnection.php(606): CodeIgniter\Database\BaseConnection->simpleQuery()
 4 SYSTEMPATH/Database/BaseBuilder.php(2309): CodeIgniter\Database\BaseConnection->query()
 5 SYSTEMPATH/Model.php(330): CodeIgniter\Database\BaseBuilder->insert()
 6 SYSTEMPATH/BaseModel.php(782): CodeIgniter\Model->doInsert()
 7 SYSTEMPATH/Model.php(730): CodeIgniter\BaseModel->insert()
 8 APPPATH/Controllers/Costs.php(150): CodeIgniter\Model->insert()
 9 SYSTEMPATH/CodeIgniter.php(932): App\Controllers\costs->save_cost()
10 SYSTEMPATH/CodeIgniter.php(497): CodeIgniter\CodeIgniter->runController()
11 SYSTEMPATH/CodeIgniter.php(366): CodeIgniter\CodeIgniter->handleRequest()
12 FCPATH/index.php(80): CodeIgniter\CodeIgniter->run()
ERROR - 2023-09-11 01:30:17 --> mysqli_sql_exception: Unknown column 'resource_type' in 'field list' in /var/www/vhosts/costmi.com/httpdocs/system/Database/MySQLi/Connection.php:295
Stack trace:
#0 /var/www/vhosts/costmi.com/httpdocs/system/Database/MySQLi/Connection.php(295): mysqli->query()
#1 /var/www/vhosts/costmi.com/httpdocs/system/Database/BaseConnection.php(692): CodeIgniter\Database\MySQLi\Connection->execute()
#2 /var/www/vhosts/costmi.com/httpdocs/system/Database/BaseConnection.php(606): CodeIgniter\Database\BaseConnection->simpleQuery()
#3 /var/www/vhosts/costmi.com/httpdocs/system/Database/BaseBuilder.php(2309): CodeIgniter\Database\BaseConnection->query()
#4 /var/www/vhosts/costmi.com/httpdocs/system/Model.php(330): CodeIgniter\Database\BaseBuilder->insert()
#5 /var/www/vhosts/costmi.com/httpdocs/system/BaseModel.php(782): CodeIgniter\Model->doInsert()
#6 /var/www/vhosts/costmi.com/httpdocs/system/Model.php(730): CodeIgniter\BaseModel->insert()
#7 /var/www/vhosts/costmi.com/httpdocs/app/Controllers/Costs.php(150): CodeIgniter\Model->insert()
#8 /var/www/vhosts/costmi.com/httpdocs/system/CodeIgniter.php(932): App\Controllers\costs->save_cost()
#9 /var/www/vhosts/costmi.com/httpdocs/system/CodeIgniter.php(497): CodeIgniter\CodeIgniter->runController()
#10 /var/www/vhosts/costmi.com/httpdocs/system/CodeIgniter.php(366): CodeIgniter\CodeIgniter->handleRequest()
#11 /var/www/vhosts/costmi.com/httpdocs/index.php(80): CodeIgniter\CodeIgniter->run()
#12 {main}
CRITICAL - 2023-09-11 01:30:17 --> Unknown column 'resource_type' in 'field list'
in SYSTEMPATH/Database/MySQLi/Connection.php on line 295.
 1 SYSTEMPATH/Database/MySQLi/Connection.php(295): mysqli->query()
 2 SYSTEMPATH/Database/BaseConnection.php(692): CodeIgniter\Database\MySQLi\Connection->execute()
 3 SYSTEMPATH/Database/BaseConnection.php(606): CodeIgniter\Database\BaseConnection->simpleQuery()
 4 SYSTEMPATH/Database/BaseBuilder.php(2309): CodeIgniter\Database\BaseConnection->query()
 5 SYSTEMPATH/Model.php(330): CodeIgniter\Database\BaseBuilder->insert()
 6 SYSTEMPATH/BaseModel.php(782): CodeIgniter\Model->doInsert()
 7 SYSTEMPATH/Model.php(730): CodeIgniter\BaseModel->insert()
 8 APPPATH/Controllers/Costs.php(150): CodeIgniter\Model->insert()
 9 SYSTEMPATH/CodeIgniter.php(932): App\Controllers\costs->save_cost()
10 SYSTEMPATH/CodeIgniter.php(497): CodeIgniter\CodeIgniter->runController()
11 SYSTEMPATH/CodeIgniter.php(366): CodeIgniter\CodeIgniter->handleRequest()
12 FCPATH/index.php(80): CodeIgniter\CodeIgniter->run()
ERROR - 2023-09-11 01:30:18 --> mysqli_sql_exception: Unknown column 'resource_type' in 'field list' in /var/www/vhosts/costmi.com/httpdocs/system/Database/MySQLi/Connection.php:295
Stack trace:
#0 /var/www/vhosts/costmi.com/httpdocs/system/Database/MySQLi/Connection.php(295): mysqli->query()
#1 /var/www/vhosts/costmi.com/httpdocs/system/Database/BaseConnection.php(692): CodeIgniter\Database\MySQLi\Connection->execute()
#2 /var/www/vhosts/costmi.com/httpdocs/system/Database/BaseConnection.php(606): CodeIgniter\Database\BaseConnection->simpleQuery()
#3 /var/www/vhosts/costmi.com/httpdocs/system/Database/BaseBuilder.php(2309): CodeIgniter\Database\BaseConnection->query()
#4 /var/www/vhosts/costmi.com/httpdocs/system/Model.php(330): CodeIgniter\Database\BaseBuilder->insert()
#5 /var/www/vhosts/costmi.com/httpdocs/system/BaseModel.php(782): CodeIgniter\Model->doInsert()
#6 /var/www/vhosts/costmi.com/httpdocs/system/Model.php(730): CodeIgniter\BaseModel->insert()
#7 /var/www/vhosts/costmi.com/httpdocs/app/Controllers/Costs.php(150): CodeIgniter\Model->insert()
#8 /var/www/vhosts/costmi.com/httpdocs/system/CodeIgniter.php(932): App\Controllers\costs->save_cost()
#9 /var/www/vhosts/costmi.com/httpdocs/system/CodeIgniter.php(497): CodeIgniter\CodeIgniter->runController()
#10 /var/www/vhosts/costmi.com/httpdocs/system/CodeIgniter.php(366): CodeIgniter\CodeIgniter->handleRequest()
#11 /var/www/vhosts/costmi.com/httpdocs/index.php(80): CodeIgniter\CodeIgniter->run()
#12 {main}
CRITICAL - 2023-09-11 01:30:18 --> Unknown column 'resource_type' in 'field list'
in SYSTEMPATH/Database/MySQLi/Connection.php on line 295.
 1 SYSTEMPATH/Database/MySQLi/Connection.php(295): mysqli->query()
 2 SYSTEMPATH/Database/BaseConnection.php(692): CodeIgniter\Database\MySQLi\Connection->execute()
 3 SYSTEMPATH/Database/BaseConnection.php(606): CodeIgniter\Database\BaseConnection->simpleQuery()
 4 SYSTEMPATH/Database/BaseBuilder.php(2309): CodeIgniter\Database\BaseConnection->query()
 5 SYSTEMPATH/Model.php(330): CodeIgniter\Database\BaseBuilder->insert()
 6 SYSTEMPATH/BaseModel.php(782): CodeIgniter\Model->doInsert()
 7 SYSTEMPATH/Model.php(730): CodeIgniter\BaseModel->insert()
 8 APPPATH/Controllers/Costs.php(150): CodeIgniter\Model->insert()
 9 SYSTEMPATH/CodeIgniter.php(932): App\Controllers\costs->save_cost()
10 SYSTEMPATH/CodeIgniter.php(497): CodeIgniter\CodeIgniter->runController()
11 SYSTEMPATH/CodeIgniter.php(366): CodeIgniter\CodeIgniter->handleRequest()
12 FCPATH/index.php(80): CodeIgniter\CodeIgniter->run()
ERROR - 2023-09-11 01:32:04 --> mysqli_sql_exception: Unknown column 'resource_type' in 'field list' in /var/www/vhosts/costmi.com/httpdocs/system/Database/MySQLi/Connection.php:295
Stack trace:
#0 /var/www/vhosts/costmi.com/httpdocs/system/Database/MySQLi/Connection.php(295): mysqli->query()
#1 /var/www/vhosts/costmi.com/httpdocs/system/Database/BaseConnection.php(692): CodeIgniter\Database\MySQLi\Connection->execute()
#2 /var/www/vhosts/costmi.com/httpdocs/system/Database/BaseConnection.php(606): CodeIgniter\Database\BaseConnection->simpleQuery()
#3 /var/www/vhosts/costmi.com/httpdocs/system/Database/BaseBuilder.php(2309): CodeIgniter\Database\BaseConnection->query()
#4 /var/www/vhosts/costmi.com/httpdocs/system/Model.php(330): CodeIgniter\Database\BaseBuilder->insert()
#5 /var/www/vhosts/costmi.com/httpdocs/system/BaseModel.php(782): CodeIgniter\Model->doInsert()
#6 /var/www/vhosts/costmi.com/httpdocs/system/Model.php(730): CodeIgniter\BaseModel->insert()
#7 /var/www/vhosts/costmi.com/httpdocs/app/Controllers/Costs.php(148): CodeIgniter\Model->insert()
#8 /var/www/vhosts/costmi.com/httpdocs/system/CodeIgniter.php(932): App\Controllers\costs->save_cost()
#9 /var/www/vhosts/costmi.com/httpdocs/system/CodeIgniter.php(497): CodeIgniter\CodeIgniter->runController()
#10 /var/www/vhosts/costmi.com/httpdocs/system/CodeIgniter.php(366): CodeIgniter\CodeIgniter->handleRequest()
#11 /var/www/vhosts/costmi.com/httpdocs/index.php(80): CodeIgniter\CodeIgniter->run()
#12 {main}
CRITICAL - 2023-09-11 01:32:04 --> Unknown column 'resource_type' in 'field list'
in SYSTEMPATH/Database/MySQLi/Connection.php on line 295.
 1 SYSTEMPATH/Database/MySQLi/Connection.php(295): mysqli->query()
 2 SYSTEMPATH/Database/BaseConnection.php(692): CodeIgniter\Database\MySQLi\Connection->execute()
 3 SYSTEMPATH/Database/BaseConnection.php(606): CodeIgniter\Database\BaseConnection->simpleQuery()
 4 SYSTEMPATH/Database/BaseBuilder.php(2309): CodeIgniter\Database\BaseConnection->query()
 5 SYSTEMPATH/Model.php(330): CodeIgniter\Database\BaseBuilder->insert()
 6 SYSTEMPATH/BaseModel.php(782): CodeIgniter\Model->doInsert()
 7 SYSTEMPATH/Model.php(730): CodeIgniter\BaseModel->insert()
 8 APPPATH/Controllers/Costs.php(148): CodeIgniter\Model->insert()
 9 SYSTEMPATH/CodeIgniter.php(932): App\Controllers\costs->save_cost()
10 SYSTEMPATH/CodeIgniter.php(497): CodeIgniter\CodeIgniter->runController()
11 SYSTEMPATH/CodeIgniter.php(366): CodeIgniter\CodeIgniter->handleRequest()
12 FCPATH/index.php(80): CodeIgniter\CodeIgniter->run()
ERROR - 2023-09-11 01:33:10 --> mysqli_sql_exception: Unknown column 'resource_type' in 'field list' in /var/www/vhosts/costmi.com/httpdocs/system/Database/MySQLi/Connection.php:295
Stack trace:
#0 /var/www/vhosts/costmi.com/httpdocs/system/Database/MySQLi/Connection.php(295): mysqli->query()
#1 /var/www/vhosts/costmi.com/httpdocs/system/Database/BaseConnection.php(692): CodeIgniter\Database\MySQLi\Connection->execute()
#2 /var/www/vhosts/costmi.com/httpdocs/system/Database/BaseConnection.php(606): CodeIgniter\Database\BaseConnection->simpleQuery()
#3 /var/www/vhosts/costmi.com/httpdocs/system/Database/BaseBuilder.php(2309): CodeIgniter\Database\BaseConnection->query()
#4 /var/www/vhosts/costmi.com/httpdocs/system/Model.php(330): CodeIgniter\Database\BaseBuilder->insert()
#5 /var/www/vhosts/costmi.com/httpdocs/system/BaseModel.php(782): CodeIgniter\Model->doInsert()
#6 /var/www/vhosts/costmi.com/httpdocs/system/Model.php(730): CodeIgniter\BaseModel->insert()
#7 /var/www/vhosts/costmi.com/httpdocs/app/Controllers/Costs.php(148): CodeIgniter\Model->insert()
#8 /var/www/vhosts/costmi.com/httpdocs/system/CodeIgniter.php(932): App\Controllers\costs->save_cost()
#9 /var/www/vhosts/costmi.com/httpdocs/system/CodeIgniter.php(497): CodeIgniter\CodeIgniter->runController()
#10 /var/www/vhosts/costmi.com/httpdocs/system/CodeIgniter.php(366): CodeIgniter\CodeIgniter->handleRequest()
#11 /var/www/vhosts/costmi.com/httpdocs/index.php(80): CodeIgniter\CodeIgniter->run()
#12 {main}
CRITICAL - 2023-09-11 01:33:10 --> Unknown column 'resource_type' in 'field list'
in SYSTEMPATH/Database/MySQLi/Connection.php on line 295.
 1 SYSTEMPATH/Database/MySQLi/Connection.php(295): mysqli->query()
 2 SYSTEMPATH/Database/BaseConnection.php(692): CodeIgniter\Database\MySQLi\Connection->execute()
 3 SYSTEMPATH/Database/BaseConnection.php(606): CodeIgniter\Database\BaseConnection->simpleQuery()
 4 SYSTEMPATH/Database/BaseBuilder.php(2309): CodeIgniter\Database\BaseConnection->query()
 5 SYSTEMPATH/Model.php(330): CodeIgniter\Database\BaseBuilder->insert()
 6 SYSTEMPATH/BaseModel.php(782): CodeIgniter\Model->doInsert()
 7 SYSTEMPATH/Model.php(730): CodeIgniter\BaseModel->insert()
 8 APPPATH/Controllers/Costs.php(148): CodeIgniter\Model->insert()
 9 SYSTEMPATH/CodeIgniter.php(932): App\Controllers\costs->save_cost()
10 SYSTEMPATH/CodeIgniter.php(497): CodeIgniter\CodeIgniter->runController()
11 SYSTEMPATH/CodeIgniter.php(366): CodeIgniter\CodeIgniter->handleRequest()
12 FCPATH/index.php(80): CodeIgniter\CodeIgniter->run()
ERROR - 2023-09-11 01:33:13 --> mysqli_sql_exception: Unknown column 'resource_type' in 'field list' in /var/www/vhosts/costmi.com/httpdocs/system/Database/MySQLi/Connection.php:295
Stack trace:
#0 /var/www/vhosts/costmi.com/httpdocs/system/Database/MySQLi/Connection.php(295): mysqli->query()
#1 /var/www/vhosts/costmi.com/httpdocs/system/Database/BaseConnection.php(692): CodeIgniter\Database\MySQLi\Connection->execute()
#2 /var/www/vhosts/costmi.com/httpdocs/system/Database/BaseConnection.php(606): CodeIgniter\Database\BaseConnection->simpleQuery()
#3 /var/www/vhosts/costmi.com/httpdocs/system/Database/BaseBuilder.php(2309): CodeIgniter\Database\BaseConnection->query()
#4 /var/www/vhosts/costmi.com/httpdocs/system/Model.php(330): CodeIgniter\Database\BaseBuilder->insert()
#5 /var/www/vhosts/costmi.com/httpdocs/system/BaseModel.php(782): CodeIgniter\Model->doInsert()
#6 /var/www/vhosts/costmi.com/httpdocs/system/Model.php(730): CodeIgniter\BaseModel->insert()
#7 /var/www/vhosts/costmi.com/httpdocs/app/Controllers/Costs.php(148): CodeIgniter\Model->insert()
#8 /var/www/vhosts/costmi.com/httpdocs/system/CodeIgniter.php(932): App\Controllers\costs->save_cost()
#9 /var/www/vhosts/costmi.com/httpdocs/system/CodeIgniter.php(497): CodeIgniter\CodeIgniter->runController()
#10 /var/www/vhosts/costmi.com/httpdocs/system/CodeIgniter.php(366): CodeIgniter\CodeIgniter->handleRequest()
#11 /var/www/vhosts/costmi.com/httpdocs/index.php(80): CodeIgniter\CodeIgniter->run()
#12 {main}
CRITICAL - 2023-09-11 01:33:13 --> Unknown column 'resource_type' in 'field list'
in SYSTEMPATH/Database/MySQLi/Connection.php on line 295.
 1 SYSTEMPATH/Database/MySQLi/Connection.php(295): mysqli->query()
 2 SYSTEMPATH/Database/BaseConnection.php(692): CodeIgniter\Database\MySQLi\Connection->execute()
 3 SYSTEMPATH/Database/BaseConnection.php(606): CodeIgniter\Database\BaseConnection->simpleQuery()
 4 SYSTEMPATH/Database/BaseBuilder.php(2309): CodeIgniter\Database\BaseConnection->query()
 5 SYSTEMPATH/Model.php(330): CodeIgniter\Database\BaseBuilder->insert()
 6 SYSTEMPATH/BaseModel.php(782): CodeIgniter\Model->doInsert()
 7 SYSTEMPATH/Model.php(730): CodeIgniter\BaseModel->insert()
 8 APPPATH/Controllers/Costs.php(148): CodeIgniter\Model->insert()
 9 SYSTEMPATH/CodeIgniter.php(932): App\Controllers\costs->save_cost()
10 SYSTEMPATH/CodeIgniter.php(497): CodeIgniter\CodeIgniter->runController()
11 SYSTEMPATH/CodeIgniter.php(366): CodeIgniter\CodeIgniter->handleRequest()
12 FCPATH/index.php(80): CodeIgniter\CodeIgniter->run()
ERROR - 2023-09-11 01:34:14 --> mysqli_sql_exception: Unknown column 'resource_type' in 'field list' in /var/www/vhosts/costmi.com/httpdocs/system/Database/MySQLi/Connection.php:295
Stack trace:
#0 /var/www/vhosts/costmi.com/httpdocs/system/Database/MySQLi/Connection.php(295): mysqli->query()
#1 /var/www/vhosts/costmi.com/httpdocs/system/Database/BaseConnection.php(692): CodeIgniter\Database\MySQLi\Connection->execute()
#2 /var/www/vhosts/costmi.com/httpdocs/system/Database/BaseConnection.php(606): CodeIgniter\Database\BaseConnection->simpleQuery()
#3 /var/www/vhosts/costmi.com/httpdocs/system/Database/BaseBuilder.php(2309): CodeIgniter\Database\BaseConnection->query()
#4 /var/www/vhosts/costmi.com/httpdocs/system/Model.php(330): CodeIgniter\Database\BaseBuilder->insert()
#5 /var/www/vhosts/costmi.com/httpdocs/system/BaseModel.php(782): CodeIgniter\Model->doInsert()
#6 /var/www/vhosts/costmi.com/httpdocs/system/Model.php(730): CodeIgniter\BaseModel->insert()
#7 /var/www/vhosts/costmi.com/httpdocs/app/Controllers/Costs.php(148): CodeIgniter\Model->insert()
#8 /var/www/vhosts/costmi.com/httpdocs/system/CodeIgniter.php(932): App\Controllers\costs->save_cost()
#9 /var/www/vhosts/costmi.com/httpdocs/system/CodeIgniter.php(497): CodeIgniter\CodeIgniter->runController()
#10 /var/www/vhosts/costmi.com/httpdocs/system/CodeIgniter.php(366): CodeIgniter\CodeIgniter->handleRequest()
#11 /var/www/vhosts/costmi.com/httpdocs/index.php(80): CodeIgniter\CodeIgniter->run()
#12 {main}
CRITICAL - 2023-09-11 01:34:14 --> Unknown column 'resource_type' in 'field list'
in SYSTEMPATH/Database/MySQLi/Connection.php on line 295.
 1 SYSTEMPATH/Database/MySQLi/Connection.php(295): mysqli->query()
 2 SYSTEMPATH/Database/BaseConnection.php(692): CodeIgniter\Database\MySQLi\Connection->execute()
 3 SYSTEMPATH/Database/BaseConnection.php(606): CodeIgniter\Database\BaseConnection->simpleQuery()
 4 SYSTEMPATH/Database/BaseBuilder.php(2309): CodeIgniter\Database\BaseConnection->query()
 5 SYSTEMPATH/Model.php(330): CodeIgniter\Database\BaseBuilder->insert()
 6 SYSTEMPATH/BaseModel.php(782): CodeIgniter\Model->doInsert()
 7 SYSTEMPATH/Model.php(730): CodeIgniter\BaseModel->insert()
 8 APPPATH/Controllers/Costs.php(148): CodeIgniter\Model->insert()
 9 SYSTEMPATH/CodeIgniter.php(932): App\Controllers\costs->save_cost()
10 SYSTEMPATH/CodeIgniter.php(497): CodeIgniter\CodeIgniter->runController()
11 SYSTEMPATH/CodeIgniter.php(366): CodeIgniter\CodeIgniter->handleRequest()
12 FCPATH/index.php(80): CodeIgniter\CodeIgniter->run()
CRITICAL - 2023-09-11 01:38:12 --> Undefined array key "source"
in APPPATH/Views/costs/material_tab.php on line 31.
 1 APPPATH/Views/costs/material_tab.php(31): CodeIgniter\Debug\Exceptions->errorHandler()
 2 SYSTEMPATH/View/View.php(224): include('/var/www/vhosts/costmi.com/httpdocs/app/Views/costs/material_tab.php')
 3 SYSTEMPATH/View/View.php(227): CodeIgniter\View\View->CodeIgniter\View\{closure}()
 4 SYSTEMPATH/Common.php(1180): CodeIgniter\View\View->render()
 5 APPPATH/Views/costs/index.php(15): view()
 6 SYSTEMPATH/View/View.php(224): include('/var/www/vhosts/costmi.com/httpdocs/app/Views/costs/index.php')
 7 SYSTEMPATH/View/View.php(227): CodeIgniter\View\View->CodeIgniter\View\{closure}()
 8 SYSTEMPATH/Common.php(1180): CodeIgniter\View\View->render()
 9 APPPATH/Controllers/Costs.php(18): view()
10 SYSTEMPATH/CodeIgniter.php(932): App\Controllers\costs->index()
11 SYSTEMPATH/CodeIgniter.php(497): CodeIgniter\CodeIgniter->runController()
12 SYSTEMPATH/CodeIgniter.php(366): CodeIgniter\CodeIgniter->handleRequest()
13 FCPATH/index.php(80): CodeIgniter\CodeIgniter->run()
CRITICAL - 2023-09-11 01:38:20 --> Undefined array key "source"
in APPPATH/Views/costs/material_tab.php on line 31.
 1 APPPATH/Views/costs/material_tab.php(31): CodeIgniter\Debug\Exceptions->errorHandler()
 2 SYSTEMPATH/View/View.php(224): include('/var/www/vhosts/costmi.com/httpdocs/app/Views/costs/material_tab.php')
 3 SYSTEMPATH/View/View.php(227): CodeIgniter\View\View->CodeIgniter\View\{closure}()
 4 SYSTEMPATH/Common.php(1180): CodeIgniter\View\View->render()
 5 APPPATH/Views/costs/index.php(15): view()
 6 SYSTEMPATH/View/View.php(224): include('/var/www/vhosts/costmi.com/httpdocs/app/Views/costs/index.php')
 7 SYSTEMPATH/View/View.php(227): CodeIgniter\View\View->CodeIgniter\View\{closure}()
 8 SYSTEMPATH/Common.php(1180): CodeIgniter\View\View->render()
 9 APPPATH/Controllers/Costs.php(18): view()
10 SYSTEMPATH/CodeIgniter.php(932): App\Controllers\costs->index()
11 SYSTEMPATH/CodeIgniter.php(497): CodeIgniter\CodeIgniter->runController()
12 SYSTEMPATH/CodeIgniter.php(366): CodeIgniter\CodeIgniter->handleRequest()
13 FCPATH/index.php(80): CodeIgniter\CodeIgniter->run()
CRITICAL - 2023-09-11 01:38:27 --> Undefined array key "source"
in APPPATH/Views/costs/material_tab.php on line 31.
 1 APPPATH/Views/costs/material_tab.php(31): CodeIgniter\Debug\Exceptions->errorHandler()
 2 SYSTEMPATH/View/View.php(224): include('/var/www/vhosts/costmi.com/httpdocs/app/Views/costs/material_tab.php')
 3 SYSTEMPATH/View/View.php(227): CodeIgniter\View\View->CodeIgniter\View\{closure}()
 4 SYSTEMPATH/Common.php(1180): CodeIgniter\View\View->render()
 5 APPPATH/Views/costs/index.php(15): view()
 6 SYSTEMPATH/View/View.php(224): include('/var/www/vhosts/costmi.com/httpdocs/app/Views/costs/index.php')
 7 SYSTEMPATH/View/View.php(227): CodeIgniter\View\View->CodeIgniter\View\{closure}()
 8 SYSTEMPATH/Common.php(1180): CodeIgniter\View\View->render()
 9 APPPATH/Controllers/Costs.php(18): view()
10 SYSTEMPATH/CodeIgniter.php(932): App\Controllers\costs->index()
11 SYSTEMPATH/CodeIgniter.php(497): CodeIgniter\CodeIgniter->runController()
12 SYSTEMPATH/CodeIgniter.php(366): CodeIgniter\CodeIgniter->handleRequest()
13 FCPATH/index.php(80): CodeIgniter\CodeIgniter->run()
CRITICAL - 2023-09-11 01:39:24 --> Undefined array key "source"
in APPPATH/Views/costs/material_tab.php on line 31.
 1 APPPATH/Views/costs/material_tab.php(31): CodeIgniter\Debug\Exceptions->errorHandler()
 2 SYSTEMPATH/View/View.php(224): include('/var/www/vhosts/costmi.com/httpdocs/app/Views/costs/material_tab.php')
 3 SYSTEMPATH/View/View.php(227): CodeIgniter\View\View->CodeIgniter\View\{closure}()
 4 SYSTEMPATH/Common.php(1180): CodeIgniter\View\View->render()
 5 APPPATH/Views/costs/index.php(15): view()
 6 SYSTEMPATH/View/View.php(224): include('/var/www/vhosts/costmi.com/httpdocs/app/Views/costs/index.php')
 7 SYSTEMPATH/View/View.php(227): CodeIgniter\View\View->CodeIgniter\View\{closure}()
 8 SYSTEMPATH/Common.php(1180): CodeIgniter\View\View->render()
 9 APPPATH/Controllers/Costs.php(18): view()
10 SYSTEMPATH/CodeIgniter.php(932): App\Controllers\costs->index()
11 SYSTEMPATH/CodeIgniter.php(497): CodeIgniter\CodeIgniter->runController()
12 SYSTEMPATH/CodeIgniter.php(366): CodeIgniter\CodeIgniter->handleRequest()
13 FCPATH/index.php(80): CodeIgniter\CodeIgniter->run()
CRITICAL - 2023-09-11 01:39:48 --> Undefined array key "source"
in APPPATH/Views/costs/material_tab.php on line 31.
 1 APPPATH/Views/costs/material_tab.php(31): CodeIgniter\Debug\Exceptions->errorHandler()
 2 SYSTEMPATH/View/View.php(224): include('/var/www/vhosts/costmi.com/httpdocs/app/Views/costs/material_tab.php')
 3 SYSTEMPATH/View/View.php(227): CodeIgniter\View\View->CodeIgniter\View\{closure}()
 4 SYSTEMPATH/Common.php(1180): CodeIgniter\View\View->render()
 5 APPPATH/Views/costs/index.php(15): view()
 6 SYSTEMPATH/View/View.php(224): include('/var/www/vhosts/costmi.com/httpdocs/app/Views/costs/index.php')
 7 SYSTEMPATH/View/View.php(227): CodeIgniter\View\View->CodeIgniter\View\{closure}()
 8 SYSTEMPATH/Common.php(1180): CodeIgniter\View\View->render()
 9 APPPATH/Controllers/Costs.php(18): view()
10 SYSTEMPATH/CodeIgniter.php(932): App\Controllers\costs->index()
11 SYSTEMPATH/CodeIgniter.php(497): CodeIgniter\CodeIgniter->runController()
12 SYSTEMPATH/CodeIgniter.php(366): CodeIgniter\CodeIgniter->handleRequest()
13 FCPATH/index.php(80): CodeIgniter\CodeIgniter->run()
CRITICAL - 2023-09-11 01:39:57 --> Undefined array key "source"
in APPPATH/Views/costs/material_tab.php on line 31.
 1 APPPATH/Views/costs/material_tab.php(31): CodeIgniter\Debug\Exceptions->errorHandler()
 2 SYSTEMPATH/View/View.php(224): include('/var/www/vhosts/costmi.com/httpdocs/app/Views/costs/material_tab.php')
 3 SYSTEMPATH/View/View.php(227): CodeIgniter\View\View->CodeIgniter\View\{closure}()
 4 SYSTEMPATH/Common.php(1180): CodeIgniter\View\View->render()
 5 APPPATH/Views/costs/index.php(15): view()
 6 SYSTEMPATH/View/View.php(224): include('/var/www/vhosts/costmi.com/httpdocs/app/Views/costs/index.php')
 7 SYSTEMPATH/View/View.php(227): CodeIgniter\View\View->CodeIgniter\View\{closure}()
 8 SYSTEMPATH/Common.php(1180): CodeIgniter\View\View->render()
 9 APPPATH/Controllers/Costs.php(18): view()
10 SYSTEMPATH/CodeIgniter.php(932): App\Controllers\costs->index()
11 SYSTEMPATH/CodeIgniter.php(497): CodeIgniter\CodeIgniter->runController()
12 SYSTEMPATH/CodeIgniter.php(366): CodeIgniter\CodeIgniter->handleRequest()
13 FCPATH/index.php(80): CodeIgniter\CodeIgniter->run()
CRITICAL - 2023-09-11 01:40:03 --> Undefined array key "source"
in APPPATH/Views/costs/material_tab.php on line 31.
 1 APPPATH/Views/costs/material_tab.php(31): CodeIgniter\Debug\Exceptions->errorHandler()
 2 SYSTEMPATH/View/View.php(224): include('/var/www/vhosts/costmi.com/httpdocs/app/Views/costs/material_tab.php')
 3 SYSTEMPATH/View/View.php(227): CodeIgniter\View\View->CodeIgniter\View\{closure}()
 4 SYSTEMPATH/Common.php(1180): CodeIgniter\View\View->render()
 5 APPPATH/Views/costs/index.php(15): view()
 6 SYSTEMPATH/View/View.php(224): include('/var/www/vhosts/costmi.com/httpdocs/app/Views/costs/index.php')
 7 SYSTEMPATH/View/View.php(227): CodeIgniter\View\View->CodeIgniter\View\{closure}()
 8 SYSTEMPATH/Common.php(1180): CodeIgniter\View\View->render()
 9 APPPATH/Controllers/Costs.php(18): view()
10 SYSTEMPATH/CodeIgniter.php(932): App\Controllers\costs->index()
11 SYSTEMPATH/CodeIgniter.php(497): CodeIgniter\CodeIgniter->runController()
12 SYSTEMPATH/CodeIgniter.php(366): CodeIgniter\CodeIgniter->handleRequest()
13 FCPATH/index.php(80): CodeIgniter\CodeIgniter->run()
CRITICAL - 2023-09-11 01:40:04 --> Undefined array key "source"
in APPPATH/Views/costs/material_tab.php on line 31.
 1 APPPATH/Views/costs/material_tab.php(31): CodeIgniter\Debug\Exceptions->errorHandler()
 2 SYSTEMPATH/View/View.php(224): include('/var/www/vhosts/costmi.com/httpdocs/app/Views/costs/material_tab.php')
 3 SYSTEMPATH/View/View.php(227): CodeIgniter\View\View->CodeIgniter\View\{closure}()
 4 SYSTEMPATH/Common.php(1180): CodeIgniter\View\View->render()
 5 APPPATH/Views/costs/index.php(15): view()
 6 SYSTEMPATH/View/View.php(224): include('/var/www/vhosts/costmi.com/httpdocs/app/Views/costs/index.php')
 7 SYSTEMPATH/View/View.php(227): CodeIgniter\View\View->CodeIgniter\View\{closure}()
 8 SYSTEMPATH/Common.php(1180): CodeIgniter\View\View->render()
 9 APPPATH/Controllers/Costs.php(18): view()
10 SYSTEMPATH/CodeIgniter.php(932): App\Controllers\costs->index()
11 SYSTEMPATH/CodeIgniter.php(497): CodeIgniter\CodeIgniter->runController()
12 SYSTEMPATH/CodeIgniter.php(366): CodeIgniter\CodeIgniter->handleRequest()
13 FCPATH/index.php(80): CodeIgniter\CodeIgniter->run()
CRITICAL - 2023-09-11 01:40:27 --> Undefined array key "source"
in APPPATH/Views/costs/material_tab.php on line 31.
 1 APPPATH/Views/costs/material_tab.php(31): CodeIgniter\Debug\Exceptions->errorHandler()
 2 SYSTEMPATH/View/View.php(224): include('/var/www/vhosts/costmi.com/httpdocs/app/Views/costs/material_tab.php')
 3 SYSTEMPATH/View/View.php(227): CodeIgniter\View\View->CodeIgniter\View\{closure}()
 4 SYSTEMPATH/Common.php(1180): CodeIgniter\View\View->render()
 5 APPPATH/Views/costs/index.php(15): view()
 6 SYSTEMPATH/View/View.php(224): include('/var/www/vhosts/costmi.com/httpdocs/app/Views/costs/index.php')
 7 SYSTEMPATH/View/View.php(227): CodeIgniter\View\View->CodeIgniter\View\{closure}()
 8 SYSTEMPATH/Common.php(1180): CodeIgniter\View\View->render()
 9 APPPATH/Controllers/Costs.php(18): view()
10 SYSTEMPATH/CodeIgniter.php(932): App\Controllers\costs->index()
11 SYSTEMPATH/CodeIgniter.php(497): CodeIgniter\CodeIgniter->runController()
12 SYSTEMPATH/CodeIgniter.php(366): CodeIgniter\CodeIgniter->handleRequest()
13 FCPATH/index.php(80): CodeIgniter\CodeIgniter->run()
CRITICAL - 2023-09-11 01:40:39 --> Undefined array key "source"
in APPPATH/Views/costs/material_tab.php on line 31.
 1 APPPATH/Views/costs/material_tab.php(31): CodeIgniter\Debug\Exceptions->errorHandler()
 2 SYSTEMPATH/View/View.php(224): include('/var/www/vhosts/costmi.com/httpdocs/app/Views/costs/material_tab.php')
 3 SYSTEMPATH/View/View.php(227): CodeIgniter\View\View->CodeIgniter\View\{closure}()
 4 SYSTEMPATH/Common.php(1180): CodeIgniter\View\View->render()
 5 APPPATH/Views/costs/index.php(15): view()
 6 SYSTEMPATH/View/View.php(224): include('/var/www/vhosts/costmi.com/httpdocs/app/Views/costs/index.php')
 7 SYSTEMPATH/View/View.php(227): CodeIgniter\View\View->CodeIgniter\View\{closure}()
 8 SYSTEMPATH/Common.php(1180): CodeIgniter\View\View->render()
 9 APPPATH/Controllers/Costs.php(18): view()
10 SYSTEMPATH/CodeIgniter.php(932): App\Controllers\costs->index()
11 SYSTEMPATH/CodeIgniter.php(497): CodeIgniter\CodeIgniter->runController()
12 SYSTEMPATH/CodeIgniter.php(366): CodeIgniter\CodeIgniter->handleRequest()
13 FCPATH/index.php(80): CodeIgniter\CodeIgniter->run()
CRITICAL - 2023-09-11 01:40:59 --> Undefined array key "source"
in APPPATH/Views/costs/material_tab.php on line 31.
 1 APPPATH/Views/costs/material_tab.php(31): CodeIgniter\Debug\Exceptions->errorHandler()
 2 SYSTEMPATH/View/View.php(224): include('/var/www/vhosts/costmi.com/httpdocs/app/Views/costs/material_tab.php')
 3 SYSTEMPATH/View/View.php(227): CodeIgniter\View\View->CodeIgniter\View\{closure}()
 4 SYSTEMPATH/Common.php(1180): CodeIgniter\View\View->render()
 5 APPPATH/Views/costs/index.php(15): view()
 6 SYSTEMPATH/View/View.php(224): include('/var/www/vhosts/costmi.com/httpdocs/app/Views/costs/index.php')
 7 SYSTEMPATH/View/View.php(227): CodeIgniter\View\View->CodeIgniter\View\{closure}()
 8 SYSTEMPATH/Common.php(1180): CodeIgniter\View\View->render()
 9 APPPATH/Controllers/Costs.php(18): view()
10 SYSTEMPATH/CodeIgniter.php(932): App\Controllers\costs->index()
11 SYSTEMPATH/CodeIgniter.php(497): CodeIgniter\CodeIgniter->runController()
12 SYSTEMPATH/CodeIgniter.php(366): CodeIgniter\CodeIgniter->handleRequest()
13 FCPATH/index.php(80): CodeIgniter\CodeIgniter->run()
CRITICAL - 2023-09-11 01:41:25 --> Undefined array key "source"
in APPPATH/Views/costs/material_tab.php on line 31.
 1 APPPATH/Views/costs/material_tab.php(31): CodeIgniter\Debug\Exceptions->errorHandler()
 2 SYSTEMPATH/View/View.php(224): include('/var/www/vhosts/costmi.com/httpdocs/app/Views/costs/material_tab.php')
 3 SYSTEMPATH/View/View.php(227): CodeIgniter\View\View->CodeIgniter\View\{closure}()
 4 SYSTEMPATH/Common.php(1180): CodeIgniter\View\View->render()
 5 APPPATH/Views/costs/index.php(15): view()
 6 SYSTEMPATH/View/View.php(224): include('/var/www/vhosts/costmi.com/httpdocs/app/Views/costs/index.php')
 7 SYSTEMPATH/View/View.php(227): CodeIgniter\View\View->CodeIgniter\View\{closure}()
 8 SYSTEMPATH/Common.php(1180): CodeIgniter\View\View->render()
 9 APPPATH/Controllers/Costs.php(18): view()
10 SYSTEMPATH/CodeIgniter.php(932): App\Controllers\costs->index()
11 SYSTEMPATH/CodeIgniter.php(497): CodeIgniter\CodeIgniter->runController()
12 SYSTEMPATH/CodeIgniter.php(366): CodeIgniter\CodeIgniter->handleRequest()
13 FCPATH/index.php(80): CodeIgniter\CodeIgniter->run()
CRITICAL - 2023-09-11 01:41:37 --> Undefined array key "source"
in APPPATH/Views/costs/material_tab.php on line 31.
 1 APPPATH/Views/costs/material_tab.php(31): CodeIgniter\Debug\Exceptions->errorHandler()
 2 SYSTEMPATH/View/View.php(224): include('/var/www/vhosts/costmi.com/httpdocs/app/Views/costs/material_tab.php')
 3 SYSTEMPATH/View/View.php(227): CodeIgniter\View\View->CodeIgniter\View\{closure}()
 4 SYSTEMPATH/Common.php(1180): CodeIgniter\View\View->render()
 5 APPPATH/Views/costs/index.php(15): view()
 6 SYSTEMPATH/View/View.php(224): include('/var/www/vhosts/costmi.com/httpdocs/app/Views/costs/index.php')
 7 SYSTEMPATH/View/View.php(227): CodeIgniter\View\View->CodeIgniter\View\{closure}()
 8 SYSTEMPATH/Common.php(1180): CodeIgniter\View\View->render()
 9 APPPATH/Controllers/Costs.php(18): view()
10 SYSTEMPATH/CodeIgniter.php(932): App\Controllers\costs->index()
11 SYSTEMPATH/CodeIgniter.php(497): CodeIgniter\CodeIgniter->runController()
12 SYSTEMPATH/CodeIgniter.php(366): CodeIgniter\CodeIgniter->handleRequest()
13 FCPATH/index.php(80): CodeIgniter\CodeIgniter->run()
CRITICAL - 2023-09-11 01:42:13 --> Undefined array key "source"
in APPPATH/Views/costs/material_tab.php on line 31.
 1 APPPATH/Views/costs/material_tab.php(31): CodeIgniter\Debug\Exceptions->errorHandler()
 2 SYSTEMPATH/View/View.php(224): include('/var/www/vhosts/costmi.com/httpdocs/app/Views/costs/material_tab.php')
 3 SYSTEMPATH/View/View.php(227): CodeIgniter\View\View->CodeIgniter\View\{closure}()
 4 SYSTEMPATH/Common.php(1180): CodeIgniter\View\View->render()
 5 APPPATH/Views/costs/index.php(15): view()
 6 SYSTEMPATH/View/View.php(224): include('/var/www/vhosts/costmi.com/httpdocs/app/Views/costs/index.php')
 7 SYSTEMPATH/View/View.php(227): CodeIgniter\View\View->CodeIgniter\View\{closure}()
 8 SYSTEMPATH/Common.php(1180): CodeIgniter\View\View->render()
 9 APPPATH/Controllers/Costs.php(18): view()
10 SYSTEMPATH/CodeIgniter.php(932): App\Controllers\costs->index()
11 SYSTEMPATH/CodeIgniter.php(497): CodeIgniter\CodeIgniter->runController()
12 SYSTEMPATH/CodeIgniter.php(366): CodeIgniter\CodeIgniter->handleRequest()
13 FCPATH/index.php(80): CodeIgniter\CodeIgniter->run()
CRITICAL - 2023-09-11 01:42:58 --> Undefined array key "source"
in APPPATH/Views/costs/material_tab.php on line 31.
 1 APPPATH/Views/costs/material_tab.php(31): CodeIgniter\Debug\Exceptions->errorHandler()
 2 SYSTEMPATH/View/View.php(224): include('/var/www/vhosts/costmi.com/httpdocs/app/Views/costs/material_tab.php')
 3 SYSTEMPATH/View/View.php(227): CodeIgniter\View\View->CodeIgniter\View\{closure}()
 4 SYSTEMPATH/Common.php(1180): CodeIgniter\View\View->render()
 5 APPPATH/Views/costs/index.php(15): view()
 6 SYSTEMPATH/View/View.php(224): include('/var/www/vhosts/costmi.com/httpdocs/app/Views/costs/index.php')
 7 SYSTEMPATH/View/View.php(227): CodeIgniter\View\View->CodeIgniter\View\{closure}()
 8 SYSTEMPATH/Common.php(1180): CodeIgniter\View\View->render()
 9 APPPATH/Controllers/Costs.php(18): view()
10 SYSTEMPATH/CodeIgniter.php(932): App\Controllers\costs->index()
11 SYSTEMPATH/CodeIgniter.php(497): CodeIgniter\CodeIgniter->runController()
12 SYSTEMPATH/CodeIgniter.php(366): CodeIgniter\CodeIgniter->handleRequest()
13 FCPATH/index.php(80): CodeIgniter\CodeIgniter->run()
CRITICAL - 2023-09-11 01:43:27 --> Undefined array key "source"
in APPPATH/Views/costs/material_tab.php on line 31.
 1 APPPATH/Views/costs/material_tab.php(31): CodeIgniter\Debug\Exceptions->errorHandler()
 2 SYSTEMPATH/View/View.php(224): include('/var/www/vhosts/costmi.com/httpdocs/app/Views/costs/material_tab.php')
 3 SYSTEMPATH/View/View.php(227): CodeIgniter\View\View->CodeIgniter\View\{closure}()
 4 SYSTEMPATH/Common.php(1180): CodeIgniter\View\View->render()
 5 APPPATH/Views/costs/index.php(15): view()
 6 SYSTEMPATH/View/View.php(224): include('/var/www/vhosts/costmi.com/httpdocs/app/Views/costs/index.php')
 7 SYSTEMPATH/View/View.php(227): CodeIgniter\View\View->CodeIgniter\View\{closure}()
 8 SYSTEMPATH/Common.php(1180): CodeIgniter\View\View->render()
 9 APPPATH/Controllers/Costs.php(18): view()
10 SYSTEMPATH/CodeIgniter.php(932): App\Controllers\costs->index()
11 SYSTEMPATH/CodeIgniter.php(497): CodeIgniter\CodeIgniter->runController()
12 SYSTEMPATH/CodeIgniter.php(366): CodeIgniter\CodeIgniter->handleRequest()
13 FCPATH/index.php(80): CodeIgniter\CodeIgniter->run()
CRITICAL - 2023-09-11 01:43:50 --> Undefined array key "source"
in APPPATH/Views/costs/material_tab.php on line 31.
 1 APPPATH/Views/costs/material_tab.php(31): CodeIgniter\Debug\Exceptions->errorHandler()
 2 SYSTEMPATH/View/View.php(224): include('/var/www/vhosts/costmi.com/httpdocs/app/Views/costs/material_tab.php')
 3 SYSTEMPATH/View/View.php(227): CodeIgniter\View\View->CodeIgniter\View\{closure}()
 4 SYSTEMPATH/Common.php(1180): CodeIgniter\View\View->render()
 5 APPPATH/Views/costs/index.php(15): view()
 6 SYSTEMPATH/View/View.php(224): include('/var/www/vhosts/costmi.com/httpdocs/app/Views/costs/index.php')
 7 SYSTEMPATH/View/View.php(227): CodeIgniter\View\View->CodeIgniter\View\{closure}()
 8 SYSTEMPATH/Common.php(1180): CodeIgniter\View\View->render()
 9 APPPATH/Controllers/Costs.php(18): view()
10 SYSTEMPATH/CodeIgniter.php(932): App\Controllers\costs->index()
11 SYSTEMPATH/CodeIgniter.php(497): CodeIgniter\CodeIgniter->runController()
12 SYSTEMPATH/CodeIgniter.php(366): CodeIgniter\CodeIgniter->handleRequest()
13 FCPATH/index.php(80): CodeIgniter\CodeIgniter->run()
CRITICAL - 2023-09-11 01:44:20 --> Undefined array key "source"
in APPPATH/Views/costs/material_tab.php on line 31.
 1 APPPATH/Views/costs/material_tab.php(31): CodeIgniter\Debug\Exceptions->errorHandler()
 2 SYSTEMPATH/View/View.php(224): include('/var/www/vhosts/costmi.com/httpdocs/app/Views/costs/material_tab.php')
 3 SYSTEMPATH/View/View.php(227): CodeIgniter\View\View->CodeIgniter\View\{closure}()
 4 SYSTEMPATH/Common.php(1180): CodeIgniter\View\View->render()
 5 APPPATH/Views/costs/index.php(15): view()
 6 SYSTEMPATH/View/View.php(224): include('/var/www/vhosts/costmi.com/httpdocs/app/Views/costs/index.php')
 7 SYSTEMPATH/View/View.php(227): CodeIgniter\View\View->CodeIgniter\View\{closure}()
 8 SYSTEMPATH/Common.php(1180): CodeIgniter\View\View->render()
 9 APPPATH/Controllers/Costs.php(18): view()
10 SYSTEMPATH/CodeIgniter.php(932): App\Controllers\costs->index()
11 SYSTEMPATH/CodeIgniter.php(497): CodeIgniter\CodeIgniter->runController()
12 SYSTEMPATH/CodeIgniter.php(366): CodeIgniter\CodeIgniter->handleRequest()
13 FCPATH/index.php(80): CodeIgniter\CodeIgniter->run()
CRITICAL - 2023-09-11 01:44:43 --> Undefined array key "source"
in APPPATH/Views/costs/material_tab.php on line 31.
 1 APPPATH/Views/costs/material_tab.php(31): CodeIgniter\Debug\Exceptions->errorHandler()
 2 SYSTEMPATH/View/View.php(224): include('/var/www/vhosts/costmi.com/httpdocs/app/Views/costs/material_tab.php')
 3 SYSTEMPATH/View/View.php(227): CodeIgniter\View\View->CodeIgniter\View\{closure}()
 4 SYSTEMPATH/Common.php(1180): CodeIgniter\View\View->render()
 5 APPPATH/Views/costs/index.php(15): view()
 6 SYSTEMPATH/View/View.php(224): include('/var/www/vhosts/costmi.com/httpdocs/app/Views/costs/index.php')
 7 SYSTEMPATH/View/View.php(227): CodeIgniter\View\View->CodeIgniter\View\{closure}()
 8 SYSTEMPATH/Common.php(1180): CodeIgniter\View\View->render()
 9 APPPATH/Controllers/Costs.php(18): view()
10 SYSTEMPATH/CodeIgniter.php(932): App\Controllers\costs->index()
11 SYSTEMPATH/CodeIgniter.php(497): CodeIgniter\CodeIgniter->runController()
12 SYSTEMPATH/CodeIgniter.php(366): CodeIgniter\CodeIgniter->handleRequest()
13 FCPATH/index.php(80): CodeIgniter\CodeIgniter->run()
CRITICAL - 2023-09-11 01:46:09 --> Undefined array key "source"
in APPPATH/Views/costs/material_tab.php on line 31.
 1 APPPATH/Views/costs/material_tab.php(31): CodeIgniter\Debug\Exceptions->errorHandler()
 2 SYSTEMPATH/View/View.php(224): include('/var/www/vhosts/costmi.com/httpdocs/app/Views/costs/material_tab.php')
 3 SYSTEMPATH/View/View.php(227): CodeIgniter\View\View->CodeIgniter\View\{closure}()
 4 SYSTEMPATH/Common.php(1180): CodeIgniter\View\View->render()
 5 APPPATH/Views/costs/index.php(15): view()
 6 SYSTEMPATH/View/View.php(224): include('/var/www/vhosts/costmi.com/httpdocs/app/Views/costs/index.php')
 7 SYSTEMPATH/View/View.php(227): CodeIgniter\View\View->CodeIgniter\View\{closure}()
 8 SYSTEMPATH/Common.php(1180): CodeIgniter\View\View->render()
 9 APPPATH/Controllers/Costs.php(18): view()
10 SYSTEMPATH/CodeIgniter.php(932): App\Controllers\costs->index()
11 SYSTEMPATH/CodeIgniter.php(497): CodeIgniter\CodeIgniter->runController()
12 SYSTEMPATH/CodeIgniter.php(366): CodeIgniter\CodeIgniter->handleRequest()
13 FCPATH/index.php(80): CodeIgniter\CodeIgniter->run()
CRITICAL - 2023-09-11 01:47:48 --> "reqquired" is not a valid rule.
in SYSTEMPATH/Validation/Validation.php on line 286.
 1 SYSTEMPATH/Validation/Validation.php(286): CodeIgniter\Validation\Exceptions\ValidationException::forRuleNotFound()
 2 SYSTEMPATH/Validation/Validation.php(182): CodeIgniter\Validation\Validation->processRules()
 3 SYSTEMPATH/Controller.php(140): CodeIgniter\Validation\Validation->run()
 4 APPPATH/Controllers/Costs.php(108): CodeIgniter\Controller->validate()
 5 SYSTEMPATH/CodeIgniter.php(932): App\Controllers\costs->save_cost()
 6 SYSTEMPATH/CodeIgniter.php(497): CodeIgniter\CodeIgniter->runController()
 7 SYSTEMPATH/CodeIgniter.php(366): CodeIgniter\CodeIgniter->handleRequest()
 8 FCPATH/index.php(80): CodeIgniter\CodeIgniter->run()
CRITICAL - 2023-09-11 01:47:53 --> "reqquired" is not a valid rule.
in SYSTEMPATH/Validation/Validation.php on line 286.
 1 SYSTEMPATH/Validation/Validation.php(286): CodeIgniter\Validation\Exceptions\ValidationException::forRuleNotFound()
 2 SYSTEMPATH/Validation/Validation.php(182): CodeIgniter\Validation\Validation->processRules()
 3 SYSTEMPATH/Controller.php(140): CodeIgniter\Validation\Validation->run()
 4 APPPATH/Controllers/Costs.php(108): CodeIgniter\Controller->validate()
 5 SYSTEMPATH/CodeIgniter.php(932): App\Controllers\costs->save_cost()
 6 SYSTEMPATH/CodeIgniter.php(497): CodeIgniter\CodeIgniter->runController()
 7 SYSTEMPATH/CodeIgniter.php(366): CodeIgniter\CodeIgniter->handleRequest()
 8 FCPATH/index.php(80): CodeIgniter\CodeIgniter->run()
CRITICAL - 2023-09-11 01:52:10 --> "reqquired" is not a valid rule.
in SYSTEMPATH/Validation/Validation.php on line 286.
 1 SYSTEMPATH/Validation/Validation.php(286): CodeIgniter\Validation\Exceptions\ValidationException::forRuleNotFound()
 2 SYSTEMPATH/Validation/Validation.php(182): CodeIgniter\Validation\Validation->processRules()
 3 SYSTEMPATH/Controller.php(140): CodeIgniter\Validation\Validation->run()
 4 APPPATH/Controllers/Costs.php(108): CodeIgniter\Controller->validate()
 5 SYSTEMPATH/CodeIgniter.php(932): App\Controllers\costs->save_cost()
 6 SYSTEMPATH/CodeIgniter.php(497): CodeIgniter\CodeIgniter->runController()
 7 SYSTEMPATH/CodeIgniter.php(366): CodeIgniter\CodeIgniter->handleRequest()
 8 FCPATH/index.php(80): CodeIgniter\CodeIgniter->run()
CRITICAL - 2023-09-11 01:54:14 --> Undefined array key "source"
in APPPATH/Views/costs/material_tab.php on line 31.
 1 APPPATH/Views/costs/material_tab.php(31): CodeIgniter\Debug\Exceptions->errorHandler()
 2 SYSTEMPATH/View/View.php(224): include('/var/www/vhosts/costmi.com/httpdocs/app/Views/costs/material_tab.php')
 3 SYSTEMPATH/View/View.php(227): CodeIgniter\View\View->CodeIgniter\View\{closure}()
 4 SYSTEMPATH/Common.php(1180): CodeIgniter\View\View->render()
 5 APPPATH/Views/costs/index.php(15): view()
 6 SYSTEMPATH/View/View.php(224): include('/var/www/vhosts/costmi.com/httpdocs/app/Views/costs/index.php')
 7 SYSTEMPATH/View/View.php(227): CodeIgniter\View\View->CodeIgniter\View\{closure}()
 8 SYSTEMPATH/Common.php(1180): CodeIgniter\View\View->render()
 9 APPPATH/Controllers/Costs.php(18): view()
10 SYSTEMPATH/CodeIgniter.php(932): App\Controllers\costs->index()
11 SYSTEMPATH/CodeIgniter.php(497): CodeIgniter\CodeIgniter->runController()
12 SYSTEMPATH/CodeIgniter.php(366): CodeIgniter\CodeIgniter->handleRequest()
13 FCPATH/index.php(80): CodeIgniter\CodeIgniter->run()
CRITICAL - 2023-09-11 01:54:27 --> Undefined array key "source"
in APPPATH/Views/costs/material_tab.php on line 31.
 1 APPPATH/Views/costs/material_tab.php(31): CodeIgniter\Debug\Exceptions->errorHandler()
 2 SYSTEMPATH/View/View.php(224): include('/var/www/vhosts/costmi.com/httpdocs/app/Views/costs/material_tab.php')
 3 SYSTEMPATH/View/View.php(227): CodeIgniter\View\View->CodeIgniter\View\{closure}()
 4 SYSTEMPATH/Common.php(1180): CodeIgniter\View\View->render()
 5 APPPATH/Views/costs/index.php(15): view()
 6 SYSTEMPATH/View/View.php(224): include('/var/www/vhosts/costmi.com/httpdocs/app/Views/costs/index.php')
 7 SYSTEMPATH/View/View.php(227): CodeIgniter\View\View->CodeIgniter\View\{closure}()
 8 SYSTEMPATH/Common.php(1180): CodeIgniter\View\View->render()
 9 APPPATH/Controllers/Costs.php(18): view()
10 SYSTEMPATH/CodeIgniter.php(932): App\Controllers\costs->index()
11 SYSTEMPATH/CodeIgniter.php(497): CodeIgniter\CodeIgniter->runController()
12 SYSTEMPATH/CodeIgniter.php(366): CodeIgniter\CodeIgniter->handleRequest()
13 FCPATH/index.php(80): CodeIgniter\CodeIgniter->run()
CRITICAL - 2023-09-11 01:54:46 --> Undefined variable $costId
in APPPATH/Controllers/Costs.php on line 25.
 1 APPPATH/Controllers/Costs.php(25): CodeIgniter\Debug\Exceptions->errorHandler()
 2 SYSTEMPATH/CodeIgniter.php(932): App\Controllers\costs->modal_form()
 3 SYSTEMPATH/CodeIgniter.php(497): CodeIgniter\CodeIgniter->runController()
 4 SYSTEMPATH/CodeIgniter.php(366): CodeIgniter\CodeIgniter->handleRequest()
 5 FCPATH/index.php(80): CodeIgniter\CodeIgniter->run()
CRITICAL - 2023-09-11 01:54:47 --> Undefined variable $costId
in APPPATH/Controllers/Costs.php on line 25.
 1 APPPATH/Controllers/Costs.php(25): CodeIgniter\Debug\Exceptions->errorHandler()
 2 SYSTEMPATH/CodeIgniter.php(932): App\Controllers\costs->modal_form()
 3 SYSTEMPATH/CodeIgniter.php(497): CodeIgniter\CodeIgniter->runController()
 4 SYSTEMPATH/CodeIgniter.php(366): CodeIgniter\CodeIgniter->handleRequest()
 5 FCPATH/index.php(80): CodeIgniter\CodeIgniter->run()
CRITICAL - 2023-09-11 01:55:57 --> Undefined array key "source"
in APPPATH/Views/costs/material_tab.php on line 31.
 1 APPPATH/Views/costs/material_tab.php(31): CodeIgniter\Debug\Exceptions->errorHandler()
 2 SYSTEMPATH/View/View.php(224): include('/var/www/vhosts/costmi.com/httpdocs/app/Views/costs/material_tab.php')
 3 SYSTEMPATH/View/View.php(227): CodeIgniter\View\View->CodeIgniter\View\{closure}()
 4 SYSTEMPATH/Common.php(1180): CodeIgniter\View\View->render()
 5 APPPATH/Views/costs/index.php(15): view()
 6 SYSTEMPATH/View/View.php(224): include('/var/www/vhosts/costmi.com/httpdocs/app/Views/costs/index.php')
 7 SYSTEMPATH/View/View.php(227): CodeIgniter\View\View->CodeIgniter\View\{closure}()
 8 SYSTEMPATH/Common.php(1180): CodeIgniter\View\View->render()
 9 APPPATH/Controllers/Costs.php(18): view()
10 SYSTEMPATH/CodeIgniter.php(932): App\Controllers\costs->index()
11 SYSTEMPATH/CodeIgniter.php(497): CodeIgniter\CodeIgniter->runController()
12 SYSTEMPATH/CodeIgniter.php(366): CodeIgniter\CodeIgniter->handleRequest()
13 FCPATH/index.php(80): CodeIgniter\CodeIgniter->run()
CRITICAL - 2023-09-11 01:56:04 --> Undefined array key "source"
in APPPATH/Views/costs/material_tab.php on line 31.
 1 APPPATH/Views/costs/material_tab.php(31): CodeIgniter\Debug\Exceptions->errorHandler()
 2 SYSTEMPATH/View/View.php(224): include('/var/www/vhosts/costmi.com/httpdocs/app/Views/costs/material_tab.php')
 3 SYSTEMPATH/View/View.php(227): CodeIgniter\View\View->CodeIgniter\View\{closure}()
 4 SYSTEMPATH/Common.php(1180): CodeIgniter\View\View->render()
 5 APPPATH/Views/costs/index.php(15): view()
 6 SYSTEMPATH/View/View.php(224): include('/var/www/vhosts/costmi.com/httpdocs/app/Views/costs/index.php')
 7 SYSTEMPATH/View/View.php(227): CodeIgniter\View\View->CodeIgniter\View\{closure}()
 8 SYSTEMPATH/Common.php(1180): CodeIgniter\View\View->render()
 9 APPPATH/Controllers/Costs.php(18): view()
10 SYSTEMPATH/CodeIgniter.php(932): App\Controllers\costs->index()
11 SYSTEMPATH/CodeIgniter.php(497): CodeIgniter\CodeIgniter->runController()
12 SYSTEMPATH/CodeIgniter.php(366): CodeIgniter\CodeIgniter->handleRequest()
13 FCPATH/index.php(80): CodeIgniter\CodeIgniter->run()
CRITICAL - 2023-09-11 02:02:02 --> Undefined array key "source"
in APPPATH/Views/costs/material_tab.php on line 31.
 1 APPPATH/Views/costs/material_tab.php(31): CodeIgniter\Debug\Exceptions->errorHandler()
 2 SYSTEMPATH/View/View.php(224): include('/var/www/vhosts/costmi.com/httpdocs/app/Views/costs/material_tab.php')
 3 SYSTEMPATH/View/View.php(227): CodeIgniter\View\View->CodeIgniter\View\{closure}()
 4 SYSTEMPATH/Common.php(1180): CodeIgniter\View\View->render()
 5 APPPATH/Views/costs/index.php(15): view()
 6 SYSTEMPATH/View/View.php(224): include('/var/www/vhosts/costmi.com/httpdocs/app/Views/costs/index.php')
 7 SYSTEMPATH/View/View.php(227): CodeIgniter\View\View->CodeIgniter\View\{closure}()
 8 SYSTEMPATH/Common.php(1180): CodeIgniter\View\View->render()
 9 APPPATH/Controllers/Costs.php(18): view()
10 SYSTEMPATH/CodeIgniter.php(932): App\Controllers\costs->index()
11 SYSTEMPATH/CodeIgniter.php(497): CodeIgniter\CodeIgniter->runController()
12 SYSTEMPATH/CodeIgniter.php(366): CodeIgniter\CodeIgniter->handleRequest()
13 FCPATH/index.php(80): CodeIgniter\CodeIgniter->run()
CRITICAL - 2023-09-11 02:05:33 --> Undefined array key "source"
in APPPATH/Views/costs/material_tab.php on line 31.
 1 APPPATH/Views/costs/material_tab.php(31): CodeIgniter\Debug\Exceptions->errorHandler()
 2 SYSTEMPATH/View/View.php(224): include('/var/www/vhosts/costmi.com/httpdocs/app/Views/costs/material_tab.php')
 3 SYSTEMPATH/View/View.php(227): CodeIgniter\View\View->CodeIgniter\View\{closure}()
 4 SYSTEMPATH/Common.php(1180): CodeIgniter\View\View->render()
 5 APPPATH/Views/costs/index.php(15): view()
 6 SYSTEMPATH/View/View.php(224): include('/var/www/vhosts/costmi.com/httpdocs/app/Views/costs/index.php')
 7 SYSTEMPATH/View/View.php(227): CodeIgniter\View\View->CodeIgniter\View\{closure}()
 8 SYSTEMPATH/Common.php(1180): CodeIgniter\View\View->render()
 9 APPPATH/Controllers/Costs.php(18): view()
10 SYSTEMPATH/CodeIgniter.php(932): App\Controllers\costs->index()
11 SYSTEMPATH/CodeIgniter.php(497): CodeIgniter\CodeIgniter->runController()
12 SYSTEMPATH/CodeIgniter.php(366): CodeIgniter\CodeIgniter->handleRequest()
13 FCPATH/index.php(80): CodeIgniter\CodeIgniter->run()
CRITICAL - 2023-09-11 02:08:59 --> Undefined array key "source"
in APPPATH/Views/costs/material_tab.php on line 31.
 1 APPPATH/Views/costs/material_tab.php(31): CodeIgniter\Debug\Exceptions->errorHandler()
 2 SYSTEMPATH/View/View.php(224): include('/var/www/vhosts/costmi.com/httpdocs/app/Views/costs/material_tab.php')
 3 SYSTEMPATH/View/View.php(227): CodeIgniter\View\View->CodeIgniter\View\{closure}()
 4 SYSTEMPATH/Common.php(1180): CodeIgniter\View\View->render()
 5 APPPATH/Views/costs/index.php(15): view()
 6 SYSTEMPATH/View/View.php(224): include('/var/www/vhosts/costmi.com/httpdocs/app/Views/costs/index.php')
 7 SYSTEMPATH/View/View.php(227): CodeIgniter\View\View->CodeIgniter\View\{closure}()
 8 SYSTEMPATH/Common.php(1180): CodeIgniter\View\View->render()
 9 APPPATH/Controllers/Costs.php(18): view()
10 SYSTEMPATH/CodeIgniter.php(932): App\Controllers\costs->index()
11 SYSTEMPATH/CodeIgniter.php(497): CodeIgniter\CodeIgniter->runController()
12 SYSTEMPATH/CodeIgniter.php(366): CodeIgniter\CodeIgniter->handleRequest()
13 FCPATH/index.php(80): CodeIgniter\CodeIgniter->run()
CRITICAL - 2023-09-11 02:14:20 --> Invalid file: "costs/material_table.php"
in SYSTEMPATH/Exceptions/FrameworkException.php on line 33.
 1 SYSTEMPATH/View/View.php(212): CodeIgniter\Exceptions\FrameworkException::forInvalidFile()
 2 SYSTEMPATH/Common.php(1180): CodeIgniter\View\View->render()
 3 APPPATH/Views/costs/index.php(15): view()
 4 SYSTEMPATH/View/View.php(224): include('/var/www/vhosts/costmi.com/httpdocs/app/Views/costs/index.php')
 5 SYSTEMPATH/View/View.php(227): CodeIgniter\View\View->CodeIgniter\View\{closure}()
 6 SYSTEMPATH/Common.php(1180): CodeIgniter\View\View->render()
 7 APPPATH/Controllers/Costs.php(18): view()
 8 SYSTEMPATH/CodeIgniter.php(932): App\Controllers\costs->index()
 9 SYSTEMPATH/CodeIgniter.php(497): CodeIgniter\CodeIgniter->runController()
10 SYSTEMPATH/CodeIgniter.php(366): CodeIgniter\CodeIgniter->handleRequest()
11 FCPATH/index.php(80): CodeIgniter\CodeIgniter->run()
CRITICAL - 2023-09-11 02:16:44 --> Invalid file: "costs/material_table.php"
in SYSTEMPATH/Exceptions/FrameworkException.php on line 33.
 1 SYSTEMPATH/View/View.php(212): CodeIgniter\Exceptions\FrameworkException::forInvalidFile()
 2 SYSTEMPATH/Common.php(1180): CodeIgniter\View\View->render()
 3 APPPATH/Views/costs/index.php(15): view()
 4 SYSTEMPATH/View/View.php(224): include('/var/www/vhosts/costmi.com/httpdocs/app/Views/costs/index.php')
 5 SYSTEMPATH/View/View.php(227): CodeIgniter\View\View->CodeIgniter\View\{closure}()
 6 SYSTEMPATH/Common.php(1180): CodeIgniter\View\View->render()
 7 APPPATH/Controllers/Costs.php(18): view()
 8 SYSTEMPATH/CodeIgniter.php(932): App\Controllers\costs->index()
 9 SYSTEMPATH/CodeIgniter.php(497): CodeIgniter\CodeIgniter->runController()
10 SYSTEMPATH/CodeIgniter.php(366): CodeIgniter\CodeIgniter->handleRequest()
11 FCPATH/index.php(80): CodeIgniter\CodeIgniter->run()
CRITICAL - 2023-09-11 02:26:52 --> Undefined array key "source"
in APPPATH/Views/costs/material_table.php on line 31.
 1 APPPATH/Views/costs/material_table.php(31): CodeIgniter\Debug\Exceptions->errorHandler()
 2 SYSTEMPATH/View/View.php(224): include('/var/www/vhosts/costmi.com/httpdocs/app/Views/costs/material_table.php')
 3 SYSTEMPATH/View/View.php(227): CodeIgniter\View\View->CodeIgniter\View\{closure}()
 4 SYSTEMPATH/Common.php(1180): CodeIgniter\View\View->render()
 5 APPPATH/Views/costs/index.php(15): view()
 6 SYSTEMPATH/View/View.php(224): include('/var/www/vhosts/costmi.com/httpdocs/app/Views/costs/index.php')
 7 SYSTEMPATH/View/View.php(227): CodeIgniter\View\View->CodeIgniter\View\{closure}()
 8 SYSTEMPATH/Common.php(1180): CodeIgniter\View\View->render()
 9 APPPATH/Controllers/Costs.php(18): view()
10 SYSTEMPATH/CodeIgniter.php(932): App\Controllers\costs->index()
11 SYSTEMPATH/CodeIgniter.php(497): CodeIgniter\CodeIgniter->runController()
12 SYSTEMPATH/CodeIgniter.php(366): CodeIgniter\CodeIgniter->handleRequest()
13 FCPATH/index.php(80): CodeIgniter\CodeIgniter->run()
CRITICAL - 2023-09-11 02:47:05 --> Undefined array key "source"
in APPPATH/Views/costs/material_table.php on line 31.
 1 APPPATH/Views/costs/material_table.php(31): CodeIgniter\Debug\Exceptions->errorHandler()
 2 SYSTEMPATH/View/View.php(224): include('/var/www/vhosts/costmi.com/httpdocs/app/Views/costs/material_table.php')
 3 SYSTEMPATH/View/View.php(227): CodeIgniter\View\View->CodeIgniter\View\{closure}()
 4 SYSTEMPATH/Common.php(1180): CodeIgniter\View\View->render()
 5 APPPATH/Views/costs/index.php(15): view()
 6 SYSTEMPATH/View/View.php(224): include('/var/www/vhosts/costmi.com/httpdocs/app/Views/costs/index.php')
 7 SYSTEMPATH/View/View.php(227): CodeIgniter\View\View->CodeIgniter\View\{closure}()
 8 SYSTEMPATH/Common.php(1180): CodeIgniter\View\View->render()
 9 APPPATH/Controllers/Costs.php(18): view()
10 SYSTEMPATH/CodeIgniter.php(932): App\Controllers\costs->index()
11 SYSTEMPATH/CodeIgniter.php(497): CodeIgniter\CodeIgniter->runController()
12 SYSTEMPATH/CodeIgniter.php(366): CodeIgniter\CodeIgniter->handleRequest()
13 FCPATH/index.php(80): CodeIgniter\CodeIgniter->run()
CRITICAL - 2023-09-11 02:47:20 --> Undefined variable $userId
in APPPATH/Controllers/Costs.php on line 72.
 1 APPPATH/Controllers/Costs.php(72): CodeIgniter\Debug\Exceptions->errorHandler()
 2 SYSTEMPATH/CodeIgniter.php(932): App\Controllers\costs->modal_form()
 3 SYSTEMPATH/CodeIgniter.php(497): CodeIgniter\CodeIgniter->runController()
 4 SYSTEMPATH/CodeIgniter.php(366): CodeIgniter\CodeIgniter->handleRequest()
 5 FCPATH/index.php(80): CodeIgniter\CodeIgniter->run()
CRITICAL - 2023-09-11 02:48:03 --> Undefined array key "source"
in APPPATH/Views/costs/material_table.php on line 31.
 1 APPPATH/Views/costs/material_table.php(31): CodeIgniter\Debug\Exceptions->errorHandler()
 2 SYSTEMPATH/View/View.php(224): include('/var/www/vhosts/costmi.com/httpdocs/app/Views/costs/material_table.php')
 3 SYSTEMPATH/View/View.php(227): CodeIgniter\View\View->CodeIgniter\View\{closure}()
 4 SYSTEMPATH/Common.php(1180): CodeIgniter\View\View->render()
 5 APPPATH/Views/costs/index.php(15): view()
 6 SYSTEMPATH/View/View.php(224): include('/var/www/vhosts/costmi.com/httpdocs/app/Views/costs/index.php')
 7 SYSTEMPATH/View/View.php(227): CodeIgniter\View\View->CodeIgniter\View\{closure}()
 8 SYSTEMPATH/Common.php(1180): CodeIgniter\View\View->render()
 9 APPPATH/Controllers/Costs.php(18): view()
10 SYSTEMPATH/CodeIgniter.php(932): App\Controllers\costs->index()
11 SYSTEMPATH/CodeIgniter.php(497): CodeIgniter\CodeIgniter->runController()
12 SYSTEMPATH/CodeIgniter.php(366): CodeIgniter\CodeIgniter->handleRequest()
13 FCPATH/index.php(80): CodeIgniter\CodeIgniter->run()
CRITICAL - 2023-09-11 03:11:54 --> Undefined array key "source"
in APPPATH/Views/costs/material_table.php on line 31.
 1 APPPATH/Views/costs/material_table.php(31): CodeIgniter\Debug\Exceptions->errorHandler()
 2 SYSTEMPATH/View/View.php(224): include('/var/www/vhosts/costmi.com/httpdocs/app/Views/costs/material_table.php')
 3 SYSTEMPATH/View/View.php(227): CodeIgniter\View\View->CodeIgniter\View\{closure}()
 4 SYSTEMPATH/Common.php(1180): CodeIgniter\View\View->render()
 5 APPPATH/Views/costs/index.php(15): view()
 6 SYSTEMPATH/View/View.php(224): include('/var/www/vhosts/costmi.com/httpdocs/app/Views/costs/index.php')
 7 SYSTEMPATH/View/View.php(227): CodeIgniter\View\View->CodeIgniter\View\{closure}()
 8 SYSTEMPATH/Common.php(1180): CodeIgniter\View\View->render()
 9 APPPATH/Controllers/Costs.php(18): view()
10 SYSTEMPATH/CodeIgniter.php(932): App\Controllers\costs->index()
11 SYSTEMPATH/CodeIgniter.php(497): CodeIgniter\CodeIgniter->runController()
12 SYSTEMPATH/CodeIgniter.php(366): CodeIgniter\CodeIgniter->handleRequest()
13 FCPATH/index.php(80): CodeIgniter\CodeIgniter->run()
CRITICAL - 2023-09-11 03:30:44 --> Undefined array key "source"
in APPPATH/Views/costs/material_table.php on line 31.
 1 APPPATH/Views/costs/material_table.php(31): CodeIgniter\Debug\Exceptions->errorHandler()
 2 SYSTEMPATH/View/View.php(224): include('/var/www/vhosts/costmi.com/httpdocs/app/Views/costs/material_table.php')
 3 SYSTEMPATH/View/View.php(227): CodeIgniter\View\View->CodeIgniter\View\{closure}()
 4 SYSTEMPATH/Common.php(1180): CodeIgniter\View\View->render()
 5 APPPATH/Views/costs/index.php(15): view()
 6 SYSTEMPATH/View/View.php(224): include('/var/www/vhosts/costmi.com/httpdocs/app/Views/costs/index.php')
 7 SYSTEMPATH/View/View.php(227): CodeIgniter\View\View->CodeIgniter\View\{closure}()
 8 SYSTEMPATH/Common.php(1180): CodeIgniter\View\View->render()
 9 APPPATH/Controllers/Costs.php(18): view()
10 SYSTEMPATH/CodeIgniter.php(932): App\Controllers\costs->index()
11 SYSTEMPATH/CodeIgniter.php(497): CodeIgniter\CodeIgniter->runController()
12 SYSTEMPATH/CodeIgniter.php(366): CodeIgniter\CodeIgniter->handleRequest()
13 FCPATH/index.php(80): CodeIgniter\CodeIgniter->run()
CRITICAL - 2023-09-11 03:52:48 --> Undefined array key "units_per_hr"
in APPPATH/Views/production/index.php on line 34.
 1 APPPATH/Views/production/index.php(34): CodeIgniter\Debug\Exceptions->errorHandler()
 2 SYSTEMPATH/View/View.php(224): include('/var/www/vhosts/costmi.com/httpdocs/app/Views/production/index.php')
 3 SYSTEMPATH/View/View.php(227): CodeIgniter\View\View->CodeIgniter\View\{closure}()
 4 SYSTEMPATH/Common.php(1180): CodeIgniter\View\View->render()
 5 APPPATH/Controllers/Production.php(21): view()
 6 SYSTEMPATH/CodeIgniter.php(932): App\Controllers\Production->index()
 7 SYSTEMPATH/CodeIgniter.php(497): CodeIgniter\CodeIgniter->runController()
 8 SYSTEMPATH/CodeIgniter.php(366): CodeIgniter\CodeIgniter->handleRequest()
 9 FCPATH/index.php(80): CodeIgniter\CodeIgniter->run()
CRITICAL - 2023-09-11 03:52:55 --> Undefined array key "units_per_hr"
in APPPATH/Views/production/index.php on line 34.
 1 APPPATH/Views/production/index.php(34): CodeIgniter\Debug\Exceptions->errorHandler()
 2 SYSTEMPATH/View/View.php(224): include('/var/www/vhosts/costmi.com/httpdocs/app/Views/production/index.php')
 3 SYSTEMPATH/View/View.php(227): CodeIgniter\View\View->CodeIgniter\View\{closure}()
 4 SYSTEMPATH/Common.php(1180): CodeIgniter\View\View->render()
 5 APPPATH/Controllers/Production.php(21): view()
 6 SYSTEMPATH/CodeIgniter.php(932): App\Controllers\Production->index()
 7 SYSTEMPATH/CodeIgniter.php(497): CodeIgniter\CodeIgniter->runController()
 8 SYSTEMPATH/CodeIgniter.php(366): CodeIgniter\CodeIgniter->handleRequest()
 9 FCPATH/index.php(80): CodeIgniter\CodeIgniter->run()
CRITICAL - 2023-09-11 03:53:12 --> Undefined array key "units_per_hr"
in APPPATH/Views/production/index.php on line 34.
 1 APPPATH/Views/production/index.php(34): CodeIgniter\Debug\Exceptions->errorHandler()
 2 SYSTEMPATH/View/View.php(224): include('/var/www/vhosts/costmi.com/httpdocs/app/Views/production/index.php')
 3 SYSTEMPATH/View/View.php(227): CodeIgniter\View\View->CodeIgniter\View\{closure}()
 4 SYSTEMPATH/Common.php(1180): CodeIgniter\View\View->render()
 5 APPPATH/Controllers/Production.php(21): view()
 6 SYSTEMPATH/CodeIgniter.php(932): App\Controllers\Production->index()
 7 SYSTEMPATH/CodeIgniter.php(497): CodeIgniter\CodeIgniter->runController()
 8 SYSTEMPATH/CodeIgniter.php(366): CodeIgniter\CodeIgniter->handleRequest()
 9 FCPATH/index.php(80): CodeIgniter\CodeIgniter->run()
CRITICAL - 2023-09-11 03:54:25 --> Undefined array key "units_per_hr"
in APPPATH/Views/production/index.php on line 34.
 1 APPPATH/Views/production/index.php(34): CodeIgniter\Debug\Exceptions->errorHandler()
 2 SYSTEMPATH/View/View.php(224): include('/var/www/vhosts/costmi.com/httpdocs/app/Views/production/index.php')
 3 SYSTEMPATH/View/View.php(227): CodeIgniter\View\View->CodeIgniter\View\{closure}()
 4 SYSTEMPATH/Common.php(1180): CodeIgniter\View\View->render()
 5 APPPATH/Controllers/Production.php(21): view()
 6 SYSTEMPATH/CodeIgniter.php(932): App\Controllers\Production->index()
 7 SYSTEMPATH/CodeIgniter.php(497): CodeIgniter\CodeIgniter->runController()
 8 SYSTEMPATH/CodeIgniter.php(366): CodeIgniter\CodeIgniter->handleRequest()
 9 FCPATH/index.php(80): CodeIgniter\CodeIgniter->run()
CRITICAL - 2023-09-11 03:54:28 --> Undefined array key "units_per_hr"
in APPPATH/Views/production/index.php on line 34.
 1 APPPATH/Views/production/index.php(34): CodeIgniter\Debug\Exceptions->errorHandler()
 2 SYSTEMPATH/View/View.php(224): include('/var/www/vhosts/costmi.com/httpdocs/app/Views/production/index.php')
 3 SYSTEMPATH/View/View.php(227): CodeIgniter\View\View->CodeIgniter\View\{closure}()
 4 SYSTEMPATH/Common.php(1180): CodeIgniter\View\View->render()
 5 APPPATH/Controllers/Production.php(21): view()
 6 SYSTEMPATH/CodeIgniter.php(932): App\Controllers\Production->index()
 7 SYSTEMPATH/CodeIgniter.php(497): CodeIgniter\CodeIgniter->runController()
 8 SYSTEMPATH/CodeIgniter.php(366): CodeIgniter\CodeIgniter->handleRequest()
 9 FCPATH/index.php(80): CodeIgniter\CodeIgniter->run()
CRITICAL - 2023-09-11 03:54:33 --> Undefined array key "units_per_hr"
in APPPATH/Views/production/index.php on line 34.
 1 APPPATH/Views/production/index.php(34): CodeIgniter\Debug\Exceptions->errorHandler()
 2 SYSTEMPATH/View/View.php(224): include('/var/www/vhosts/costmi.com/httpdocs/app/Views/production/index.php')
 3 SYSTEMPATH/View/View.php(227): CodeIgniter\View\View->CodeIgniter\View\{closure}()
 4 SYSTEMPATH/Common.php(1180): CodeIgniter\View\View->render()
 5 APPPATH/Controllers/Production.php(21): view()
 6 SYSTEMPATH/CodeIgniter.php(932): App\Controllers\Production->index()
 7 SYSTEMPATH/CodeIgniter.php(497): CodeIgniter\CodeIgniter->runController()
 8 SYSTEMPATH/CodeIgniter.php(366): CodeIgniter\CodeIgniter->handleRequest()
 9 FCPATH/index.php(80): CodeIgniter\CodeIgniter->run()
WARNING - 2023-09-11 04:11:34 --> [DEPRECATED] explode(): Passing null to parameter #2 ($string) of type string is deprecated in APPPATH/Models/Announcements_model.php on line 34.
 1 APPPATH/Models/Announcements_model.php(34): explode(',', null)
 2 APPPATH/Models/Announcements_model.php(58): App\Models\Announcements_model->prepare_share_with_query('costmi_announcements', 'client', null)
 3 APPPATH/Controllers/Announcements.php(219): App\Models\Announcements_model->get_details([...])
 4 SYSTEMPATH/CodeIgniter.php(932): App\Controllers\Announcements->list_data()
 5 SYSTEMPATH/CodeIgniter.php(497): CodeIgniter\CodeIgniter->runController(Object(App\Controllers\Announcements))
 6 SYSTEMPATH/CodeIgniter.php(366): CodeIgniter\CodeIgniter->handleRequest(null, Object(Config\Cache), false)
 7 FCPATH/index.php(80): CodeIgniter\CodeIgniter->run()
WARNING - 2023-09-11 04:14:41 --> [DEPRECATED] explode(): Passing null to parameter #2 ($string) of type string is deprecated in APPPATH/Models/Announcements_model.php on line 34.
 1 APPPATH/Models/Announcements_model.php(34): explode(',', null)
 2 APPPATH/Models/Announcements_model.php(58): App\Models\Announcements_model->prepare_share_with_query('costmi_announcements', 'client', null)
 3 APPPATH/Controllers/Announcements.php(219): App\Models\Announcements_model->get_details([...])
 4 SYSTEMPATH/CodeIgniter.php(932): App\Controllers\Announcements->list_data()
 5 SYSTEMPATH/CodeIgniter.php(497): CodeIgniter\CodeIgniter->runController(Object(App\Controllers\Announcements))
 6 SYSTEMPATH/CodeIgniter.php(366): CodeIgniter\CodeIgniter->handleRequest(null, Object(Config\Cache), false)
 7 FCPATH/index.php(80): CodeIgniter\CodeIgniter->run()
