CRITICAL - 2023-09-13 13:40:17 --> syntax error, unexpected namespaced name "App\Controllers"
in APPPATH/Controllers/App_Controller.php on line 8.
 1 SYSTEMPATH/Autoloader/Autoloader.php(289): CodeIgniter\Autoloader\Autoloader->includeFile()
 2 SYSTEMPATH/Autoloader/Autoloader.php(267): CodeIgniter\Autoloader\Autoloader->loadInNamespace()
 3 APPPATH/Controllers/Security_Controller.php(5): CodeIgniter\Autoloader\Autoloader->loadClass()
 4 SYSTEMPATH/Autoloader/Autoloader.php(312): include_once('/var/www/vhosts/costmi.com/httpdocs/app/Controllers/Security_Controller.php')
 5 SYSTEMPATH/Autoloader/Autoloader.php(289): CodeIgniter\Autoloader\Autoloader->includeFile()
 6 SYSTEMPATH/Autoloader/Autoloader.php(267): CodeIgniter\Autoloader\Autoloader->loadInNamespace()
 7 APPPATH/Controllers/Messages.php(5): CodeIgniter\Autoloader\Autoloader->loadClass()
 8 SYSTEMPATH/Autoloader/Autoloader.php(312): include_once('/var/www/vhosts/costmi.com/httpdocs/app/Controllers/Messages.php')
 9 SYSTEMPATH/Autoloader/Autoloader.php(289): CodeIgniter\Autoloader\Autoloader->includeFile()
10 SYSTEMPATH/Autoloader/Autoloader.php(267): CodeIgniter\Autoloader\Autoloader->loadInNamespace()
11 [internal function]: CodeIgniter\Autoloader\Autoloader->loadClass()
12 SYSTEMPATH/CodeIgniter.php(890): class_exists()
13 SYSTEMPATH/CodeIgniter.php(484): CodeIgniter\CodeIgniter->startController()
14 SYSTEMPATH/CodeIgniter.php(366): CodeIgniter\CodeIgniter->handleRequest()
15 FCPATH/index.php(80): CodeIgniter\CodeIgniter->run()
CRITICAL - 2023-09-13 13:40:19 --> syntax error, unexpected namespaced name "App\Controllers"
in APPPATH/Controllers/App_Controller.php on line 8.
 1 SYSTEMPATH/Autoloader/Autoloader.php(289): CodeIgniter\Autoloader\Autoloader->includeFile()
 2 SYSTEMPATH/Autoloader/Autoloader.php(267): CodeIgniter\Autoloader\Autoloader->loadInNamespace()
 3 APPPATH/Controllers/Security_Controller.php(5): CodeIgniter\Autoloader\Autoloader->loadClass()
 4 SYSTEMPATH/Autoloader/Autoloader.php(312): include_once('/var/www/vhosts/costmi.com/httpdocs/app/Controllers/Security_Controller.php')
 5 SYSTEMPATH/Autoloader/Autoloader.php(289): CodeIgniter\Autoloader\Autoloader->includeFile()
 6 SYSTEMPATH/Autoloader/Autoloader.php(267): CodeIgniter\Autoloader\Autoloader->loadInNamespace()
 7 APPPATH/Controllers/Dashboard.php(5): CodeIgniter\Autoloader\Autoloader->loadClass()
 8 SYSTEMPATH/Autoloader/Autoloader.php(312): include_once('/var/www/vhosts/costmi.com/httpdocs/app/Controllers/Dashboard.php')
 9 SYSTEMPATH/Autoloader/Autoloader.php(289): CodeIgniter\Autoloader\Autoloader->includeFile()
10 SYSTEMPATH/Autoloader/Autoloader.php(267): CodeIgniter\Autoloader\Autoloader->loadInNamespace()
11 [internal function]: CodeIgniter\Autoloader\Autoloader->loadClass()
12 SYSTEMPATH/CodeIgniter.php(890): class_exists()
13 SYSTEMPATH/CodeIgniter.php(484): CodeIgniter\CodeIgniter->startController()
14 SYSTEMPATH/CodeIgniter.php(366): CodeIgniter\CodeIgniter->handleRequest()
15 FCPATH/index.php(80): CodeIgniter\CodeIgniter->run()
CRITICAL - 2023-09-13 13:50:01 --> syntax error, unexpected namespaced name "App\Controllers"
in APPPATH/Controllers/App_Controller.php on line 8.
 1 SYSTEMPATH/Autoloader/Autoloader.php(289): CodeIgniter\Autoloader\Autoloader->includeFile()
 2 SYSTEMPATH/Autoloader/Autoloader.php(267): CodeIgniter\Autoloader\Autoloader->loadInNamespace()
 3 APPPATH/Controllers/Cron.php(7): CodeIgniter\Autoloader\Autoloader->loadClass()
 4 SYSTEMPATH/Autoloader/Autoloader.php(312): include_once('/var/www/vhosts/costmi.com/httpdocs/app/Controllers/Cron.php')
 5 SYSTEMPATH/Autoloader/Autoloader.php(289): CodeIgniter\Autoloader\Autoloader->includeFile()
 6 SYSTEMPATH/Autoloader/Autoloader.php(267): CodeIgniter\Autoloader\Autoloader->loadInNamespace()
 7 [internal function]: CodeIgniter\Autoloader\Autoloader->loadClass()
 8 SYSTEMPATH/CodeIgniter.php(890): class_exists()
 9 SYSTEMPATH/CodeIgniter.php(484): CodeIgniter\CodeIgniter->startController()
10 SYSTEMPATH/CodeIgniter.php(366): CodeIgniter\CodeIgniter->handleRequest()
11 FCPATH/index.php(80): CodeIgniter\CodeIgniter->run()
CRITICAL - 2023-09-13 13:50:21 --> syntax error, unexpected namespaced name "App\Controllers"
in APPPATH/Controllers/App_Controller.php on line 8.
 1 SYSTEMPATH/Autoloader/Autoloader.php(289): CodeIgniter\Autoloader\Autoloader->includeFile()
 2 SYSTEMPATH/Autoloader/Autoloader.php(267): CodeIgniter\Autoloader\Autoloader->loadInNamespace()
 3 APPPATH/Controllers/Security_Controller.php(5): CodeIgniter\Autoloader\Autoloader->loadClass()
 4 SYSTEMPATH/Autoloader/Autoloader.php(312): include_once('/var/www/vhosts/costmi.com/httpdocs/app/Controllers/Security_Controller.php')
 5 SYSTEMPATH/Autoloader/Autoloader.php(289): CodeIgniter\Autoloader\Autoloader->includeFile()
 6 SYSTEMPATH/Autoloader/Autoloader.php(267): CodeIgniter\Autoloader\Autoloader->loadInNamespace()
 7 APPPATH/Controllers/Dashboard.php(5): CodeIgniter\Autoloader\Autoloader->loadClass()
 8 SYSTEMPATH/Autoloader/Autoloader.php(312): include_once('/var/www/vhosts/costmi.com/httpdocs/app/Controllers/Dashboard.php')
 9 SYSTEMPATH/Autoloader/Autoloader.php(289): CodeIgniter\Autoloader\Autoloader->includeFile()
10 SYSTEMPATH/Autoloader/Autoloader.php(267): CodeIgniter\Autoloader\Autoloader->loadInNamespace()
11 [internal function]: CodeIgniter\Autoloader\Autoloader->loadClass()
12 SYSTEMPATH/CodeIgniter.php(890): class_exists()
13 SYSTEMPATH/CodeIgniter.php(484): CodeIgniter\CodeIgniter->startController()
14 SYSTEMPATH/CodeIgniter.php(366): CodeIgniter\CodeIgniter->handleRequest()
15 FCPATH/index.php(80): CodeIgniter\CodeIgniter->run()
