WARNING - 2023-09-03 09:32:46 --> [DEPRECATED] preg_replace(): Passing null to parameter #3 ($subject) of type array|string is deprecated in APPPATH/Helpers/currency_helper.php on line 95.
 1 APPPATH/Helpers/currency_helper.php(95): preg_replace('/[^\\d,-\\.]/', '', null)
 2 APPPATH/Controllers/Projects.php(316): unformat_currency(null)
 3 SYSTEMPATH/CodeIgniter.php(932): App\Controllers\Projects->save()
 4 SYSTEMPATH/CodeIgniter.php(497): CodeIgniter\CodeIgniter->runController(Object(App\Controllers\Projects))
 5 SYSTEMPATH/CodeIgniter.php(366): CodeIgniter\CodeIgniter->handleRequest(null, Object(Config\Cache), false)
 6 FCPATH/index.php(80): CodeIgniter\CodeIgniter->run()
CRITICAL - 2023-09-03 18:30:20 --> Undefined variable $title
in APPPATH/Views/bills/modal_form.php on line 39.
 1 APPPATH/Views/bills/modal_form.php(39): CodeIgniter\Debug\Exceptions->errorHandler()
 2 SYSTEMPATH/View/View.php(224): include('/var/www/vhosts/costmi.com/httpdocs/app/Views/bills/modal_form.php')
 3 SYSTEMPATH/View/View.php(227): CodeIgniter\View\View->CodeIgniter\View\{closure}()
 4 SYSTEMPATH/Common.php(1180): CodeIgniter\View\View->render()
 5 APPPATH/Controllers/Bills.php(36): view()
 6 SYSTEMPATH/CodeIgniter.php(932): App\Controllers\Bills->modal_form()
 7 SYSTEMPATH/CodeIgniter.php(497): CodeIgniter\CodeIgniter->runController()
 8 SYSTEMPATH/CodeIgniter.php(366): CodeIgniter\CodeIgniter->handleRequest()
 9 FCPATH/index.php(80): CodeIgniter\CodeIgniter->run()
CRITICAL - 2023-09-03 18:30:35 --> Undefined variable $title
in APPPATH/Views/bills/modal_form.php on line 39.
 1 APPPATH/Views/bills/modal_form.php(39): CodeIgniter\Debug\Exceptions->errorHandler()
 2 SYSTEMPATH/View/View.php(224): include('/var/www/vhosts/costmi.com/httpdocs/app/Views/bills/modal_form.php')
 3 SYSTEMPATH/View/View.php(227): CodeIgniter\View\View->CodeIgniter\View\{closure}()
 4 SYSTEMPATH/Common.php(1180): CodeIgniter\View\View->render()
 5 APPPATH/Controllers/Bills.php(36): view()
 6 SYSTEMPATH/CodeIgniter.php(932): App\Controllers\Bills->modal_form()
 7 SYSTEMPATH/CodeIgniter.php(497): CodeIgniter\CodeIgniter->runController()
 8 SYSTEMPATH/CodeIgniter.php(366): CodeIgniter\CodeIgniter->handleRequest()
 9 FCPATH/index.php(80): CodeIgniter\CodeIgniter->run()
CRITICAL - 2023-09-03 18:30:48 --> Undefined variable $title
in APPPATH/Views/bills/modal_form.php on line 39.
 1 APPPATH/Views/bills/modal_form.php(39): CodeIgniter\Debug\Exceptions->errorHandler()
 2 SYSTEMPATH/View/View.php(224): include('/var/www/vhosts/costmi.com/httpdocs/app/Views/bills/modal_form.php')
 3 SYSTEMPATH/View/View.php(227): CodeIgniter\View\View->CodeIgniter\View\{closure}()
 4 SYSTEMPATH/Common.php(1180): CodeIgniter\View\View->render()
 5 APPPATH/Controllers/Bills.php(36): view()
 6 SYSTEMPATH/CodeIgniter.php(932): App\Controllers\Bills->modal_form()
 7 SYSTEMPATH/CodeIgniter.php(497): CodeIgniter\CodeIgniter->runController()
 8 SYSTEMPATH/CodeIgniter.php(366): CodeIgniter\CodeIgniter->handleRequest()
 9 FCPATH/index.php(80): CodeIgniter\CodeIgniter->run()
CRITICAL - 2023-09-03 18:32:24 --> Undefined variable $title
in APPPATH/Views/bills/modal_form.php on line 39.
 1 APPPATH/Views/bills/modal_form.php(39): CodeIgniter\Debug\Exceptions->errorHandler()
 2 SYSTEMPATH/View/View.php(224): include('/var/www/vhosts/costmi.com/httpdocs/app/Views/bills/modal_form.php')
 3 SYSTEMPATH/View/View.php(227): CodeIgniter\View\View->CodeIgniter\View\{closure}()
 4 SYSTEMPATH/Common.php(1180): CodeIgniter\View\View->render()
 5 APPPATH/Controllers/Bills.php(36): view()
 6 SYSTEMPATH/CodeIgniter.php(932): App\Controllers\Bills->modal_form()
 7 SYSTEMPATH/CodeIgniter.php(497): CodeIgniter\CodeIgniter->runController()
 8 SYSTEMPATH/CodeIgniter.php(366): CodeIgniter\CodeIgniter->handleRequest()
 9 FCPATH/index.php(80): CodeIgniter\CodeIgniter->run()
ERROR - 2023-09-03 19:18:52 --> mysqli_sql_exception: Table 'pajero_db.costmi_predefined_values' doesn't exist in /var/www/vhosts/costmi.com/httpdocs/system/Database/MySQLi/Connection.php:295
Stack trace:
#0 /var/www/vhosts/costmi.com/httpdocs/system/Database/MySQLi/Connection.php(295): mysqli->query()
#1 /var/www/vhosts/costmi.com/httpdocs/system/Database/BaseConnection.php(692): CodeIgniter\Database\MySQLi\Connection->execute()
#2 /var/www/vhosts/costmi.com/httpdocs/system/Database/BaseConnection.php(606): CodeIgniter\Database\BaseConnection->simpleQuery()
#3 /var/www/vhosts/costmi.com/httpdocs/system/Database/BaseBuilder.php(1616): CodeIgniter\Database\BaseConnection->query()
#4 /var/www/vhosts/costmi.com/httpdocs/app/Models/Bills_model.php(33): CodeIgniter\Database\BaseBuilder->get()
#5 /var/www/vhosts/costmi.com/httpdocs/app/Controllers/Bills.php(24): App\Models\Bills_model->getPredefinedValues()
#6 /var/www/vhosts/costmi.com/httpdocs/system/CodeIgniter.php(932): App\Controllers\Bills->modal_form()
#7 /var/www/vhosts/costmi.com/httpdocs/system/CodeIgniter.php(497): CodeIgniter\CodeIgniter->runController()
#8 /var/www/vhosts/costmi.com/httpdocs/system/CodeIgniter.php(366): CodeIgniter\CodeIgniter->handleRequest()
#9 /var/www/vhosts/costmi.com/httpdocs/index.php(80): CodeIgniter\CodeIgniter->run()
#10 {main}
CRITICAL - 2023-09-03 19:18:52 --> Table 'pajero_db.costmi_predefined_values' doesn't exist
in SYSTEMPATH/Database/MySQLi/Connection.php on line 295.
 1 SYSTEMPATH/Database/MySQLi/Connection.php(295): mysqli->query()
 2 SYSTEMPATH/Database/BaseConnection.php(692): CodeIgniter\Database\MySQLi\Connection->execute()
 3 SYSTEMPATH/Database/BaseConnection.php(606): CodeIgniter\Database\BaseConnection->simpleQuery()
 4 SYSTEMPATH/Database/BaseBuilder.php(1616): CodeIgniter\Database\BaseConnection->query()
 5 APPPATH/Models/Bills_model.php(33): CodeIgniter\Database\BaseBuilder->get()
 6 APPPATH/Controllers/Bills.php(24): App\Models\Bills_model->getPredefinedValues()
 7 SYSTEMPATH/CodeIgniter.php(932): App\Controllers\Bills->modal_form()
 8 SYSTEMPATH/CodeIgniter.php(497): CodeIgniter\CodeIgniter->runController()
 9 SYSTEMPATH/CodeIgniter.php(366): CodeIgniter\CodeIgniter->handleRequest()
10 FCPATH/index.php(80): CodeIgniter\CodeIgniter->run()
ERROR - 2023-09-03 19:18:57 --> mysqli_sql_exception: Table 'pajero_db.costmi_predefined_values' doesn't exist in /var/www/vhosts/costmi.com/httpdocs/system/Database/MySQLi/Connection.php:295
Stack trace:
#0 /var/www/vhosts/costmi.com/httpdocs/system/Database/MySQLi/Connection.php(295): mysqli->query()
#1 /var/www/vhosts/costmi.com/httpdocs/system/Database/BaseConnection.php(692): CodeIgniter\Database\MySQLi\Connection->execute()
#2 /var/www/vhosts/costmi.com/httpdocs/system/Database/BaseConnection.php(606): CodeIgniter\Database\BaseConnection->simpleQuery()
#3 /var/www/vhosts/costmi.com/httpdocs/system/Database/BaseBuilder.php(1616): CodeIgniter\Database\BaseConnection->query()
#4 /var/www/vhosts/costmi.com/httpdocs/app/Models/Bills_model.php(33): CodeIgniter\Database\BaseBuilder->get()
#5 /var/www/vhosts/costmi.com/httpdocs/app/Controllers/Bills.php(24): App\Models\Bills_model->getPredefinedValues()
#6 /var/www/vhosts/costmi.com/httpdocs/system/CodeIgniter.php(932): App\Controllers\Bills->modal_form()
#7 /var/www/vhosts/costmi.com/httpdocs/system/CodeIgniter.php(497): CodeIgniter\CodeIgniter->runController()
#8 /var/www/vhosts/costmi.com/httpdocs/system/CodeIgniter.php(366): CodeIgniter\CodeIgniter->handleRequest()
#9 /var/www/vhosts/costmi.com/httpdocs/index.php(80): CodeIgniter\CodeIgniter->run()
#10 {main}
CRITICAL - 2023-09-03 19:18:57 --> Table 'pajero_db.costmi_predefined_values' doesn't exist
in SYSTEMPATH/Database/MySQLi/Connection.php on line 295.
 1 SYSTEMPATH/Database/MySQLi/Connection.php(295): mysqli->query()
 2 SYSTEMPATH/Database/BaseConnection.php(692): CodeIgniter\Database\MySQLi\Connection->execute()
 3 SYSTEMPATH/Database/BaseConnection.php(606): CodeIgniter\Database\BaseConnection->simpleQuery()
 4 SYSTEMPATH/Database/BaseBuilder.php(1616): CodeIgniter\Database\BaseConnection->query()
 5 APPPATH/Models/Bills_model.php(33): CodeIgniter\Database\BaseBuilder->get()
 6 APPPATH/Controllers/Bills.php(24): App\Models\Bills_model->getPredefinedValues()
 7 SYSTEMPATH/CodeIgniter.php(932): App\Controllers\Bills->modal_form()
 8 SYSTEMPATH/CodeIgniter.php(497): CodeIgniter\CodeIgniter->runController()
 9 SYSTEMPATH/CodeIgniter.php(366): CodeIgniter\CodeIgniter->handleRequest()
10 FCPATH/index.php(80): CodeIgniter\CodeIgniter->run()
CRITICAL - 2023-09-03 20:10:02 --> Cannot access offset of type string on string
in APPPATH/Helpers/general_helper.php on line 177.
 1 APPPATH/Views/bills/index.php(36): modal_anchor()
 2 SYSTEMPATH/View/View.php(224): include('/var/www/vhosts/costmi.com/httpdocs/app/Views/bills/index.php')
 3 SYSTEMPATH/View/View.php(227): CodeIgniter\View\View->CodeIgniter\View\{closure}()
 4 SYSTEMPATH/Common.php(1180): CodeIgniter\View\View->render()
 5 APPPATH/Controllers/Bills.php(17): view()
 6 SYSTEMPATH/CodeIgniter.php(932): App\Controllers\Bills->index()
 7 SYSTEMPATH/CodeIgniter.php(497): CodeIgniter\CodeIgniter->runController()
 8 SYSTEMPATH/CodeIgniter.php(366): CodeIgniter\CodeIgniter->handleRequest()
 9 FCPATH/index.php(80): CodeIgniter\CodeIgniter->run()
CRITICAL - 2023-09-03 20:10:08 --> Cannot access offset of type string on string
in APPPATH/Helpers/general_helper.php on line 177.
 1 APPPATH/Views/bills/index.php(36): modal_anchor()
 2 SYSTEMPATH/View/View.php(224): include('/var/www/vhosts/costmi.com/httpdocs/app/Views/bills/index.php')
 3 SYSTEMPATH/View/View.php(227): CodeIgniter\View\View->CodeIgniter\View\{closure}()
 4 SYSTEMPATH/Common.php(1180): CodeIgniter\View\View->render()
 5 APPPATH/Controllers/Bills.php(17): view()
 6 SYSTEMPATH/CodeIgniter.php(932): App\Controllers\Bills->index()
 7 SYSTEMPATH/CodeIgniter.php(497): CodeIgniter\CodeIgniter->runController()
 8 SYSTEMPATH/CodeIgniter.php(366): CodeIgniter\CodeIgniter->handleRequest()
 9 FCPATH/index.php(80): CodeIgniter\CodeIgniter->run()
CRITICAL - 2023-09-03 20:10:42 --> Cannot access offset of type string on string
in APPPATH/Helpers/general_helper.php on line 177.
 1 APPPATH/Views/bills/index.php(36): modal_anchor()
 2 SYSTEMPATH/View/View.php(224): include('/var/www/vhosts/costmi.com/httpdocs/app/Views/bills/index.php')
 3 SYSTEMPATH/View/View.php(227): CodeIgniter\View\View->CodeIgniter\View\{closure}()
 4 SYSTEMPATH/Common.php(1180): CodeIgniter\View\View->render()
 5 APPPATH/Controllers/Bills.php(17): view()
 6 SYSTEMPATH/CodeIgniter.php(932): App\Controllers\Bills->index()
 7 SYSTEMPATH/CodeIgniter.php(497): CodeIgniter\CodeIgniter->runController()
 8 SYSTEMPATH/CodeIgniter.php(366): CodeIgniter\CodeIgniter->handleRequest()
 9 FCPATH/index.php(80): CodeIgniter\CodeIgniter->run()
CRITICAL - 2023-09-03 20:10:46 --> Cannot access offset of type string on string
in APPPATH/Helpers/general_helper.php on line 177.
 1 APPPATH/Views/bills/index.php(36): modal_anchor()
 2 SYSTEMPATH/View/View.php(224): include('/var/www/vhosts/costmi.com/httpdocs/app/Views/bills/index.php')
 3 SYSTEMPATH/View/View.php(227): CodeIgniter\View\View->CodeIgniter\View\{closure}()
 4 SYSTEMPATH/Common.php(1180): CodeIgniter\View\View->render()
 5 APPPATH/Controllers/Bills.php(17): view()
 6 SYSTEMPATH/CodeIgniter.php(932): App\Controllers\Bills->index()
 7 SYSTEMPATH/CodeIgniter.php(497): CodeIgniter\CodeIgniter->runController()
 8 SYSTEMPATH/CodeIgniter.php(366): CodeIgniter\CodeIgniter->handleRequest()
 9 FCPATH/index.php(80): CodeIgniter\CodeIgniter->run()
CRITICAL - 2023-09-03 20:11:09 --> Cannot access offset of type string on string
in APPPATH/Helpers/general_helper.php on line 177.
 1 APPPATH/Views/bills/index.php(36): modal_anchor()
 2 SYSTEMPATH/View/View.php(224): include('/var/www/vhosts/costmi.com/httpdocs/app/Views/bills/index.php')
 3 SYSTEMPATH/View/View.php(227): CodeIgniter\View\View->CodeIgniter\View\{closure}()
 4 SYSTEMPATH/Common.php(1180): CodeIgniter\View\View->render()
 5 APPPATH/Controllers/Bills.php(17): view()
 6 SYSTEMPATH/CodeIgniter.php(932): App\Controllers\Bills->index()
 7 SYSTEMPATH/CodeIgniter.php(497): CodeIgniter\CodeIgniter->runController()
 8 SYSTEMPATH/CodeIgniter.php(366): CodeIgniter\CodeIgniter->handleRequest()
 9 FCPATH/index.php(80): CodeIgniter\CodeIgniter->run()
CRITICAL - 2023-09-03 20:12:17 --> Cannot access offset of type string on string
in APPPATH/Helpers/general_helper.php on line 177.
 1 APPPATH/Views/bills/index.php(35): modal_anchor()
 2 SYSTEMPATH/View/View.php(224): include('/var/www/vhosts/costmi.com/httpdocs/app/Views/bills/index.php')
 3 SYSTEMPATH/View/View.php(227): CodeIgniter\View\View->CodeIgniter\View\{closure}()
 4 SYSTEMPATH/Common.php(1180): CodeIgniter\View\View->render()
 5 APPPATH/Controllers/Bills.php(17): view()
 6 SYSTEMPATH/CodeIgniter.php(932): App\Controllers\Bills->index()
 7 SYSTEMPATH/CodeIgniter.php(497): CodeIgniter\CodeIgniter->runController()
 8 SYSTEMPATH/CodeIgniter.php(366): CodeIgniter\CodeIgniter->handleRequest()
 9 FCPATH/index.php(80): CodeIgniter\CodeIgniter->run()
CRITICAL - 2023-09-03 20:12:54 --> Cannot access offset of type string on string
in APPPATH/Helpers/general_helper.php on line 177.
 1 APPPATH/Views/bills/index.php(35): modal_anchor()
 2 SYSTEMPATH/View/View.php(224): include('/var/www/vhosts/costmi.com/httpdocs/app/Views/bills/index.php')
 3 SYSTEMPATH/View/View.php(227): CodeIgniter\View\View->CodeIgniter\View\{closure}()
 4 SYSTEMPATH/Common.php(1180): CodeIgniter\View\View->render()
 5 APPPATH/Controllers/Bills.php(17): view()
 6 SYSTEMPATH/CodeIgniter.php(932): App\Controllers\Bills->index()
 7 SYSTEMPATH/CodeIgniter.php(497): CodeIgniter\CodeIgniter->runController()
 8 SYSTEMPATH/CodeIgniter.php(366): CodeIgniter\CodeIgniter->handleRequest()
 9 FCPATH/index.php(80): CodeIgniter\CodeIgniter->run()
CRITICAL - 2023-09-03 20:13:10 --> Cannot access offset of type string on string
in APPPATH/Helpers/general_helper.php on line 177.
 1 APPPATH/Views/bills/index.php(35): modal_anchor()
 2 SYSTEMPATH/View/View.php(224): include('/var/www/vhosts/costmi.com/httpdocs/app/Views/bills/index.php')
 3 SYSTEMPATH/View/View.php(227): CodeIgniter\View\View->CodeIgniter\View\{closure}()
 4 SYSTEMPATH/Common.php(1180): CodeIgniter\View\View->render()
 5 APPPATH/Controllers/Bills.php(17): view()
 6 SYSTEMPATH/CodeIgniter.php(932): App\Controllers\Bills->index()
 7 SYSTEMPATH/CodeIgniter.php(497): CodeIgniter\CodeIgniter->runController()
 8 SYSTEMPATH/CodeIgniter.php(366): CodeIgniter\CodeIgniter->handleRequest()
 9 FCPATH/index.php(80): CodeIgniter\CodeIgniter->run()
ERROR - 2023-09-03 20:22:48 --> mysqli_sql_exception: Unknown column 'deleted' in 'field list' in /var/www/vhosts/costmi.com/httpdocs/system/Database/MySQLi/Connection.php:295
Stack trace:
#0 /var/www/vhosts/costmi.com/httpdocs/system/Database/MySQLi/Connection.php(295): mysqli->query()
#1 /var/www/vhosts/costmi.com/httpdocs/system/Database/BaseConnection.php(692): CodeIgniter\Database\MySQLi\Connection->execute()
#2 /var/www/vhosts/costmi.com/httpdocs/system/Database/BaseConnection.php(606): CodeIgniter\Database\BaseConnection->simpleQuery()
#3 /var/www/vhosts/costmi.com/httpdocs/system/Database/BaseBuilder.php(2476): CodeIgniter\Database\BaseConnection->query()
#4 /var/www/vhosts/costmi.com/httpdocs/app/Models/Crud_model.php(280): CodeIgniter\Database\BaseBuilder->update()
#5 /var/www/vhosts/costmi.com/httpdocs/app/Controllers/Bills.php(96): App\Models\Crud_model->delete()
#6 /var/www/vhosts/costmi.com/httpdocs/system/CodeIgniter.php(932): App\Controllers\Bills->delete_bill()
#7 /var/www/vhosts/costmi.com/httpdocs/system/CodeIgniter.php(497): CodeIgniter\CodeIgniter->runController()
#8 /var/www/vhosts/costmi.com/httpdocs/system/CodeIgniter.php(366): CodeIgniter\CodeIgniter->handleRequest()
#9 /var/www/vhosts/costmi.com/httpdocs/index.php(80): CodeIgniter\CodeIgniter->run()
#10 {main}
CRITICAL - 2023-09-03 20:22:48 --> Unknown column 'deleted' in 'field list'
in SYSTEMPATH/Database/MySQLi/Connection.php on line 295.
 1 SYSTEMPATH/Database/MySQLi/Connection.php(295): mysqli->query()
 2 SYSTEMPATH/Database/BaseConnection.php(692): CodeIgniter\Database\MySQLi\Connection->execute()
 3 SYSTEMPATH/Database/BaseConnection.php(606): CodeIgniter\Database\BaseConnection->simpleQuery()
 4 SYSTEMPATH/Database/BaseBuilder.php(2476): CodeIgniter\Database\BaseConnection->query()
 5 APPPATH/Models/Crud_model.php(280): CodeIgniter\Database\BaseBuilder->update()
 6 APPPATH/Controllers/Bills.php(96): App\Models\Crud_model->delete()
 7 SYSTEMPATH/CodeIgniter.php(932): App\Controllers\Bills->delete_bill()
 8 SYSTEMPATH/CodeIgniter.php(497): CodeIgniter\CodeIgniter->runController()
 9 SYSTEMPATH/CodeIgniter.php(366): CodeIgniter\CodeIgniter->handleRequest()
10 FCPATH/index.php(80): CodeIgniter\CodeIgniter->run()
ERROR - 2023-09-03 20:23:20 --> mysqli_sql_exception: Unknown column 'deleted' in 'field list' in /var/www/vhosts/costmi.com/httpdocs/system/Database/MySQLi/Connection.php:295
Stack trace:
#0 /var/www/vhosts/costmi.com/httpdocs/system/Database/MySQLi/Connection.php(295): mysqli->query()
#1 /var/www/vhosts/costmi.com/httpdocs/system/Database/BaseConnection.php(692): CodeIgniter\Database\MySQLi\Connection->execute()
#2 /var/www/vhosts/costmi.com/httpdocs/system/Database/BaseConnection.php(606): CodeIgniter\Database\BaseConnection->simpleQuery()
#3 /var/www/vhosts/costmi.com/httpdocs/system/Database/BaseBuilder.php(2476): CodeIgniter\Database\BaseConnection->query()
#4 /var/www/vhosts/costmi.com/httpdocs/app/Models/Crud_model.php(280): CodeIgniter\Database\BaseBuilder->update()
#5 /var/www/vhosts/costmi.com/httpdocs/app/Controllers/Bills.php(96): App\Models\Crud_model->delete()
#6 /var/www/vhosts/costmi.com/httpdocs/system/CodeIgniter.php(932): App\Controllers\Bills->delete_bill()
#7 /var/www/vhosts/costmi.com/httpdocs/system/CodeIgniter.php(497): CodeIgniter\CodeIgniter->runController()
#8 /var/www/vhosts/costmi.com/httpdocs/system/CodeIgniter.php(366): CodeIgniter\CodeIgniter->handleRequest()
#9 /var/www/vhosts/costmi.com/httpdocs/index.php(80): CodeIgniter\CodeIgniter->run()
#10 {main}
CRITICAL - 2023-09-03 20:23:20 --> Unknown column 'deleted' in 'field list'
in SYSTEMPATH/Database/MySQLi/Connection.php on line 295.
 1 SYSTEMPATH/Database/MySQLi/Connection.php(295): mysqli->query()
 2 SYSTEMPATH/Database/BaseConnection.php(692): CodeIgniter\Database\MySQLi\Connection->execute()
 3 SYSTEMPATH/Database/BaseConnection.php(606): CodeIgniter\Database\BaseConnection->simpleQuery()
 4 SYSTEMPATH/Database/BaseBuilder.php(2476): CodeIgniter\Database\BaseConnection->query()
 5 APPPATH/Models/Crud_model.php(280): CodeIgniter\Database\BaseBuilder->update()
 6 APPPATH/Controllers/Bills.php(96): App\Models\Crud_model->delete()
 7 SYSTEMPATH/CodeIgniter.php(932): App\Controllers\Bills->delete_bill()
 8 SYSTEMPATH/CodeIgniter.php(497): CodeIgniter\CodeIgniter->runController()
 9 SYSTEMPATH/CodeIgniter.php(366): CodeIgniter\CodeIgniter->handleRequest()
10 FCPATH/index.php(80): CodeIgniter\CodeIgniter->run()
CRITICAL - 2023-09-03 20:30:36 --> Undefined property: App\Controllers\Bills::$load
in APPPATH/Controllers/Bills.php on line 88.
 1 APPPATH/Controllers/Bills.php(88): CodeIgniter\Debug\Exceptions->errorHandler()
 2 SYSTEMPATH/CodeIgniter.php(932): App\Controllers\Bills->delete_bill()
 3 SYSTEMPATH/CodeIgniter.php(497): CodeIgniter\CodeIgniter->runController()
 4 SYSTEMPATH/CodeIgniter.php(366): CodeIgniter\CodeIgniter->handleRequest()
 5 FCPATH/index.php(80): CodeIgniter\CodeIgniter->run()
CRITICAL - 2023-09-03 20:33:30 --> Call to undefined method App\Models\Bills_model::getBillById
in SYSTEMPATH/Model.php on line 838.
 1 APPPATH/Controllers/Bills.php(91): CodeIgniter\Model->__call()
 2 SYSTEMPATH/CodeIgniter.php(932): App\Controllers\Bills->delete_bill()
 3 SYSTEMPATH/CodeIgniter.php(497): CodeIgniter\CodeIgniter->runController()
 4 SYSTEMPATH/CodeIgniter.php(366): CodeIgniter\CodeIgniter->handleRequest()
 5 FCPATH/index.php(80): CodeIgniter\CodeIgniter->run()
CRITICAL - 2023-09-03 20:36:02 --> Call to undefined method App\Models\Bills_model::deleteBill
in SYSTEMPATH/Model.php on line 838.
 1 APPPATH/Controllers/Bills.php(105): CodeIgniter\Model->__call()
 2 SYSTEMPATH/CodeIgniter.php(932): App\Controllers\Bills->delete_bill()
 3 SYSTEMPATH/CodeIgniter.php(497): CodeIgniter\CodeIgniter->runController()
 4 SYSTEMPATH/CodeIgniter.php(366): CodeIgniter\CodeIgniter->handleRequest()
 5 FCPATH/index.php(80): CodeIgniter\CodeIgniter->run()
CRITICAL - 2023-09-03 21:45:19 --> Array to string conversion
in APPPATH/Views/costs/modal_form.php on line 44.
 1 APPPATH/Views/costs/modal_form.php(44): CodeIgniter\Debug\Exceptions->errorHandler()
 2 SYSTEMPATH/View/View.php(224): include('/var/www/vhosts/costmi.com/httpdocs/app/Views/costs/modal_form.php')
 3 SYSTEMPATH/View/View.php(227): CodeIgniter\View\View->CodeIgniter\View\{closure}()
 4 SYSTEMPATH/Common.php(1180): CodeIgniter\View\View->render()
 5 APPPATH/Controllers/Costs.php(97): view()
 6 SYSTEMPATH/CodeIgniter.php(932): App\Controllers\costs->modal_form()
 7 SYSTEMPATH/CodeIgniter.php(497): CodeIgniter\CodeIgniter->runController()
 8 SYSTEMPATH/CodeIgniter.php(366): CodeIgniter\CodeIgniter->handleRequest()
 9 FCPATH/index.php(80): CodeIgniter\CodeIgniter->run()
CRITICAL - 2023-09-03 21:45:29 --> Array to string conversion
in APPPATH/Views/costs/modal_form.php on line 44.
 1 APPPATH/Views/costs/modal_form.php(44): CodeIgniter\Debug\Exceptions->errorHandler()
 2 SYSTEMPATH/View/View.php(224): include('/var/www/vhosts/costmi.com/httpdocs/app/Views/costs/modal_form.php')
 3 SYSTEMPATH/View/View.php(227): CodeIgniter\View\View->CodeIgniter\View\{closure}()
 4 SYSTEMPATH/Common.php(1180): CodeIgniter\View\View->render()
 5 APPPATH/Controllers/Costs.php(97): view()
 6 SYSTEMPATH/CodeIgniter.php(932): App\Controllers\costs->modal_form()
 7 SYSTEMPATH/CodeIgniter.php(497): CodeIgniter\CodeIgniter->runController()
 8 SYSTEMPATH/CodeIgniter.php(366): CodeIgniter\CodeIgniter->handleRequest()
 9 FCPATH/index.php(80): CodeIgniter\CodeIgniter->run()
CRITICAL - 2023-09-03 21:48:13 --> Undefined variable $descriptionValue
in APPPATH/Views/costs/modal_form.php on line 47.
 1 APPPATH/Views/costs/modal_form.php(47): CodeIgniter\Debug\Exceptions->errorHandler()
 2 SYSTEMPATH/View/View.php(224): include('/var/www/vhosts/costmi.com/httpdocs/app/Views/costs/modal_form.php')
 3 SYSTEMPATH/View/View.php(227): CodeIgniter\View\View->CodeIgniter\View\{closure}()
 4 SYSTEMPATH/Common.php(1180): CodeIgniter\View\View->render()
 5 APPPATH/Controllers/Costs.php(97): view()
 6 SYSTEMPATH/CodeIgniter.php(932): App\Controllers\costs->modal_form()
 7 SYSTEMPATH/CodeIgniter.php(497): CodeIgniter\CodeIgniter->runController()
 8 SYSTEMPATH/CodeIgniter.php(366): CodeIgniter\CodeIgniter->handleRequest()
 9 FCPATH/index.php(80): CodeIgniter\CodeIgniter->run()
CRITICAL - 2023-09-03 21:49:15 --> Array to string conversion
in APPPATH/Views/costs/modal_form.php on line 52.
 1 APPPATH/Views/costs/modal_form.php(52): CodeIgniter\Debug\Exceptions->errorHandler()
 2 SYSTEMPATH/View/View.php(224): include('/var/www/vhosts/costmi.com/httpdocs/app/Views/costs/modal_form.php')
 3 SYSTEMPATH/View/View.php(227): CodeIgniter\View\View->CodeIgniter\View\{closure}()
 4 SYSTEMPATH/Common.php(1180): CodeIgniter\View\View->render()
 5 APPPATH/Controllers/Costs.php(97): view()
 6 SYSTEMPATH/CodeIgniter.php(932): App\Controllers\costs->modal_form()
 7 SYSTEMPATH/CodeIgniter.php(497): CodeIgniter\CodeIgniter->runController()
 8 SYSTEMPATH/CodeIgniter.php(366): CodeIgniter\CodeIgniter->handleRequest()
 9 FCPATH/index.php(80): CodeIgniter\CodeIgniter->run()
